[2014-03-14 00:01:04] AssetsLoaderTest::testItImplementsSubscriber.INFO: PASSED [] []
[2014-03-14 00:01:04] AssetsLoaderTest::testAddPackageAppendsPackages.INFO: PASSED [] []
[2014-03-14 00:01:04] AssetsLoaderTest::testAddStylesMergeAddedWithExistingArray.INFO: PASSED [] []
[2014-03-14 00:01:04] AssetsLoaderTest::testAddScriptsMergeAddedWithExistingArray.INFO: PASSED [] []
[2014-03-14 00:01:04] AssetsLoaderTest::testItListensGoodEvents.INFO: PASSED [] []
[2014-03-14 00:01:04] AssetsLoaderTest::testItAddsThemesFiles.INFO: PASSED [] []
[2014-03-14 00:01:04] AssetsLoaderTest::testItAddsTemplateVariablesOnSetupTemplate.INFO: PASSED [] []
[2014-03-14 00:01:04] ExtensionTest::testFunctional.INFO: PASSED [] []
[2014-03-14 00:01:04] PackageLoaderTest::testItListensGoodEvents.INFO: PASSED [] []
[2014-03-14 00:01:04] PackageLoaderTest::testTwitterBootstrapPackageCanBeFound.INFO: PASSED [] []
[2014-03-14 00:01:04] PackageLoaderTest::testTestPackageCannotBeFound.INFO: PASSED [] []
[2014-03-14 00:01:04] PackageLoaderTest::testLoadIsFunctional.INFO: PASSED [] []
[2014-03-14 00:01:04] PackageLoaderTest::testItLoadsDependenciesOnActivatedTheme.INFO: PASSED [] []
[2014-03-14 00:01:04] PackageLoaderTest::testItThrowsExceptionOnUnknownPackage.INFO: PASSED [] []
[2014-03-14 00:02:52] AssetsLoaderTest::testItImplementsSubscriber.INFO: PASSED [] []
[2014-03-14 00:02:52] AssetsLoaderTest::testAddPackageAppendsPackages.INFO: PASSED [] []
[2014-03-14 00:02:52] AssetsLoaderTest::testAddStylesMergeAddedWithExistingArray.INFO: PASSED [] []
[2014-03-14 00:02:52] AssetsLoaderTest::testAddScriptsMergeAddedWithExistingArray.INFO: PASSED [] []
[2014-03-14 00:02:52] AssetsLoaderTest::testItListensGoodEvents.INFO: PASSED [] []
[2014-03-14 00:02:52] AssetsLoaderTest::testItAddsThemesFiles.INFO: PASSED [] []
[2014-03-14 00:02:52] AssetsLoaderTest::testItAddsTemplateVariablesOnSetupTemplate.INFO: PASSED [] []
[2014-03-14 00:02:52] ExtensionTest::testFunctional.INFO: PASSED [] []
[2014-03-14 00:02:52] PackageLoaderTest::testItListensGoodEvents.INFO: PASSED [] []
[2014-03-14 00:02:52] PackageLoaderTest::testTwitterBootstrapPackageCanBeFound.INFO: PASSED [] []
[2014-03-14 00:02:52] PackageLoaderTest::testTestPackageCannotBeFound.INFO: PASSED [] []
[2014-03-14 00:02:52] PackageLoaderTest::testLoadIsFunctional.INFO: PASSED [] []
[2014-03-14 00:02:52] PackageLoaderTest::testItLoadsDependenciesOnActivatedTheme.INFO: PASSED [] []
[2014-03-14 00:02:52] PackageLoaderTest::testItThrowsExceptionOnUnknownPackage.INFO: PASSED [] []
[2014-03-14 00:02:52] PackageLoaderTest::testItThrowsExceptionOnWrongVersion.ALERT: Failed asserting that exception message 'Theme cannot be loaded. Theme requires 'TwitterBootstrap' version '4'' contains 'Theme cannot be loaded. Theme requires 'TwitterBootstrap' version '4.0''. [] []
[2014-03-14 00:02:52] PackageLoaderTest::testItThrowsExceptionOnWrongVersion.INFO: # FAILED # [] []
[2014-03-14 00:02:52] PackageLoaderTest::testItThrowsExceptionOnWrongVersion.INFO: PASSED [] []
[2014-03-14 00:03:12] AssetsLoaderTest::testItImplementsSubscriber.INFO: PASSED [] []
[2014-03-14 00:03:12] AssetsLoaderTest::testAddPackageAppendsPackages.INFO: PASSED [] []
[2014-03-14 00:03:12] AssetsLoaderTest::testAddStylesMergeAddedWithExistingArray.INFO: PASSED [] []
[2014-03-14 00:03:12] AssetsLoaderTest::testAddScriptsMergeAddedWithExistingArray.INFO: PASSED [] []
[2014-03-14 00:03:12] AssetsLoaderTest::testItListensGoodEvents.INFO: PASSED [] []
[2014-03-14 00:03:12] AssetsLoaderTest::testItAddsThemesFiles.INFO: PASSED [] []
[2014-03-14 00:03:12] AssetsLoaderTest::testItAddsTemplateVariablesOnSetupTemplate.INFO: PASSED [] []
[2014-03-14 00:03:12] ExtensionTest::testFunctional.INFO: PASSED [] []
[2014-03-14 00:03:12] PackageLoaderTest::testItListensGoodEvents.INFO: PASSED [] []
[2014-03-14 00:03:12] PackageLoaderTest::testTwitterBootstrapPackageCanBeFound.INFO: PASSED [] []
[2014-03-14 00:03:12] PackageLoaderTest::testTestPackageCannotBeFound.INFO: PASSED [] []
[2014-03-14 00:03:12] PackageLoaderTest::testLoadIsFunctional.INFO: PASSED [] []
[2014-03-14 00:03:12] PackageLoaderTest::testItLoadsDependenciesOnActivatedTheme.INFO: PASSED [] []
[2014-03-14 00:03:12] PackageLoaderTest::testItThrowsExceptionOnUnknownPackage.INFO: PASSED [] []
[2014-03-14 00:03:12] PackageLoaderTest::testItThrowsExceptionOnWrongVersion.INFO: PASSED [] []
[2014-03-14 00:03:32] AssetsLoaderTest::testItImplementsSubscriber.INFO: PASSED [] []
[2014-03-14 00:03:32] AssetsLoaderTest::testAddPackageAppendsPackages.INFO: PASSED [] []
[2014-03-14 00:03:32] AssetsLoaderTest::testAddStylesMergeAddedWithExistingArray.INFO: PASSED [] []
[2014-03-14 00:03:32] AssetsLoaderTest::testAddScriptsMergeAddedWithExistingArray.INFO: PASSED [] []
[2014-03-14 00:03:32] AssetsLoaderTest::testItListensGoodEvents.INFO: PASSED [] []
[2014-03-14 00:03:32] AssetsLoaderTest::testItAddsThemesFiles.INFO: PASSED [] []
[2014-03-14 00:03:32] AssetsLoaderTest::testItAddsTemplateVariablesOnSetupTemplate.INFO: PASSED [] []
[2014-03-14 00:03:32] ExtensionTest::testFunctional.INFO: PASSED [] []
[2014-03-14 00:03:32] PackageLoaderTest::testItListensGoodEvents.INFO: PASSED [] []
[2014-03-14 00:03:32] PackageLoaderTest::testTwitterBootstrapPackageCanBeFound.INFO: PASSED [] []
[2014-03-14 00:03:32] PackageLoaderTest::testTestPackageCannotBeFound.INFO: PASSED [] []
[2014-03-14 00:03:33] PackageLoaderTest::testLoadIsFunctional.INFO: PASSED [] []
[2014-03-14 00:03:33] PackageLoaderTest::testItLoadsDependenciesOnActivatedTheme.INFO: PASSED [] []
[2014-03-14 00:03:33] PackageLoaderTest::testItThrowsExceptionOnUnknownPackage.INFO: PASSED [] []
[2014-03-14 00:03:33] PackageLoaderTest::testItThrowsExceptionOnWrongVersion.INFO: PASSED [] []
[2014-03-14 00:07:00] AssetsLoaderTest::testItImplementsSubscriber.INFO: PASSED [] []
[2014-03-14 00:07:00] AssetsLoaderTest::testAddPackageAppendsPackages.INFO: PASSED [] []
[2014-03-14 00:07:00] AssetsLoaderTest::testAddStylesMergeAddedWithExistingArray.INFO: PASSED [] []
[2014-03-14 00:07:00] AssetsLoaderTest::testAddScriptsMergeAddedWithExistingArray.INFO: PASSED [] []
[2014-03-14 00:07:00] AssetsLoaderTest::testItListensGoodEvents.INFO: PASSED [] []
[2014-03-14 00:07:00] AssetsLoaderTest::testItAddsThemesFiles.INFO: PASSED [] []
[2014-03-14 00:07:00] AssetsLoaderTest::testItAddsTemplateVariablesOnSetupTemplate.INFO: PASSED [] []
[2014-03-14 00:07:00] ExtensionTest::testFunctional.INFO: PASSED [] []
[2014-03-14 00:07:00] PackageLoaderTest::testItListensGoodEvents.ALERT: Argument 1 passed to AnnotateCms\Packages\Loaders\PackageLoader::__construct() must be an instance of AnnotateCms\Packages\Loaders\AssetsLoader, instance of PHPUnit_Framework_MockObject_Builder_InvocationMocker given, called in /home/michal/www/cms/vendor/annotatecms/packages/tests/unit/PackageLoaderTest.php on line 20 and defined [] []
[2014-03-14 00:07:00] PackageLoaderTest::testItListensGoodEvents.INFO: # ERROR # [] []
[2014-03-14 00:07:00] PackageLoaderTest::testItListensGoodEvents.INFO: PASSED [] []
[2014-03-14 00:07:00] PackageLoaderTest::testTwitterBootstrapPackageCanBeFound.ALERT: Argument 1 passed to AnnotateCms\Packages\Loaders\PackageLoader::__construct() must be an instance of AnnotateCms\Packages\Loaders\AssetsLoader, instance of PHPUnit_Framework_MockObject_Builder_InvocationMocker given, called in /home/michal/www/cms/vendor/annotatecms/packages/tests/unit/PackageLoaderTest.php on line 20 and defined [] []
[2014-03-14 00:07:00] PackageLoaderTest::testTwitterBootstrapPackageCanBeFound.INFO: # ERROR # [] []
[2014-03-14 00:07:00] PackageLoaderTest::testTwitterBootstrapPackageCanBeFound.INFO: PASSED [] []
[2014-03-14 00:07:00] PackageLoaderTest::testTestPackageCannotBeFound.ALERT: Argument 1 passed to AnnotateCms\Packages\Loaders\PackageLoader::__construct() must be an instance of AnnotateCms\Packages\Loaders\AssetsLoader, instance of PHPUnit_Framework_MockObject_Builder_InvocationMocker given, called in /home/michal/www/cms/vendor/annotatecms/packages/tests/unit/PackageLoaderTest.php on line 20 and defined [] []
[2014-03-14 00:07:00] PackageLoaderTest::testTestPackageCannotBeFound.INFO: # ERROR # [] []
[2014-03-14 00:07:00] PackageLoaderTest::testTestPackageCannotBeFound.INFO: PASSED [] []
[2014-03-14 00:07:00] PackageLoaderTest::testLoadIsFunctional.ALERT: Argument 1 passed to AnnotateCms\Packages\Loaders\PackageLoader::__construct() must be an instance of AnnotateCms\Packages\Loaders\AssetsLoader, instance of PHPUnit_Framework_MockObject_Builder_InvocationMocker given, called in /home/michal/www/cms/vendor/annotatecms/packages/tests/unit/PackageLoaderTest.php on line 20 and defined [] []
[2014-03-14 00:07:00] PackageLoaderTest::testLoadIsFunctional.INFO: # ERROR # [] []
[2014-03-14 00:07:00] PackageLoaderTest::testLoadIsFunctional.INFO: PASSED [] []
[2014-03-14 00:07:00] PackageLoaderTest::testItLoadsDependenciesOnActivatedTheme.ALERT: Argument 1 passed to AnnotateCms\Packages\Loaders\PackageLoader::__construct() must be an instance of AnnotateCms\Packages\Loaders\AssetsLoader, instance of PHPUnit_Framework_MockObject_Builder_InvocationMocker given, called in /home/michal/www/cms/vendor/annotatecms/packages/tests/unit/PackageLoaderTest.php on line 20 and defined [] []
[2014-03-14 00:07:00] PackageLoaderTest::testItLoadsDependenciesOnActivatedTheme.INFO: # ERROR # [] []
[2014-03-14 00:07:00] PackageLoaderTest::testItLoadsDependenciesOnActivatedTheme.INFO: PASSED [] []
[2014-03-14 00:07:00] PackageLoaderTest::testItThrowsExceptionOnUnknownPackage.ALERT: Argument 1 passed to AnnotateCms\Packages\Loaders\PackageLoader::__construct() must be an instance of AnnotateCms\Packages\Loaders\AssetsLoader, instance of PHPUnit_Framework_MockObject_Builder_InvocationMocker given, called in /home/michal/www/cms/vendor/annotatecms/packages/tests/unit/PackageLoaderTest.php on line 20 and defined [] []
[2014-03-14 00:07:00] PackageLoaderTest::testItThrowsExceptionOnUnknownPackage.INFO: # ERROR # [] []
[2014-03-14 00:07:00] PackageLoaderTest::testItThrowsExceptionOnUnknownPackage.INFO: PASSED [] []
[2014-03-14 00:07:00] PackageLoaderTest::testItThrowsExceptionOnWrongVersion.ALERT: Argument 1 passed to AnnotateCms\Packages\Loaders\PackageLoader::__construct() must be an instance of AnnotateCms\Packages\Loaders\AssetsLoader, instance of PHPUnit_Framework_MockObject_Builder_InvocationMocker given, called in /home/michal/www/cms/vendor/annotatecms/packages/tests/unit/PackageLoaderTest.php on line 20 and defined [] []
[2014-03-14 00:07:00] PackageLoaderTest::testItThrowsExceptionOnWrongVersion.INFO: # ERROR # [] []
[2014-03-14 00:07:00] PackageLoaderTest::testItThrowsExceptionOnWrongVersion.INFO: PASSED [] []
[2014-03-14 00:07:54] AssetsLoaderTest::testItImplementsSubscriber.INFO: PASSED [] []
[2014-03-14 00:07:54] AssetsLoaderTest::testAddPackageAppendsPackages.INFO: PASSED [] []
[2014-03-14 00:07:54] AssetsLoaderTest::testAddStylesMergeAddedWithExistingArray.INFO: PASSED [] []
[2014-03-14 00:07:54] AssetsLoaderTest::testAddScriptsMergeAddedWithExistingArray.INFO: PASSED [] []
[2014-03-14 00:07:54] AssetsLoaderTest::testItListensGoodEvents.INFO: PASSED [] []
[2014-03-14 00:07:54] AssetsLoaderTest::testItAddsThemesFiles.INFO: PASSED [] []
[2014-03-14 00:07:54] AssetsLoaderTest::testItAddsTemplateVariablesOnSetupTemplate.INFO: PASSED [] []
[2014-03-14 00:07:54] ExtensionTest::testFunctional.INFO: PASSED [] []
[2014-03-14 00:07:54] PackageLoaderTest::testItListensGoodEvents.INFO: PASSED [] []
[2014-03-14 00:07:54] PackageLoaderTest::testTwitterBootstrapPackageCanBeFound.INFO: PASSED [] []
[2014-03-14 00:07:54] PackageLoaderTest::testTestPackageCannotBeFound.INFO: PASSED [] []
[2014-03-14 00:07:54] PackageLoaderTest::testLoadIsFunctional.INFO: PASSED [] []
[2014-03-14 00:07:54] PackageLoaderTest::testItLoadsDependenciesOnActivatedTheme.INFO: PASSED [] []
[2014-03-14 00:07:54] PackageLoaderTest::testItThrowsExceptionOnUnknownPackage.INFO: PASSED [] []
[2014-03-14 00:07:54] PackageLoaderTest::testItThrowsExceptionOnWrongVersion.INFO: PASSED [] []
[2014-03-14 00:08:12] AssetsLoaderTest::testItImplementsSubscriber.INFO: PASSED [] []
[2014-03-14 00:08:12] AssetsLoaderTest::testAddPackageAppendsPackages.INFO: PASSED [] []
[2014-03-14 00:08:12] AssetsLoaderTest::testAddStylesMergeAddedWithExistingArray.INFO: PASSED [] []
[2014-03-14 00:08:12] AssetsLoaderTest::testAddScriptsMergeAddedWithExistingArray.INFO: PASSED [] []
[2014-03-14 00:08:12] AssetsLoaderTest::testItListensGoodEvents.INFO: PASSED [] []
[2014-03-14 00:08:12] AssetsLoaderTest::testItAddsThemesFiles.INFO: PASSED [] []
[2014-03-14 00:08:12] AssetsLoaderTest::testItAddsTemplateVariablesOnSetupTemplate.INFO: PASSED [] []
[2014-03-14 00:08:12] ExtensionTest::testFunctional.INFO: PASSED [] []
[2014-03-14 00:08:12] PackageLoaderTest::testItListensGoodEvents.ALERT: Method name matcher is already defined, cannot redefine [] []
[2014-03-14 00:08:12] PackageLoaderTest::testItListensGoodEvents.INFO: # ERROR # [] []
[2014-03-14 00:08:12] PackageLoaderTest::testItListensGoodEvents.INFO: PASSED [] []
[2014-03-14 00:08:12] PackageLoaderTest::testTwitterBootstrapPackageCanBeFound.ALERT: Method name matcher is already defined, cannot redefine [] []
[2014-03-14 00:08:12] PackageLoaderTest::testTwitterBootstrapPackageCanBeFound.INFO: # ERROR # [] []
[2014-03-14 00:08:12] PackageLoaderTest::testTwitterBootstrapPackageCanBeFound.INFO: PASSED [] []
[2014-03-14 00:08:12] PackageLoaderTest::testTestPackageCannotBeFound.ALERT: Method name matcher is already defined, cannot redefine [] []
[2014-03-14 00:08:12] PackageLoaderTest::testTestPackageCannotBeFound.INFO: # ERROR # [] []
[2014-03-14 00:08:12] PackageLoaderTest::testTestPackageCannotBeFound.INFO: PASSED [] []
[2014-03-14 00:08:12] PackageLoaderTest::testLoadIsFunctional.ALERT: Method name matcher is already defined, cannot redefine [] []
[2014-03-14 00:08:12] PackageLoaderTest::testLoadIsFunctional.INFO: # ERROR # [] []
[2014-03-14 00:08:12] PackageLoaderTest::testLoadIsFunctional.INFO: PASSED [] []
[2014-03-14 00:08:12] PackageLoaderTest::testItLoadsDependenciesOnActivatedTheme.ALERT: Method name matcher is already defined, cannot redefine [] []
[2014-03-14 00:08:12] PackageLoaderTest::testItLoadsDependenciesOnActivatedTheme.INFO: # ERROR # [] []
[2014-03-14 00:08:12] PackageLoaderTest::testItLoadsDependenciesOnActivatedTheme.INFO: PASSED [] []
[2014-03-14 00:08:12] PackageLoaderTest::testItThrowsExceptionOnUnknownPackage.ALERT: Method name matcher is already defined, cannot redefine [] []
[2014-03-14 00:08:12] PackageLoaderTest::testItThrowsExceptionOnUnknownPackage.INFO: # ERROR # [] []
[2014-03-14 00:08:12] PackageLoaderTest::testItThrowsExceptionOnUnknownPackage.INFO: PASSED [] []
[2014-03-14 00:08:12] PackageLoaderTest::testItThrowsExceptionOnWrongVersion.ALERT: Method name matcher is already defined, cannot redefine [] []
[2014-03-14 00:08:12] PackageLoaderTest::testItThrowsExceptionOnWrongVersion.INFO: # ERROR # [] []
[2014-03-14 00:08:12] PackageLoaderTest::testItThrowsExceptionOnWrongVersion.INFO: PASSED [] []
[2014-03-14 00:08:43] AssetsLoaderTest::testItImplementsSubscriber.INFO: PASSED [] []
[2014-03-14 00:08:43] AssetsLoaderTest::testAddPackageAppendsPackages.INFO: PASSED [] []
[2014-03-14 00:08:43] AssetsLoaderTest::testAddStylesMergeAddedWithExistingArray.INFO: PASSED [] []
[2014-03-14 00:08:43] AssetsLoaderTest::testAddScriptsMergeAddedWithExistingArray.INFO: PASSED [] []
[2014-03-14 00:08:43] AssetsLoaderTest::testItListensGoodEvents.INFO: PASSED [] []
[2014-03-14 00:08:43] AssetsLoaderTest::testItAddsThemesFiles.INFO: PASSED [] []
[2014-03-14 00:08:43] AssetsLoaderTest::testItAddsTemplateVariablesOnSetupTemplate.INFO: PASSED [] []
[2014-03-14 00:08:43] ExtensionTest::testFunctional.INFO: PASSED [] []
[2014-03-14 00:08:43] PackageLoaderTest::testItListensGoodEvents.ALERT: Expectation failed for method name is equal to <string:addStyles> when invoked at least once.
Expected invocation at least once but it never occured. [] []
[2014-03-14 00:08:43] PackageLoaderTest::testItListensGoodEvents.INFO: # FAILED # [] []
[2014-03-14 00:08:43] PackageLoaderTest::testItListensGoodEvents.INFO: PASSED [] []
[2014-03-14 00:08:43] PackageLoaderTest::testTwitterBootstrapPackageCanBeFound.ALERT: Expectation failed for method name is equal to <string:addStyles> when invoked at least once.
Expected invocation at least once but it never occured. [] []
[2014-03-14 00:08:43] PackageLoaderTest::testTwitterBootstrapPackageCanBeFound.INFO: # FAILED # [] []
[2014-03-14 00:08:43] PackageLoaderTest::testTwitterBootstrapPackageCanBeFound.INFO: PASSED [] []
[2014-03-14 00:08:43] PackageLoaderTest::testTestPackageCannotBeFound.ALERT: Expectation failed for method name is equal to <string:addStyles> when invoked at least once.
Expected invocation at least once but it never occured. [] []
[2014-03-14 00:08:43] PackageLoaderTest::testTestPackageCannotBeFound.INFO: # FAILED # [] []
[2014-03-14 00:08:43] PackageLoaderTest::testTestPackageCannotBeFound.INFO: PASSED [] []
[2014-03-14 00:08:43] PackageLoaderTest::testLoadIsFunctional.ALERT: Expectation failed for method name is equal to <string:addStyles> when invoked at least once.
Expected invocation at least once but it never occured. [] []
[2014-03-14 00:08:43] PackageLoaderTest::testLoadIsFunctional.INFO: # FAILED # [] []
[2014-03-14 00:08:43] PackageLoaderTest::testLoadIsFunctional.INFO: PASSED [] []
[2014-03-14 00:08:43] PackageLoaderTest::testItLoadsDependenciesOnActivatedTheme.INFO: PASSED [] []
[2014-03-14 00:08:43] PackageLoaderTest::testItThrowsExceptionOnUnknownPackage.ALERT: Expectation failed for method name is equal to <string:addStyles> when invoked at least once.
Expected invocation at least once but it never occured. [] []
[2014-03-14 00:08:43] PackageLoaderTest::testItThrowsExceptionOnUnknownPackage.INFO: # FAILED # [] []
[2014-03-14 00:08:43] PackageLoaderTest::testItThrowsExceptionOnUnknownPackage.INFO: PASSED [] []
[2014-03-14 00:08:43] PackageLoaderTest::testItThrowsExceptionOnWrongVersion.ALERT: Expectation failed for method name is equal to <string:addStyles> when invoked at least once.
Expected invocation at least once but it never occured. [] []
[2014-03-14 00:08:43] PackageLoaderTest::testItThrowsExceptionOnWrongVersion.INFO: # FAILED # [] []
[2014-03-14 00:08:43] PackageLoaderTest::testItThrowsExceptionOnWrongVersion.INFO: PASSED [] []
[2014-03-14 00:10:05] AssetsLoaderTest::testItImplementsSubscriber.INFO: PASSED [] []
[2014-03-14 00:10:05] AssetsLoaderTest::testAddPackageAppendsPackages.INFO: PASSED [] []
[2014-03-14 00:10:05] AssetsLoaderTest::testAddStylesMergeAddedWithExistingArray.INFO: PASSED [] []
[2014-03-14 00:10:05] AssetsLoaderTest::testAddScriptsMergeAddedWithExistingArray.INFO: PASSED [] []
[2014-03-14 00:10:05] AssetsLoaderTest::testItListensGoodEvents.INFO: PASSED [] []
[2014-03-14 00:10:05] AssetsLoaderTest::testItAddsThemesFiles.INFO: PASSED [] []
[2014-03-14 00:10:05] AssetsLoaderTest::testItAddsTemplateVariablesOnSetupTemplate.INFO: PASSED [] []
[2014-03-14 00:10:05] ExtensionTest::testFunctional.INFO: PASSED [] []
[2014-03-14 00:10:05] PackageLoaderTest::testItListensGoodEvents.INFO: PASSED [] []
[2014-03-14 00:10:05] PackageLoaderTest::testTwitterBootstrapPackageCanBeFound.INFO: PASSED [] []
[2014-03-14 00:10:05] PackageLoaderTest::testTestPackageCannotBeFound.INFO: PASSED [] []
[2014-03-14 00:10:05] PackageLoaderTest::testLoadIsFunctional.INFO: PASSED [] []
[2014-03-14 00:10:05] PackageLoaderTest::testItLoadsDependenciesOnActivatedTheme.INFO: PASSED [] []
[2014-03-14 00:10:05] PackageLoaderTest::testItThrowsExceptionOnUnknownPackage.INFO: PASSED [] []
[2014-03-14 00:10:05] PackageLoaderTest::testItThrowsExceptionOnWrongVersion.INFO: PASSED [] []
[2014-03-14 00:10:11] AssetsLoaderTest::testItImplementsSubscriber.INFO: PASSED [] []
[2014-03-14 00:10:11] AssetsLoaderTest::testAddPackageAppendsPackages.INFO: PASSED [] []
[2014-03-14 00:10:11] AssetsLoaderTest::testAddStylesMergeAddedWithExistingArray.INFO: PASSED [] []
[2014-03-14 00:10:12] AssetsLoaderTest::testAddScriptsMergeAddedWithExistingArray.INFO: PASSED [] []
[2014-03-14 00:10:12] AssetsLoaderTest::testItListensGoodEvents.INFO: PASSED [] []
[2014-03-14 00:10:12] AssetsLoaderTest::testItAddsThemesFiles.INFO: PASSED [] []
[2014-03-14 00:10:12] AssetsLoaderTest::testItAddsTemplateVariablesOnSetupTemplate.INFO: PASSED [] []
[2014-03-14 00:10:12] ExtensionTest::testFunctional.INFO: PASSED [] []
[2014-03-14 00:10:12] PackageLoaderTest::testItListensGoodEvents.INFO: PASSED [] []
[2014-03-14 00:10:12] PackageLoaderTest::testTwitterBootstrapPackageCanBeFound.INFO: PASSED [] []
[2014-03-14 00:10:12] PackageLoaderTest::testTestPackageCannotBeFound.INFO: PASSED [] []
[2014-03-14 00:10:12] PackageLoaderTest::testLoadIsFunctional.INFO: PASSED [] []
[2014-03-14 00:10:12] PackageLoaderTest::testItLoadsDependenciesOnActivatedTheme.ALERT: Expectation failed for method name is equal to <string:addScripts> when invoked 3 time(s).
Method was expected to be called 3 times, actually called 2 times. [] []
[2014-03-14 00:10:12] PackageLoaderTest::testItLoadsDependenciesOnActivatedTheme.INFO: # FAILED # [] []
[2014-03-14 00:10:12] PackageLoaderTest::testItLoadsDependenciesOnActivatedTheme.INFO: PASSED [] []
[2014-03-14 00:10:12] PackageLoaderTest::testItThrowsExceptionOnUnknownPackage.INFO: PASSED [] []
[2014-03-14 00:10:12] PackageLoaderTest::testItThrowsExceptionOnWrongVersion.INFO: PASSED [] []
[2014-03-14 00:10:32] AssetsLoaderTest::testItImplementsSubscriber.INFO: PASSED [] []
[2014-03-14 00:10:32] AssetsLoaderTest::testAddPackageAppendsPackages.INFO: PASSED [] []
[2014-03-14 00:10:32] AssetsLoaderTest::testAddStylesMergeAddedWithExistingArray.INFO: PASSED [] []
[2014-03-14 00:10:32] AssetsLoaderTest::testAddScriptsMergeAddedWithExistingArray.INFO: PASSED [] []
[2014-03-14 00:10:32] AssetsLoaderTest::testItListensGoodEvents.INFO: PASSED [] []
[2014-03-14 00:10:32] AssetsLoaderTest::testItAddsThemesFiles.INFO: PASSED [] []
[2014-03-14 00:10:32] AssetsLoaderTest::testItAddsTemplateVariablesOnSetupTemplate.INFO: PASSED [] []
[2014-03-14 00:10:33] ExtensionTest::testFunctional.INFO: PASSED [] []
[2014-03-14 00:10:33] PackageLoaderTest::testItListensGoodEvents.INFO: PASSED [] []
[2014-03-14 00:10:33] PackageLoaderTest::testTwitterBootstrapPackageCanBeFound.INFO: PASSED [] []
[2014-03-14 00:10:33] PackageLoaderTest::testTestPackageCannotBeFound.INFO: PASSED [] []
[2014-03-14 00:10:33] PackageLoaderTest::testLoadIsFunctional.INFO: PASSED [] []
[2014-03-14 00:10:33] PackageLoaderTest::testItLoadsDependenciesOnActivatedTheme.ALERT: Expectation failed for method name is equal to <string:addStyles> when invoked 2 time(s).
Method was expected to be called 2 times, actually called 1 times. [] []
[2014-03-14 00:10:33] PackageLoaderTest::testItLoadsDependenciesOnActivatedTheme.INFO: # FAILED # [] []
[2014-03-14 00:10:33] PackageLoaderTest::testItLoadsDependenciesOnActivatedTheme.INFO: PASSED [] []
[2014-03-14 00:10:33] PackageLoaderTest::testItThrowsExceptionOnUnknownPackage.INFO: PASSED [] []
[2014-03-14 00:10:33] PackageLoaderTest::testItThrowsExceptionOnWrongVersion.INFO: PASSED [] []
[2014-03-14 00:11:27] AssetsLoaderTest::testItImplementsSubscriber.INFO: PASSED [] []
[2014-03-14 00:11:27] AssetsLoaderTest::testAddPackageAppendsPackages.INFO: PASSED [] []
[2014-03-14 00:11:27] AssetsLoaderTest::testAddStylesMergeAddedWithExistingArray.INFO: PASSED [] []
[2014-03-14 00:11:27] AssetsLoaderTest::testAddScriptsMergeAddedWithExistingArray.INFO: PASSED [] []
[2014-03-14 00:11:27] AssetsLoaderTest::testItListensGoodEvents.INFO: PASSED [] []
[2014-03-14 00:11:27] AssetsLoaderTest::testItAddsThemesFiles.INFO: PASSED [] []
[2014-03-14 00:11:27] AssetsLoaderTest::testItAddsTemplateVariablesOnSetupTemplate.INFO: PASSED [] []
[2014-03-14 00:11:27] ExtensionTest::testFunctional.INFO: PASSED [] []
[2014-03-14 00:11:27] PackageLoaderTest::testItListensGoodEvents.INFO: PASSED [] []
[2014-03-14 00:11:27] PackageLoaderTest::testTwitterBootstrapPackageCanBeFound.INFO: PASSED [] []
[2014-03-14 00:11:27] PackageLoaderTest::testTestPackageCannotBeFound.INFO: PASSED [] []
[2014-03-14 00:11:27] PackageLoaderTest::testLoadIsFunctional.INFO: PASSED [] []
[2014-03-14 00:11:27] PackageLoaderTest::testItLoadsDependenciesOnActivatedTheme.INFO: PASSED [] []
[2014-03-14 00:11:27] PackageLoaderTest::testItThrowsExceptionOnUnknownPackage.INFO: PASSED [] []
[2014-03-14 00:11:27] PackageLoaderTest::testItThrowsExceptionOnWrongVersion.INFO: PASSED [] []
[2014-03-14 00:11:45] AssetsLoaderTest::testItImplementsSubscriber.INFO: PASSED [] []
[2014-03-14 00:11:45] AssetsLoaderTest::testAddPackageAppendsPackages.INFO: PASSED [] []
[2014-03-14 00:11:45] AssetsLoaderTest::testAddStylesMergeAddedWithExistingArray.INFO: PASSED [] []
[2014-03-14 00:11:45] AssetsLoaderTest::testAddScriptsMergeAddedWithExistingArray.INFO: PASSED [] []
[2014-03-14 00:11:45] AssetsLoaderTest::testItListensGoodEvents.INFO: PASSED [] []
[2014-03-14 00:11:45] AssetsLoaderTest::testItAddsThemesFiles.INFO: PASSED [] []
[2014-03-14 00:11:45] AssetsLoaderTest::testItAddsTemplateVariablesOnSetupTemplate.INFO: PASSED [] []
[2014-03-14 00:11:45] ExtensionTest::testFunctional.INFO: PASSED [] []
[2014-03-14 00:11:45] PackageLoaderTest::testItListensGoodEvents.INFO: PASSED [] []
[2014-03-14 00:11:45] PackageLoaderTest::testTwitterBootstrapPackageCanBeFound.INFO: PASSED [] []
[2014-03-14 00:11:45] PackageLoaderTest::testTestPackageCannotBeFound.INFO: PASSED [] []
[2014-03-14 00:11:45] PackageLoaderTest::testLoadIsFunctional.INFO: PASSED [] []
[2014-03-14 00:11:45] PackageLoaderTest::testItLoadsDependenciesOnActivatedTheme.INFO: PASSED [] []
[2014-03-14 00:11:45] PackageLoaderTest::testItThrowsExceptionOnUnknownPackage.INFO: PASSED [] []
[2014-03-14 00:11:45] PackageLoaderTest::testItThrowsExceptionOnWrongVersion.INFO: PASSED [] []
[2014-03-14 00:13:11] AssetsLoaderTest::testItImplementsSubscriber.INFO: PASSED [] []
[2014-03-14 00:13:11] AssetsLoaderTest::testAddPackageAppendsPackages.INFO: PASSED [] []
[2014-03-14 00:13:11] AssetsLoaderTest::testAddStylesMergeAddedWithExistingArray.INFO: PASSED [] []
[2014-03-14 00:13:11] AssetsLoaderTest::testAddScriptsMergeAddedWithExistingArray.INFO: PASSED [] []
[2014-03-14 00:13:11] AssetsLoaderTest::testItListensGoodEvents.INFO: PASSED [] []
[2014-03-14 00:13:11] AssetsLoaderTest::testItAddsThemesFiles.INFO: PASSED [] []
[2014-03-14 00:13:11] AssetsLoaderTest::testItAddsTemplateVariablesOnSetupTemplate.INFO: PASSED [] []
[2014-03-14 00:13:11] ExtensionTest::testFunctional.INFO: PASSED [] []
[2014-03-14 00:13:11] PackageLoaderTest::testItListensGoodEvents.INFO: PASSED [] []
[2014-03-14 00:13:11] PackageLoaderTest::testTwitterBootstrapPackageCanBeFound.INFO: PASSED [] []
[2014-03-14 00:13:11] PackageLoaderTest::testTestPackageCannotBeFound.INFO: PASSED [] []
[2014-03-14 00:13:11] PackageLoaderTest::testLoadIsFunctional.INFO: PASSED [] []
[2014-03-14 00:13:11] PackageLoaderTest::testItLoadsDependenciesOnActivatedTheme.INFO: PASSED [] []
[2014-03-14 00:13:11] PackageLoaderTest::testItThrowsExceptionOnUnknownPackage.INFO: PASSED [] []
[2014-03-14 00:13:11] PackageLoaderTest::testItThrowsExceptionOnWrongVersion.INFO: PASSED [] []
[2014-03-14 00:13:11] PackageLoaderTest::testGetPackageThrowsExceptionOnUnknownPackage.INFO: PASSED [] []
[2014-03-14 00:14:03] AssetsLoaderTest::testItImplementsSubscriber.INFO: PASSED [] []
[2014-03-14 00:14:03] AssetsLoaderTest::testAddPackageAppendsPackages.INFO: PASSED [] []
[2014-03-14 00:14:03] AssetsLoaderTest::testAddStylesMergeAddedWithExistingArray.INFO: PASSED [] []
[2014-03-14 00:14:03] AssetsLoaderTest::testAddScriptsMergeAddedWithExistingArray.INFO: PASSED [] []
[2014-03-14 00:14:03] AssetsLoaderTest::testItListensGoodEvents.INFO: PASSED [] []
[2014-03-14 00:14:03] AssetsLoaderTest::testItAddsThemesFiles.INFO: PASSED [] []
[2014-03-14 00:14:03] AssetsLoaderTest::testItAddsTemplateVariablesOnSetupTemplate.INFO: PASSED [] []
[2014-03-14 00:14:03] ExtensionTest::testFunctional.INFO: PASSED [] []
[2014-03-14 00:14:03] PackageLoaderTest::testItListensGoodEvents.INFO: PASSED [] []
[2014-03-14 00:14:03] PackageLoaderTest::testTwitterBootstrapPackageCanBeFound.INFO: PASSED [] []
[2014-03-14 00:14:03] PackageLoaderTest::testTestPackageCannotBeFound.INFO: PASSED [] []
[2014-03-14 00:14:03] PackageLoaderTest::testLoadIsFunctional.INFO: PASSED [] []
[2014-03-14 00:14:03] PackageLoaderTest::testItLoadsDependenciesOnActivatedTheme.INFO: PASSED [] []
[2014-03-14 00:14:03] PackageLoaderTest::testItThrowsExceptionOnUnknownPackage.INFO: PASSED [] []
[2014-03-14 00:14:03] PackageLoaderTest::testItThrowsExceptionOnWrongVersion.INFO: PASSED [] []
[2014-03-14 00:14:03] PackageLoaderTest::testGetPackageThrowsExceptionOnUnknownPackage.INFO: PASSED [] []
[2014-03-14 00:14:03] PackageLoaderTest::testGetPackageThrowsExceptionOnUnknownVariant.ALERT: Package 'jQuery' does not have variant 'someVariant' [] []
[2014-03-14 00:14:03] PackageLoaderTest::testGetPackageThrowsExceptionOnUnknownVariant.INFO: # ERROR # [] []
[2014-03-14 00:14:03] PackageLoaderTest::testGetPackageThrowsExceptionOnUnknownVariant.INFO: PASSED [] []
[2014-03-14 00:14:22] AssetsLoaderTest::testItImplementsSubscriber.INFO: PASSED [] []
[2014-03-14 00:14:22] AssetsLoaderTest::testAddPackageAppendsPackages.INFO: PASSED [] []
[2014-03-14 00:14:22] AssetsLoaderTest::testAddStylesMergeAddedWithExistingArray.INFO: PASSED [] []
[2014-03-14 00:14:22] AssetsLoaderTest::testAddScriptsMergeAddedWithExistingArray.INFO: PASSED [] []
[2014-03-14 00:14:22] AssetsLoaderTest::testItListensGoodEvents.INFO: PASSED [] []
[2014-03-14 00:14:22] AssetsLoaderTest::testItAddsThemesFiles.INFO: PASSED [] []
[2014-03-14 00:14:22] AssetsLoaderTest::testItAddsTemplateVariablesOnSetupTemplate.INFO: PASSED [] []
[2014-03-14 00:14:22] ExtensionTest::testFunctional.INFO: PASSED [] []
[2014-03-14 00:14:22] PackageLoaderTest::testItListensGoodEvents.INFO: PASSED [] []
[2014-03-14 00:14:22] PackageLoaderTest::testTwitterBootstrapPackageCanBeFound.INFO: PASSED [] []
[2014-03-14 00:14:22] PackageLoaderTest::testTestPackageCannotBeFound.INFO: PASSED [] []
[2014-03-14 00:14:22] PackageLoaderTest::testLoadIsFunctional.INFO: PASSED [] []
[2014-03-14 00:14:22] PackageLoaderTest::testItLoadsDependenciesOnActivatedTheme.INFO: PASSED [] []
[2014-03-14 00:14:22] PackageLoaderTest::testItThrowsExceptionOnUnknownPackage.INFO: PASSED [] []
[2014-03-14 00:14:22] PackageLoaderTest::testItThrowsExceptionOnWrongVersion.INFO: PASSED [] []
[2014-03-14 00:14:22] PackageLoaderTest::testGetPackageThrowsExceptionOnUnknownPackage.INFO: PASSED [] []
[2014-03-14 00:14:22] PackageLoaderTest::testGetPackageThrowsExceptionOnUnknownVariant.INFO: PASSED [] []
[2014-03-14 00:15:21] AssetsLoaderTest::testItImplementsSubscriber.INFO: PASSED [] []
[2014-03-14 00:15:21] AssetsLoaderTest::testAddPackageAppendsPackages.INFO: PASSED [] []
[2014-03-14 00:15:21] AssetsLoaderTest::testAddStylesMergeAddedWithExistingArray.INFO: PASSED [] []
[2014-03-14 00:15:21] AssetsLoaderTest::testAddScriptsMergeAddedWithExistingArray.INFO: PASSED [] []
[2014-03-14 00:15:21] AssetsLoaderTest::testItListensGoodEvents.INFO: PASSED [] []
[2014-03-14 00:15:21] AssetsLoaderTest::testItAddsThemesFiles.INFO: PASSED [] []
[2014-03-14 00:15:21] AssetsLoaderTest::testItAddsTemplateVariablesOnSetupTemplate.INFO: PASSED [] []
[2014-03-14 00:15:21] ExtensionTest::testFunctional.INFO: PASSED [] []
[2014-03-14 00:15:21] PackageLoaderTest::testItListensGoodEvents.INFO: PASSED [] []
[2014-03-14 00:15:21] PackageLoaderTest::testTwitterBootstrapPackageCanBeFound.INFO: PASSED [] []
[2014-03-14 00:15:21] PackageLoaderTest::testTestPackageCannotBeFound.INFO: PASSED [] []
[2014-03-14 00:15:21] PackageLoaderTest::testLoadIsFunctional.INFO: PASSED [] []
[2014-03-14 00:15:21] PackageLoaderTest::testItLoadsDependenciesOnActivatedTheme.INFO: PASSED [] []
[2014-03-14 00:15:21] PackageLoaderTest::testItThrowsExceptionOnUnknownPackage.INFO: PASSED [] []
[2014-03-14 00:15:21] PackageLoaderTest::testItThrowsExceptionOnWrongVersion.INFO: PASSED [] []
[2014-03-14 00:15:21] PackageLoaderTest::testGetPackageThrowsExceptionOnUnknownPackage.INFO: PASSED [] []
[2014-03-14 00:15:21] PackageLoaderTest::testGetPackageThrowsExceptionOnUnknownVariant.INFO: PASSED [] []
[2014-03-14 00:15:21] PackageLoaderTest::testGetPackageThrownExceptionOnBadVersion.INFO: PASSED [] []
[2014-03-14 00:18:25] AssetsLoaderTest::testItImplementsSubscriber.INFO: PASSED [] []
[2014-03-14 00:18:25] AssetsLoaderTest::testAddPackageAppendsPackages.INFO: PASSED [] []
[2014-03-14 00:18:25] AssetsLoaderTest::testAddStylesMergeAddedWithExistingArray.INFO: PASSED [] []
[2014-03-14 00:18:25] AssetsLoaderTest::testAddScriptsMergeAddedWithExistingArray.INFO: PASSED [] []
[2014-03-14 00:18:25] AssetsLoaderTest::testItListensGoodEvents.INFO: PASSED [] []
[2014-03-14 00:18:25] AssetsLoaderTest::testItAddsThemesFiles.INFO: PASSED [] []
[2014-03-14 00:18:25] AssetsLoaderTest::testItAddsTemplateVariablesOnSetupTemplate.INFO: PASSED [] []
[2014-03-14 00:18:25] ExtensionTest::testFunctional.INFO: PASSED [] []
[2014-03-14 00:18:25] PackageLoaderTest::testItListensGoodEvents.INFO: PASSED [] []
[2014-03-14 00:18:25] PackageLoaderTest::testTwitterBootstrapPackageCanBeFound.INFO: PASSED [] []
[2014-03-14 00:18:25] PackageLoaderTest::testTestPackageCannotBeFound.INFO: PASSED [] []
[2014-03-14 00:18:25] PackageLoaderTest::testLoadIsFunctional.INFO: PASSED [] []
[2014-03-14 00:18:25] PackageLoaderTest::testItLoadsDependenciesOnActivatedTheme.INFO: PASSED [] []
[2014-03-14 00:18:25] PackageLoaderTest::testItThrowsExceptionOnUnknownPackage.INFO: PASSED [] []
[2014-03-14 00:18:25] PackageLoaderTest::testItThrowsExceptionOnWrongVersion.INFO: PASSED [] []
[2014-03-14 00:18:25] PackageLoaderTest::testGetPackageThrowsExceptionOnUnknownPackage.INFO: PASSED [] []
[2014-03-14 00:18:25] PackageLoaderTest::testGetPackageThrowsExceptionOnUnknownVariant.INFO: PASSED [] []
[2014-03-14 00:18:25] PackageLoaderTest::testGetPackageThrownExceptionOnBadVersion.INFO: PASSED [] []
[2014-03-14 00:18:25] PackageLoaderTest::testLoadPackageLoadsPackageAssets.INFO: PASSED [] []
[2014-03-14 00:22:33] AssetsLoaderTest::testItImplementsSubscriber.INFO: PASSED [] []
[2014-03-14 00:22:33] AssetsLoaderTest::testAddPackageAppendsPackages.INFO: PASSED [] []
[2014-03-14 00:22:33] AssetsLoaderTest::testAddStylesMergeAddedWithExistingArray.INFO: PASSED [] []
[2014-03-14 00:22:33] AssetsLoaderTest::testAddScriptsMergeAddedWithExistingArray.INFO: PASSED [] []
[2014-03-14 00:22:33] AssetsLoaderTest::testItListensGoodEvents.INFO: PASSED [] []
[2014-03-14 00:22:33] AssetsLoaderTest::testItAddsThemesFiles.INFO: PASSED [] []
[2014-03-14 00:22:33] AssetsLoaderTest::testItAddsTemplateVariablesOnSetupTemplate.INFO: PASSED [] []
[2014-03-14 00:22:33] ExtensionTest::testFunctional.INFO: PASSED [] []
[2014-03-14 00:22:33] PackageLoaderTest::testItListensGoodEvents.INFO: PASSED [] []
[2014-03-14 00:22:33] PackageLoaderTest::testTwitterBootstrapPackageCanBeFound.INFO: PASSED [] []
[2014-03-14 00:22:33] PackageLoaderTest::testTestPackageCannotBeFound.INFO: PASSED [] []
[2014-03-14 00:22:33] PackageLoaderTest::testLoadIsFunctional.INFO: PASSED [] []
[2014-03-14 00:22:33] PackageLoaderTest::testItLoadsDependenciesOnActivatedTheme.INFO: PASSED [] []
[2014-03-14 00:22:33] PackageLoaderTest::testItThrowsExceptionOnUnknownPackage.INFO: PASSED [] []
[2014-03-14 00:22:33] PackageLoaderTest::testItThrowsExceptionOnWrongVersion.INFO: PASSED [] []
[2014-03-14 00:22:33] PackageLoaderTest::testGetPackageThrowsExceptionOnUnknownPackage.INFO: PASSED [] []
[2014-03-14 00:22:33] PackageLoaderTest::testGetPackageThrowsExceptionOnUnknownVariant.INFO: PASSED [] []
[2014-03-14 00:22:33] PackageLoaderTest::testGetPackageThrownExceptionOnBadVersion.INFO: PASSED [] []
[2014-03-14 00:22:33] PackageLoaderTest::testLoadPackageLoadsPackageAssets.INFO: PASSED [] []
[2014-03-14 00:22:33] PackageLoaderTest::testItSkipsCheckedTheme.INFO: PASSED [] []
[2014-03-14 00:23:30] AssetsLoaderTest::testItImplementsSubscriber.INFO: PASSED [] []
[2014-03-14 00:23:30] AssetsLoaderTest::testAddPackageAppendsPackages.INFO: PASSED [] []
[2014-03-14 00:23:30] AssetsLoaderTest::testAddStylesMergeAddedWithExistingArray.INFO: PASSED [] []
[2014-03-14 00:23:30] AssetsLoaderTest::testAddScriptsMergeAddedWithExistingArray.INFO: PASSED [] []
[2014-03-14 00:23:30] AssetsLoaderTest::testItListensGoodEvents.INFO: PASSED [] []
[2014-03-14 00:23:30] AssetsLoaderTest::testItAddsThemesFiles.INFO: PASSED [] []
[2014-03-14 00:23:30] AssetsLoaderTest::testItAddsTemplateVariablesOnSetupTemplate.INFO: PASSED [] []
[2014-03-14 00:23:30] ExtensionTest::testFunctional.INFO: PASSED [] []
[2014-03-14 00:23:30] PackageLoaderTest::testItListensGoodEvents.INFO: PASSED [] []
[2014-03-14 00:23:30] PackageLoaderTest::testTwitterBootstrapPackageCanBeFound.INFO: PASSED [] []
[2014-03-14 00:23:30] PackageLoaderTest::testTestPackageCannotBeFound.INFO: PASSED [] []
[2014-03-14 00:23:30] PackageLoaderTest::testLoadIsFunctional.INFO: PASSED [] []
[2014-03-14 00:23:30] PackageLoaderTest::testItLoadsDependenciesOnActivatedTheme.INFO: PASSED [] []
[2014-03-14 00:23:30] PackageLoaderTest::testItThrowsExceptionOnUnknownPackage.INFO: PASSED [] []
[2014-03-14 00:23:30] PackageLoaderTest::testItThrowsExceptionOnWrongVersion.INFO: PASSED [] []
[2014-03-14 00:23:30] PackageLoaderTest::testGetPackageThrowsExceptionOnUnknownPackage.INFO: PASSED [] []
[2014-03-14 00:23:30] PackageLoaderTest::testGetPackageThrowsExceptionOnUnknownVariant.INFO: PASSED [] []
[2014-03-14 00:23:30] PackageLoaderTest::testGetPackageThrownExceptionOnBadVersion.INFO: PASSED [] []
[2014-03-14 00:23:30] PackageLoaderTest::testLoadPackageLoadsPackageAssets.INFO: PASSED [] []
[2014-03-14 00:23:30] PackageLoaderTest::testItSkipsCheckedTheme.INFO: PASSED [] []
[2014-03-14 00:23:30] PackageLoaderTest::testItSkipsLoadingIfThemeHasNotAnyDependencies.INFO: PASSED [] []
[2014-03-14 00:25:21] AssetsLoaderTest::testItImplementsSubscriber.INFO: PASSED [] []
[2014-03-14 00:25:21] AssetsLoaderTest::testAddPackageAppendsPackages.INFO: PASSED [] []
[2014-03-14 00:25:21] AssetsLoaderTest::testAddStylesMergeAddedWithExistingArray.INFO: PASSED [] []
[2014-03-14 00:25:21] AssetsLoaderTest::testAddScriptsMergeAddedWithExistingArray.INFO: PASSED [] []
[2014-03-14 00:25:21] AssetsLoaderTest::testItListensGoodEvents.INFO: PASSED [] []
[2014-03-14 00:25:21] AssetsLoaderTest::testItAddsThemesFiles.INFO: PASSED [] []
[2014-03-14 00:25:21] AssetsLoaderTest::testItAddsTemplateVariablesOnSetupTemplate.INFO: PASSED [] []
[2014-03-14 00:25:21] ExtensionTest::testFunctional.INFO: PASSED [] []
[2014-03-14 00:25:21] PackageLoaderTest::testItListensGoodEvents.INFO: PASSED [] []
[2014-03-14 00:25:21] PackageLoaderTest::testTwitterBootstrapPackageCanBeFound.INFO: PASSED [] []
[2014-03-14 00:25:21] PackageLoaderTest::testTestPackageCannotBeFound.INFO: PASSED [] []
[2014-03-14 00:25:21] PackageLoaderTest::testLoadIsFunctional.INFO: PASSED [] []
[2014-03-14 00:25:21] PackageLoaderTest::testItLoadsDependenciesOnActivatedTheme.INFO: PASSED [] []
[2014-03-14 00:25:21] PackageLoaderTest::testItThrowsExceptionOnUnknownPackage.INFO: PASSED [] []
[2014-03-14 00:25:21] PackageLoaderTest::testItThrowsExceptionOnWrongVersion.INFO: PASSED [] []
[2014-03-14 00:25:21] PackageLoaderTest::testGetPackageThrowsExceptionOnUnknownPackage.INFO: PASSED [] []
[2014-03-14 00:25:21] PackageLoaderTest::testGetPackageThrowsExceptionOnUnknownVariant.INFO: PASSED [] []
[2014-03-14 00:25:21] PackageLoaderTest::testGetPackageThrownExceptionOnBadVersion.INFO: PASSED [] []
[2014-03-14 00:25:21] PackageLoaderTest::testLoadPackageLoadsPackageAssets.INFO: PASSED [] []
[2014-03-14 00:25:22] PackageLoaderTest::testItSkipsCheckedTheme.INFO: PASSED [] []
[2014-03-14 00:25:22] PackageLoaderTest::testItSkipsLoadingIfThemeHasNotAnyDependencies.INFO: PASSED [] []
[2014-03-14 00:25:22] PackageLoaderTest::testItSkipsLoadedPackage.INFO: PASSED [] []
[2014-03-14 00:31:14] AssetsLoaderTest::testItImplementsSubscriber.INFO: PASSED [] []
[2014-03-14 00:31:14] AssetsLoaderTest::testAddPackageAppendsPackages.INFO: PASSED [] []
[2014-03-14 00:31:14] AssetsLoaderTest::testAddStylesMergeAddedWithExistingArray.INFO: PASSED [] []
[2014-03-14 00:31:14] AssetsLoaderTest::testAddScriptsMergeAddedWithExistingArray.INFO: PASSED [] []
[2014-03-14 00:31:14] AssetsLoaderTest::testItListensGoodEvents.INFO: PASSED [] []
[2014-03-14 00:31:14] AssetsLoaderTest::testItAddsThemesFiles.INFO: PASSED [] []
[2014-03-14 00:31:14] AssetsLoaderTest::testItAddsTemplateVariablesOnSetupTemplate.INFO: PASSED [] []
[2014-03-14 00:31:14] ExtensionTest::testFunctional.INFO: PASSED [] []
[2014-03-14 00:31:14] PackageLoaderTest::testItListensGoodEvents.INFO: PASSED [] []
[2014-03-14 00:31:14] PackageLoaderTest::testTwitterBootstrapPackageCanBeFound.INFO: PASSED [] []
[2014-03-14 00:31:14] PackageLoaderTest::testTestPackageCannotBeFound.INFO: PASSED [] []
[2014-03-14 00:31:14] PackageLoaderTest::testLoadIsFunctional.INFO: PASSED [] []
[2014-03-14 00:31:14] PackageLoaderTest::testItLoadsDependenciesOnActivatedTheme.INFO: PASSED [] []
[2014-03-14 00:31:14] PackageLoaderTest::testItThrowsExceptionOnUnknownPackage.INFO: PASSED [] []
[2014-03-14 00:31:14] PackageLoaderTest::testItThrowsExceptionOnWrongVersion.INFO: PASSED [] []
[2014-03-14 00:31:14] PackageLoaderTest::testGetPackageThrowsExceptionOnUnknownPackage.INFO: PASSED [] []
[2014-03-14 00:31:14] PackageLoaderTest::testGetPackageThrowsExceptionOnUnknownVariant.INFO: PASSED [] []
[2014-03-14 00:31:14] PackageLoaderTest::testGetPackageThrownExceptionOnBadVersion.INFO: PASSED [] []
[2014-03-14 00:31:14] PackageLoaderTest::testLoadPackageLoadsPackageAssets.INFO: PASSED [] []
[2014-03-14 00:31:14] PackageLoaderTest::testItSkipsCheckedTheme.INFO: PASSED [] []
[2014-03-14 00:31:14] PackageLoaderTest::testItSkipsLoadingIfThemeHasNotAnyDependencies.INFO: PASSED [] []
[2014-03-14 00:31:14] PackageLoaderTest::testItSkipsLoadedPackage.INFO: PASSED [] []
[2014-03-14 00:31:39] AssetsLoaderTest::testItImplementsSubscriber.INFO: PASSED [] []
[2014-03-14 00:31:39] AssetsLoaderTest::testAddPackageAppendsPackages.INFO: PASSED [] []
[2014-03-14 00:31:39] AssetsLoaderTest::testAddStylesMergeAddedWithExistingArray.INFO: PASSED [] []
[2014-03-14 00:31:39] AssetsLoaderTest::testAddScriptsMergeAddedWithExistingArray.INFO: PASSED [] []
[2014-03-14 00:31:39] AssetsLoaderTest::testItListensGoodEvents.INFO: PASSED [] []
[2014-03-14 00:31:39] AssetsLoaderTest::testItAddsThemesFiles.INFO: PASSED [] []
[2014-03-14 00:31:39] AssetsLoaderTest::testItAddsTemplateVariablesOnSetupTemplate.INFO: PASSED [] []
[2014-03-14 00:31:39] ExtensionTest::testFunctional.INFO: PASSED [] []
[2014-03-14 00:31:39] PackageLoaderTest::testItListensGoodEvents.INFO: PASSED [] []
[2014-03-14 00:31:39] PackageLoaderTest::testTwitterBootstrapPackageCanBeFound.INFO: PASSED [] []
[2014-03-14 00:31:39] PackageLoaderTest::testTestPackageCannotBeFound.INFO: PASSED [] []
[2014-03-14 00:31:39] PackageLoaderTest::testLoadIsFunctional.INFO: PASSED [] []
[2014-03-14 00:31:39] PackageLoaderTest::testItLoadsDependenciesOnActivatedTheme.INFO: PASSED [] []
[2014-03-14 00:31:39] PackageLoaderTest::testItThrowsExceptionOnUnknownPackage.INFO: PASSED [] []
[2014-03-14 00:31:39] PackageLoaderTest::testItThrowsExceptionOnWrongVersion.INFO: PASSED [] []
[2014-03-14 00:31:39] PackageLoaderTest::testGetPackageThrowsExceptionOnUnknownPackage.INFO: PASSED [] []
[2014-03-14 00:31:39] PackageLoaderTest::testGetPackageThrowsExceptionOnUnknownVariant.INFO: PASSED [] []
[2014-03-14 00:31:39] PackageLoaderTest::testGetPackageThrownExceptionOnBadVersion.INFO: PASSED [] []
[2014-03-14 00:31:39] PackageLoaderTest::testLoadPackageLoadsPackageAssets.INFO: PASSED [] []
[2014-03-14 00:31:39] PackageLoaderTest::testItSkipsCheckedTheme.INFO: PASSED [] []
[2014-03-14 00:31:39] PackageLoaderTest::testItSkipsLoadingIfThemeHasNotAnyDependencies.INFO: PASSED [] []
[2014-03-14 00:31:39] PackageLoaderTest::testItSkipsLoadedPackage.INFO: PASSED [] []
[2014-03-14 00:32:12] AssetsLoaderTest::testItImplementsSubscriber.INFO: PASSED [] []
[2014-03-14 00:32:12] AssetsLoaderTest::testAddPackageAppendsPackages.INFO: PASSED [] []
[2014-03-14 00:32:12] AssetsLoaderTest::testAddStylesMergeAddedWithExistingArray.INFO: PASSED [] []
[2014-03-14 00:32:12] AssetsLoaderTest::testAddScriptsMergeAddedWithExistingArray.INFO: PASSED [] []
[2014-03-14 00:32:12] AssetsLoaderTest::testItListensGoodEvents.INFO: PASSED [] []
[2014-03-14 00:32:12] AssetsLoaderTest::testItAddsThemesFiles.INFO: PASSED [] []
[2014-03-14 00:32:12] AssetsLoaderTest::testItAddsTemplateVariablesOnSetupTemplate.INFO: PASSED [] []
[2014-03-14 00:32:12] ExtensionTest::testFunctional.ALERT: Cannot extend package variant 'other'. Undefined package variant 'default' [] []
[2014-03-14 00:32:12] ExtensionTest::testFunctional.INFO: # ERROR # [] []
[2014-03-14 00:32:12] ExtensionTest::testFunctional.INFO: PASSED [] []
[2014-03-14 00:32:12] PackageLoaderTest::testItListensGoodEvents.ALERT: Cannot extend package variant 'other'. Undefined package variant 'default' [] []
[2014-03-14 00:32:12] PackageLoaderTest::testItListensGoodEvents.INFO: # ERROR # [] []
[2014-03-14 00:32:12] PackageLoaderTest::testItListensGoodEvents.INFO: PASSED [] []
[2014-03-14 00:32:12] PackageLoaderTest::testTwitterBootstrapPackageCanBeFound.ALERT: Cannot extend package variant 'other'. Undefined package variant 'default' [] []
[2014-03-14 00:32:12] PackageLoaderTest::testTwitterBootstrapPackageCanBeFound.INFO: # ERROR # [] []
[2014-03-14 00:32:12] PackageLoaderTest::testTwitterBootstrapPackageCanBeFound.INFO: PASSED [] []
[2014-03-14 00:32:13] PackageLoaderTest::testTestPackageCannotBeFound.ALERT: Cannot extend package variant 'other'. Undefined package variant 'default' [] []
[2014-03-14 00:32:13] PackageLoaderTest::testTestPackageCannotBeFound.INFO: # ERROR # [] []
[2014-03-14 00:32:13] PackageLoaderTest::testTestPackageCannotBeFound.INFO: PASSED [] []
[2014-03-14 00:32:13] PackageLoaderTest::testLoadIsFunctional.ALERT: Cannot extend package variant 'other'. Undefined package variant 'default' [] []
[2014-03-14 00:32:13] PackageLoaderTest::testLoadIsFunctional.INFO: # ERROR # [] []
[2014-03-14 00:32:13] PackageLoaderTest::testLoadIsFunctional.INFO: PASSED [] []
[2014-03-14 00:32:13] PackageLoaderTest::testItLoadsDependenciesOnActivatedTheme.ALERT: Cannot extend package variant 'other'. Undefined package variant 'default' [] []
[2014-03-14 00:32:13] PackageLoaderTest::testItLoadsDependenciesOnActivatedTheme.INFO: # ERROR # [] []
[2014-03-14 00:32:13] PackageLoaderTest::testItLoadsDependenciesOnActivatedTheme.INFO: PASSED [] []
[2014-03-14 00:32:13] PackageLoaderTest::testItThrowsExceptionOnUnknownPackage.ALERT: Cannot extend package variant 'other'. Undefined package variant 'default' [] []
[2014-03-14 00:32:13] PackageLoaderTest::testItThrowsExceptionOnUnknownPackage.INFO: # ERROR # [] []
[2014-03-14 00:32:13] PackageLoaderTest::testItThrowsExceptionOnUnknownPackage.INFO: PASSED [] []
[2014-03-14 00:32:13] PackageLoaderTest::testItThrowsExceptionOnWrongVersion.ALERT: Cannot extend package variant 'other'. Undefined package variant 'default' [] []
[2014-03-14 00:32:13] PackageLoaderTest::testItThrowsExceptionOnWrongVersion.INFO: # ERROR # [] []
[2014-03-14 00:32:13] PackageLoaderTest::testItThrowsExceptionOnWrongVersion.INFO: PASSED [] []
[2014-03-14 00:32:13] PackageLoaderTest::testGetPackageThrowsExceptionOnUnknownPackage.ALERT: Cannot extend package variant 'other'. Undefined package variant 'default' [] []
[2014-03-14 00:32:13] PackageLoaderTest::testGetPackageThrowsExceptionOnUnknownPackage.INFO: # ERROR # [] []
[2014-03-14 00:32:13] PackageLoaderTest::testGetPackageThrowsExceptionOnUnknownPackage.INFO: PASSED [] []
[2014-03-14 00:32:13] PackageLoaderTest::testGetPackageThrowsExceptionOnUnknownVariant.ALERT: Cannot extend package variant 'other'. Undefined package variant 'default' [] []
[2014-03-14 00:32:13] PackageLoaderTest::testGetPackageThrowsExceptionOnUnknownVariant.INFO: # ERROR # [] []
[2014-03-14 00:32:13] PackageLoaderTest::testGetPackageThrowsExceptionOnUnknownVariant.INFO: PASSED [] []
[2014-03-14 00:32:13] PackageLoaderTest::testGetPackageThrownExceptionOnBadVersion.ALERT: Cannot extend package variant 'other'. Undefined package variant 'default' [] []
[2014-03-14 00:32:13] PackageLoaderTest::testGetPackageThrownExceptionOnBadVersion.INFO: # ERROR # [] []
[2014-03-14 00:32:13] PackageLoaderTest::testGetPackageThrownExceptionOnBadVersion.INFO: PASSED [] []
[2014-03-14 00:32:13] PackageLoaderTest::testLoadPackageLoadsPackageAssets.ALERT: Cannot extend package variant 'other'. Undefined package variant 'default' [] []
[2014-03-14 00:32:13] PackageLoaderTest::testLoadPackageLoadsPackageAssets.INFO: # ERROR # [] []
[2014-03-14 00:32:13] PackageLoaderTest::testLoadPackageLoadsPackageAssets.INFO: PASSED [] []
[2014-03-14 00:32:13] PackageLoaderTest::testItSkipsCheckedTheme.ALERT: Cannot extend package variant 'other'. Undefined package variant 'default' [] []
[2014-03-14 00:32:13] PackageLoaderTest::testItSkipsCheckedTheme.INFO: # ERROR # [] []
[2014-03-14 00:32:13] PackageLoaderTest::testItSkipsCheckedTheme.INFO: PASSED [] []
[2014-03-14 00:32:13] PackageLoaderTest::testItSkipsLoadingIfThemeHasNotAnyDependencies.ALERT: Cannot extend package variant 'other'. Undefined package variant 'default' [] []
[2014-03-14 00:32:13] PackageLoaderTest::testItSkipsLoadingIfThemeHasNotAnyDependencies.INFO: # ERROR # [] []
[2014-03-14 00:32:13] PackageLoaderTest::testItSkipsLoadingIfThemeHasNotAnyDependencies.INFO: PASSED [] []
[2014-03-14 00:32:13] PackageLoaderTest::testItSkipsLoadedPackage.ALERT: Cannot extend package variant 'other'. Undefined package variant 'default' [] []
[2014-03-14 00:32:13] PackageLoaderTest::testItSkipsLoadedPackage.INFO: # ERROR # [] []
[2014-03-14 00:32:13] PackageLoaderTest::testItSkipsLoadedPackage.INFO: PASSED [] []
[2014-03-14 00:32:48] AssetsLoaderTest::testItImplementsSubscriber.INFO: PASSED [] []
[2014-03-14 00:32:48] AssetsLoaderTest::testAddPackageAppendsPackages.INFO: PASSED [] []
[2014-03-14 00:32:48] AssetsLoaderTest::testAddStylesMergeAddedWithExistingArray.INFO: PASSED [] []
[2014-03-14 00:32:48] AssetsLoaderTest::testAddScriptsMergeAddedWithExistingArray.INFO: PASSED [] []
[2014-03-14 00:32:48] AssetsLoaderTest::testItListensGoodEvents.INFO: PASSED [] []
[2014-03-14 00:32:48] AssetsLoaderTest::testItAddsThemesFiles.INFO: PASSED [] []
[2014-03-14 00:32:48] AssetsLoaderTest::testItAddsTemplateVariablesOnSetupTemplate.INFO: PASSED [] []
[2014-03-14 00:32:48] ExtensionTest::testFunctional.ALERT: Cannot extend package variant 'other'. Undefined package variant 'default' [] []
[2014-03-14 00:32:48] ExtensionTest::testFunctional.INFO: # ERROR # [] []
[2014-03-14 00:32:48] ExtensionTest::testFunctional.INFO: PASSED [] []
[2014-03-14 00:32:48] PackageLoaderTest::testItListensGoodEvents.ALERT: Cannot extend package variant 'other'. Undefined package variant 'default' [] []
[2014-03-14 00:32:48] PackageLoaderTest::testItListensGoodEvents.INFO: # ERROR # [] []
[2014-03-14 00:32:48] PackageLoaderTest::testItListensGoodEvents.INFO: PASSED [] []
[2014-03-14 00:32:48] PackageLoaderTest::testTwitterBootstrapPackageCanBeFound.ALERT: Cannot extend package variant 'other'. Undefined package variant 'default' [] []
[2014-03-14 00:32:48] PackageLoaderTest::testTwitterBootstrapPackageCanBeFound.INFO: # ERROR # [] []
[2014-03-14 00:32:48] PackageLoaderTest::testTwitterBootstrapPackageCanBeFound.INFO: PASSED [] []
[2014-03-14 00:32:48] PackageLoaderTest::testTestPackageCannotBeFound.ALERT: Cannot extend package variant 'other'. Undefined package variant 'default' [] []
[2014-03-14 00:32:48] PackageLoaderTest::testTestPackageCannotBeFound.INFO: # ERROR # [] []
[2014-03-14 00:32:48] PackageLoaderTest::testTestPackageCannotBeFound.INFO: PASSED [] []
[2014-03-14 00:32:48] PackageLoaderTest::testLoadIsFunctional.ALERT: Cannot extend package variant 'other'. Undefined package variant 'default' [] []
[2014-03-14 00:32:48] PackageLoaderTest::testLoadIsFunctional.INFO: # ERROR # [] []
[2014-03-14 00:32:48] PackageLoaderTest::testLoadIsFunctional.INFO: PASSED [] []
[2014-03-14 00:32:48] PackageLoaderTest::testItLoadsDependenciesOnActivatedTheme.ALERT: Cannot extend package variant 'other'. Undefined package variant 'default' [] []
[2014-03-14 00:32:48] PackageLoaderTest::testItLoadsDependenciesOnActivatedTheme.INFO: # ERROR # [] []
[2014-03-14 00:32:48] PackageLoaderTest::testItLoadsDependenciesOnActivatedTheme.INFO: PASSED [] []
[2014-03-14 00:32:48] PackageLoaderTest::testItThrowsExceptionOnUnknownPackage.ALERT: Cannot extend package variant 'other'. Undefined package variant 'default' [] []
[2014-03-14 00:32:48] PackageLoaderTest::testItThrowsExceptionOnUnknownPackage.INFO: # ERROR # [] []
[2014-03-14 00:32:48] PackageLoaderTest::testItThrowsExceptionOnUnknownPackage.INFO: PASSED [] []
[2014-03-14 00:32:48] PackageLoaderTest::testItThrowsExceptionOnWrongVersion.ALERT: Cannot extend package variant 'other'. Undefined package variant 'default' [] []
[2014-03-14 00:32:48] PackageLoaderTest::testItThrowsExceptionOnWrongVersion.INFO: # ERROR # [] []
[2014-03-14 00:32:48] PackageLoaderTest::testItThrowsExceptionOnWrongVersion.INFO: PASSED [] []
[2014-03-14 00:32:48] PackageLoaderTest::testGetPackageThrowsExceptionOnUnknownPackage.ALERT: Cannot extend package variant 'other'. Undefined package variant 'default' [] []
[2014-03-14 00:32:48] PackageLoaderTest::testGetPackageThrowsExceptionOnUnknownPackage.INFO: # ERROR # [] []
[2014-03-14 00:32:48] PackageLoaderTest::testGetPackageThrowsExceptionOnUnknownPackage.INFO: PASSED [] []
[2014-03-14 00:32:48] PackageLoaderTest::testGetPackageThrowsExceptionOnUnknownVariant.ALERT: Cannot extend package variant 'other'. Undefined package variant 'default' [] []
[2014-03-14 00:32:48] PackageLoaderTest::testGetPackageThrowsExceptionOnUnknownVariant.INFO: # ERROR # [] []
[2014-03-14 00:32:48] PackageLoaderTest::testGetPackageThrowsExceptionOnUnknownVariant.INFO: PASSED [] []
[2014-03-14 00:32:48] PackageLoaderTest::testGetPackageThrownExceptionOnBadVersion.ALERT: Cannot extend package variant 'other'. Undefined package variant 'default' [] []
[2014-03-14 00:32:48] PackageLoaderTest::testGetPackageThrownExceptionOnBadVersion.INFO: # ERROR # [] []
[2014-03-14 00:32:48] PackageLoaderTest::testGetPackageThrownExceptionOnBadVersion.INFO: PASSED [] []
[2014-03-14 00:32:48] PackageLoaderTest::testLoadPackageLoadsPackageAssets.ALERT: Cannot extend package variant 'other'. Undefined package variant 'default' [] []
[2014-03-14 00:32:48] PackageLoaderTest::testLoadPackageLoadsPackageAssets.INFO: # ERROR # [] []
[2014-03-14 00:32:48] PackageLoaderTest::testLoadPackageLoadsPackageAssets.INFO: PASSED [] []
[2014-03-14 00:32:48] PackageLoaderTest::testItSkipsCheckedTheme.ALERT: Cannot extend package variant 'other'. Undefined package variant 'default' [] []
[2014-03-14 00:32:48] PackageLoaderTest::testItSkipsCheckedTheme.INFO: # ERROR # [] []
[2014-03-14 00:32:48] PackageLoaderTest::testItSkipsCheckedTheme.INFO: PASSED [] []
[2014-03-14 00:32:48] PackageLoaderTest::testItSkipsLoadingIfThemeHasNotAnyDependencies.ALERT: Cannot extend package variant 'other'. Undefined package variant 'default' [] []
[2014-03-14 00:32:48] PackageLoaderTest::testItSkipsLoadingIfThemeHasNotAnyDependencies.INFO: # ERROR # [] []
[2014-03-14 00:32:48] PackageLoaderTest::testItSkipsLoadingIfThemeHasNotAnyDependencies.INFO: PASSED [] []
[2014-03-14 00:32:48] PackageLoaderTest::testItSkipsLoadedPackage.ALERT: Cannot extend package variant 'other'. Undefined package variant 'default' [] []
[2014-03-14 00:32:48] PackageLoaderTest::testItSkipsLoadedPackage.INFO: # ERROR # [] []
[2014-03-14 00:32:48] PackageLoaderTest::testItSkipsLoadedPackage.INFO: PASSED [] []
[2014-03-14 00:33:16] AssetsLoaderTest::testItImplementsSubscriber.INFO: PASSED [] []
[2014-03-14 00:33:16] AssetsLoaderTest::testAddPackageAppendsPackages.INFO: PASSED [] []
[2014-03-14 00:33:16] AssetsLoaderTest::testAddStylesMergeAddedWithExistingArray.INFO: PASSED [] []
[2014-03-14 00:33:16] AssetsLoaderTest::testAddScriptsMergeAddedWithExistingArray.INFO: PASSED [] []
[2014-03-14 00:33:16] AssetsLoaderTest::testItListensGoodEvents.INFO: PASSED [] []
[2014-03-14 00:33:16] AssetsLoaderTest::testItAddsThemesFiles.INFO: PASSED [] []
[2014-03-14 00:33:16] AssetsLoaderTest::testItAddsTemplateVariablesOnSetupTemplate.INFO: PASSED [] []
[2014-03-14 00:33:16] ExtensionTest::testFunctional.INFO: PASSED [] []
[2014-03-14 00:33:16] PackageLoaderTest::testItListensGoodEvents.INFO: PASSED [] []
[2014-03-14 00:33:16] PackageLoaderTest::testTwitterBootstrapPackageCanBeFound.INFO: PASSED [] []
[2014-03-14 00:33:16] PackageLoaderTest::testTestPackageCannotBeFound.INFO: PASSED [] []
[2014-03-14 00:33:16] PackageLoaderTest::testLoadIsFunctional.INFO: PASSED [] []
[2014-03-14 00:33:16] PackageLoaderTest::testItLoadsDependenciesOnActivatedTheme.INFO: PASSED [] []
[2014-03-14 00:33:16] PackageLoaderTest::testItThrowsExceptionOnUnknownPackage.INFO: PASSED [] []
[2014-03-14 00:33:16] PackageLoaderTest::testItThrowsExceptionOnWrongVersion.INFO: PASSED [] []
[2014-03-14 00:33:16] PackageLoaderTest::testGetPackageThrowsExceptionOnUnknownPackage.INFO: PASSED [] []
[2014-03-14 00:33:16] PackageLoaderTest::testGetPackageThrowsExceptionOnUnknownVariant.INFO: PASSED [] []
[2014-03-14 00:33:16] PackageLoaderTest::testGetPackageThrownExceptionOnBadVersion.INFO: PASSED [] []
[2014-03-14 00:33:16] PackageLoaderTest::testLoadPackageLoadsPackageAssets.INFO: PASSED [] []
[2014-03-14 00:33:16] PackageLoaderTest::testItSkipsCheckedTheme.INFO: PASSED [] []
[2014-03-14 00:33:16] PackageLoaderTest::testItSkipsLoadingIfThemeHasNotAnyDependencies.INFO: PASSED [] []
[2014-03-14 00:33:16] PackageLoaderTest::testItSkipsLoadedPackage.INFO: PASSED [] []
[2014-03-14 00:34:07] AssetsLoaderTest::testItImplementsSubscriber.INFO: PASSED [] []
[2014-03-14 00:34:07] AssetsLoaderTest::testAddPackageAppendsPackages.INFO: PASSED [] []
[2014-03-14 00:34:07] AssetsLoaderTest::testAddStylesMergeAddedWithExistingArray.INFO: PASSED [] []
[2014-03-14 00:34:07] AssetsLoaderTest::testAddScriptsMergeAddedWithExistingArray.INFO: PASSED [] []
[2014-03-14 00:34:07] AssetsLoaderTest::testItListensGoodEvents.INFO: PASSED [] []
[2014-03-14 00:34:07] AssetsLoaderTest::testItAddsThemesFiles.INFO: PASSED [] []
[2014-03-14 00:34:07] AssetsLoaderTest::testItAddsTemplateVariablesOnSetupTemplate.INFO: PASSED [] []
[2014-03-14 00:34:07] ExtensionTest::testFunctional.INFO: PASSED [] []
[2014-03-14 00:34:07] PackageLoaderTest::testItListensGoodEvents.INFO: PASSED [] []
[2014-03-14 00:34:07] PackageLoaderTest::testTwitterBootstrapPackageCanBeFound.INFO: PASSED [] []
[2014-03-14 00:34:07] PackageLoaderTest::testTestPackageCannotBeFound.INFO: PASSED [] []
[2014-03-14 00:34:07] PackageLoaderTest::testLoadIsFunctional.INFO: PASSED [] []
[2014-03-14 00:34:07] PackageLoaderTest::testItLoadsDependenciesOnActivatedTheme.INFO: PASSED [] []
[2014-03-14 00:34:07] PackageLoaderTest::testItThrowsExceptionOnUnknownPackage.INFO: PASSED [] []
[2014-03-14 00:34:07] PackageLoaderTest::testItThrowsExceptionOnWrongVersion.INFO: PASSED [] []
[2014-03-14 00:34:07] PackageLoaderTest::testGetPackageThrowsExceptionOnUnknownPackage.INFO: PASSED [] []
[2014-03-14 00:34:07] PackageLoaderTest::testGetPackageThrowsExceptionOnUnknownVariant.INFO: PASSED [] []
[2014-03-14 00:34:07] PackageLoaderTest::testGetPackageThrownExceptionOnBadVersion.INFO: PASSED [] []
[2014-03-14 00:34:07] PackageLoaderTest::testLoadPackageLoadsPackageAssets.INFO: PASSED [] []
[2014-03-14 00:34:07] PackageLoaderTest::testItSkipsCheckedTheme.INFO: PASSED [] []
[2014-03-14 00:34:07] PackageLoaderTest::testItSkipsLoadingIfThemeHasNotAnyDependencies.INFO: PASSED [] []
[2014-03-14 00:34:07] PackageLoaderTest::testItSkipsLoadedPackage.INFO: PASSED [] []
[2014-03-14 00:38:39] AssetsLoaderTest::testItImplementsSubscriber.INFO: PASSED [] []
[2014-03-14 00:38:39] AssetsLoaderTest::testAddPackageAppendsPackages.INFO: PASSED [] []
[2014-03-14 00:38:39] AssetsLoaderTest::testAddStylesMergeAddedWithExistingArray.INFO: PASSED [] []
[2014-03-14 00:38:39] AssetsLoaderTest::testAddScriptsMergeAddedWithExistingArray.INFO: PASSED [] []
[2014-03-14 00:38:39] AssetsLoaderTest::testItListensGoodEvents.INFO: PASSED [] []
[2014-03-14 00:38:39] AssetsLoaderTest::testItAddsThemesFiles.INFO: PASSED [] []
[2014-03-14 00:38:39] AssetsLoaderTest::testItAddsTemplateVariablesOnSetupTemplate.INFO: PASSED [] []
[2014-03-14 00:38:39] AssetsTest::testAssetReturnsCorrectPath.ALERT: Failed asserting that two strings are identical. [] []
[2014-03-14 00:38:39] AssetsTest::testAssetReturnsCorrectPath.INFO: # FAILED # [] []
[2014-03-14 00:38:39] AssetsTest::testAssetReturnsCorrectPath.INFO: PASSED [] []
[2014-03-14 00:38:39] ExtensionTest::testFunctional.INFO: PASSED [] []
[2014-03-14 00:38:39] PackageLoaderTest::testItListensGoodEvents.INFO: PASSED [] []
[2014-03-14 00:38:39] PackageLoaderTest::testTwitterBootstrapPackageCanBeFound.INFO: PASSED [] []
[2014-03-14 00:38:39] PackageLoaderTest::testTestPackageCannotBeFound.INFO: PASSED [] []
[2014-03-14 00:38:39] PackageLoaderTest::testLoadIsFunctional.INFO: PASSED [] []
[2014-03-14 00:38:39] PackageLoaderTest::testItLoadsDependenciesOnActivatedTheme.INFO: PASSED [] []
[2014-03-14 00:38:39] PackageLoaderTest::testItThrowsExceptionOnUnknownPackage.INFO: PASSED [] []
[2014-03-14 00:38:39] PackageLoaderTest::testItThrowsExceptionOnWrongVersion.INFO: PASSED [] []
[2014-03-14 00:38:39] PackageLoaderTest::testGetPackageThrowsExceptionOnUnknownPackage.INFO: PASSED [] []
[2014-03-14 00:38:39] PackageLoaderTest::testGetPackageThrowsExceptionOnUnknownVariant.INFO: PASSED [] []
[2014-03-14 00:38:40] PackageLoaderTest::testGetPackageThrownExceptionOnBadVersion.INFO: PASSED [] []
[2014-03-14 00:38:40] PackageLoaderTest::testLoadPackageLoadsPackageAssets.INFO: PASSED [] []
[2014-03-14 00:38:40] PackageLoaderTest::testItSkipsCheckedTheme.INFO: PASSED [] []
[2014-03-14 00:38:40] PackageLoaderTest::testItSkipsLoadingIfThemeHasNotAnyDependencies.INFO: PASSED [] []
[2014-03-14 00:38:40] PackageLoaderTest::testItSkipsLoadedPackage.INFO: PASSED [] []
[2014-03-14 00:38:59] AssetsLoaderTest::testItImplementsSubscriber.INFO: PASSED [] []
[2014-03-14 00:38:59] AssetsLoaderTest::testAddPackageAppendsPackages.INFO: PASSED [] []
[2014-03-14 00:38:59] AssetsLoaderTest::testAddStylesMergeAddedWithExistingArray.INFO: PASSED [] []
[2014-03-14 00:38:59] AssetsLoaderTest::testAddScriptsMergeAddedWithExistingArray.INFO: PASSED [] []
[2014-03-14 00:38:59] AssetsLoaderTest::testItListensGoodEvents.INFO: PASSED [] []
[2014-03-14 00:38:59] AssetsLoaderTest::testItAddsThemesFiles.INFO: PASSED [] []
[2014-03-14 00:38:59] AssetsLoaderTest::testItAddsTemplateVariablesOnSetupTemplate.INFO: PASSED [] []
[2014-03-14 00:38:59] AssetsTest::testAssetReturnsCorrectPath.INFO: PASSED [] []
[2014-03-14 00:38:59] ExtensionTest::testFunctional.INFO: PASSED [] []
[2014-03-14 00:38:59] PackageLoaderTest::testItListensGoodEvents.INFO: PASSED [] []
[2014-03-14 00:38:59] PackageLoaderTest::testTwitterBootstrapPackageCanBeFound.INFO: PASSED [] []
[2014-03-14 00:38:59] PackageLoaderTest::testTestPackageCannotBeFound.INFO: PASSED [] []
[2014-03-14 00:38:59] PackageLoaderTest::testLoadIsFunctional.INFO: PASSED [] []
[2014-03-14 00:38:59] PackageLoaderTest::testItLoadsDependenciesOnActivatedTheme.INFO: PASSED [] []
[2014-03-14 00:38:59] PackageLoaderTest::testItThrowsExceptionOnUnknownPackage.INFO: PASSED [] []
[2014-03-14 00:38:59] PackageLoaderTest::testItThrowsExceptionOnWrongVersion.INFO: PASSED [] []
[2014-03-14 00:38:59] PackageLoaderTest::testGetPackageThrowsExceptionOnUnknownPackage.INFO: PASSED [] []
[2014-03-14 00:38:59] PackageLoaderTest::testGetPackageThrowsExceptionOnUnknownVariant.INFO: PASSED [] []
[2014-03-14 00:38:59] PackageLoaderTest::testGetPackageThrownExceptionOnBadVersion.INFO: PASSED [] []
[2014-03-14 00:38:59] PackageLoaderTest::testLoadPackageLoadsPackageAssets.INFO: PASSED [] []
[2014-03-14 00:38:59] PackageLoaderTest::testItSkipsCheckedTheme.INFO: PASSED [] []
[2014-03-14 00:38:59] PackageLoaderTest::testItSkipsLoadingIfThemeHasNotAnyDependencies.INFO: PASSED [] []
[2014-03-14 00:38:59] PackageLoaderTest::testItSkipsLoadedPackage.INFO: PASSED [] []
[2014-03-14 00:41:03] AssetsLoaderTest::testItImplementsSubscriber.INFO: PASSED [] []
[2014-03-14 00:41:03] AssetsLoaderTest::testAddPackageAppendsPackages.INFO: PASSED [] []
[2014-03-14 00:41:03] AssetsLoaderTest::testAddStylesMergeAddedWithExistingArray.INFO: PASSED [] []
[2014-03-14 00:41:03] AssetsLoaderTest::testAddScriptsMergeAddedWithExistingArray.INFO: PASSED [] []
[2014-03-14 00:41:03] AssetsLoaderTest::testItListensGoodEvents.INFO: PASSED [] []
[2014-03-14 00:41:03] AssetsLoaderTest::testItAddsThemesFiles.INFO: PASSED [] []
[2014-03-14 00:41:03] AssetsLoaderTest::testItAddsTemplateVariablesOnSetupTemplate.INFO: PASSED [] []
[2014-03-14 00:41:03] AssetsTest::testAssetReturnsCorrectPath.INFO: PASSED [] []
[2014-03-14 00:41:03] AssetsTest::testThemeAssetReturnsCorrectPath.ALERT: Failed asserting that two strings are identical. [] []
[2014-03-14 00:41:03] AssetsTest::testThemeAssetReturnsCorrectPath.INFO: # FAILED # [] []
[2014-03-14 00:41:03] AssetsTest::testThemeAssetReturnsCorrectPath.INFO: PASSED [] []
[2014-03-14 00:41:03] ExtensionTest::testFunctional.INFO: PASSED [] []
[2014-03-14 00:41:03] PackageLoaderTest::testItListensGoodEvents.INFO: PASSED [] []
[2014-03-14 00:41:03] PackageLoaderTest::testTwitterBootstrapPackageCanBeFound.INFO: PASSED [] []
[2014-03-14 00:41:03] PackageLoaderTest::testTestPackageCannotBeFound.INFO: PASSED [] []
[2014-03-14 00:41:03] PackageLoaderTest::testLoadIsFunctional.INFO: PASSED [] []
[2014-03-14 00:41:03] PackageLoaderTest::testItLoadsDependenciesOnActivatedTheme.INFO: PASSED [] []
[2014-03-14 00:41:03] PackageLoaderTest::testItThrowsExceptionOnUnknownPackage.INFO: PASSED [] []
[2014-03-14 00:41:03] PackageLoaderTest::testItThrowsExceptionOnWrongVersion.INFO: PASSED [] []
[2014-03-14 00:41:03] PackageLoaderTest::testGetPackageThrowsExceptionOnUnknownPackage.INFO: PASSED [] []
[2014-03-14 00:41:03] PackageLoaderTest::testGetPackageThrowsExceptionOnUnknownVariant.INFO: PASSED [] []
[2014-03-14 00:41:03] PackageLoaderTest::testGetPackageThrownExceptionOnBadVersion.INFO: PASSED [] []
[2014-03-14 00:41:03] PackageLoaderTest::testLoadPackageLoadsPackageAssets.INFO: PASSED [] []
[2014-03-14 00:41:03] PackageLoaderTest::testItSkipsCheckedTheme.INFO: PASSED [] []
[2014-03-14 00:41:03] PackageLoaderTest::testItSkipsLoadingIfThemeHasNotAnyDependencies.INFO: PASSED [] []
[2014-03-14 00:41:03] PackageLoaderTest::testItSkipsLoadedPackage.INFO: PASSED [] []
[2014-03-14 00:41:38] AssetsLoaderTest::testItImplementsSubscriber.INFO: PASSED [] []
[2014-03-14 00:41:38] AssetsLoaderTest::testAddPackageAppendsPackages.INFO: PASSED [] []
[2014-03-14 00:41:38] AssetsLoaderTest::testAddStylesMergeAddedWithExistingArray.INFO: PASSED [] []
[2014-03-14 00:41:38] AssetsLoaderTest::testAddScriptsMergeAddedWithExistingArray.INFO: PASSED [] []
[2014-03-14 00:41:38] AssetsLoaderTest::testItListensGoodEvents.INFO: PASSED [] []
[2014-03-14 00:41:38] AssetsLoaderTest::testItAddsThemesFiles.INFO: PASSED [] []
[2014-03-14 00:41:38] AssetsLoaderTest::testItAddsTemplateVariablesOnSetupTemplate.INFO: PASSED [] []
[2014-03-14 00:41:38] AssetsTest::testAssetReturnsCorrectPath.INFO: PASSED [] []
[2014-03-14 00:41:38] AssetsTest::testThemeAssetReturnsCorrectPath.ALERT: Failed asserting that two strings are identical. [] []
[2014-03-14 00:41:38] AssetsTest::testThemeAssetReturnsCorrectPath.INFO: # FAILED # [] []
[2014-03-14 00:41:38] AssetsTest::testThemeAssetReturnsCorrectPath.INFO: PASSED [] []
[2014-03-14 00:41:38] ExtensionTest::testFunctional.INFO: PASSED [] []
[2014-03-14 00:41:38] PackageLoaderTest::testItListensGoodEvents.INFO: PASSED [] []
[2014-03-14 00:41:38] PackageLoaderTest::testTwitterBootstrapPackageCanBeFound.INFO: PASSED [] []
[2014-03-14 00:41:39] PackageLoaderTest::testTestPackageCannotBeFound.INFO: PASSED [] []
[2014-03-14 00:41:39] PackageLoaderTest::testLoadIsFunctional.INFO: PASSED [] []
[2014-03-14 00:41:39] PackageLoaderTest::testItLoadsDependenciesOnActivatedTheme.INFO: PASSED [] []
[2014-03-14 00:41:39] PackageLoaderTest::testItThrowsExceptionOnUnknownPackage.INFO: PASSED [] []
[2014-03-14 00:41:39] PackageLoaderTest::testItThrowsExceptionOnWrongVersion.INFO: PASSED [] []
[2014-03-14 00:41:39] PackageLoaderTest::testGetPackageThrowsExceptionOnUnknownPackage.INFO: PASSED [] []
[2014-03-14 00:41:39] PackageLoaderTest::testGetPackageThrowsExceptionOnUnknownVariant.INFO: PASSED [] []
[2014-03-14 00:41:39] PackageLoaderTest::testGetPackageThrownExceptionOnBadVersion.INFO: PASSED [] []
[2014-03-14 00:41:39] PackageLoaderTest::testLoadPackageLoadsPackageAssets.INFO: PASSED [] []
[2014-03-14 00:41:39] PackageLoaderTest::testItSkipsCheckedTheme.INFO: PASSED [] []
[2014-03-14 00:41:39] PackageLoaderTest::testItSkipsLoadingIfThemeHasNotAnyDependencies.INFO: PASSED [] []
[2014-03-14 00:41:39] PackageLoaderTest::testItSkipsLoadedPackage.INFO: PASSED [] []
[2014-03-14 00:42:28] AssetsLoaderTest::testItImplementsSubscriber.INFO: PASSED [] []
[2014-03-14 00:42:28] AssetsLoaderTest::testAddPackageAppendsPackages.INFO: PASSED [] []
[2014-03-14 00:42:28] AssetsLoaderTest::testAddStylesMergeAddedWithExistingArray.INFO: PASSED [] []
[2014-03-14 00:42:28] AssetsLoaderTest::testAddScriptsMergeAddedWithExistingArray.INFO: PASSED [] []
[2014-03-14 00:42:28] AssetsLoaderTest::testItListensGoodEvents.INFO: PASSED [] []
[2014-03-14 00:42:28] AssetsLoaderTest::testItAddsThemesFiles.INFO: PASSED [] []
[2014-03-14 00:42:28] AssetsLoaderTest::testItAddsTemplateVariablesOnSetupTemplate.INFO: PASSED [] []
[2014-03-14 00:42:28] AssetsTest::testAssetReturnsCorrectPath.INFO: PASSED [] []
[2014-03-14 00:42:28] AssetsTest::testThemeAssetReturnsCorrectPath.ALERT: Failed asserting that two strings are identical. [] []
[2014-03-14 00:42:28] AssetsTest::testThemeAssetReturnsCorrectPath.INFO: # FAILED # [] []
[2014-03-14 00:42:28] AssetsTest::testThemeAssetReturnsCorrectPath.INFO: PASSED [] []
[2014-03-14 00:42:28] ExtensionTest::testFunctional.INFO: PASSED [] []
[2014-03-14 00:42:28] PackageLoaderTest::testItListensGoodEvents.INFO: PASSED [] []
[2014-03-14 00:42:28] PackageLoaderTest::testTwitterBootstrapPackageCanBeFound.INFO: PASSED [] []
[2014-03-14 00:42:28] PackageLoaderTest::testTestPackageCannotBeFound.INFO: PASSED [] []
[2014-03-14 00:42:28] PackageLoaderTest::testLoadIsFunctional.INFO: PASSED [] []
[2014-03-14 00:42:28] PackageLoaderTest::testItLoadsDependenciesOnActivatedTheme.INFO: PASSED [] []
[2014-03-14 00:42:28] PackageLoaderTest::testItThrowsExceptionOnUnknownPackage.INFO: PASSED [] []
[2014-03-14 00:42:28] PackageLoaderTest::testItThrowsExceptionOnWrongVersion.INFO: PASSED [] []
[2014-03-14 00:42:28] PackageLoaderTest::testGetPackageThrowsExceptionOnUnknownPackage.INFO: PASSED [] []
[2014-03-14 00:42:28] PackageLoaderTest::testGetPackageThrowsExceptionOnUnknownVariant.INFO: PASSED [] []
[2014-03-14 00:42:28] PackageLoaderTest::testGetPackageThrownExceptionOnBadVersion.INFO: PASSED [] []
[2014-03-14 00:42:28] PackageLoaderTest::testLoadPackageLoadsPackageAssets.INFO: PASSED [] []
[2014-03-14 00:42:28] PackageLoaderTest::testItSkipsCheckedTheme.INFO: PASSED [] []
[2014-03-14 00:42:28] PackageLoaderTest::testItSkipsLoadingIfThemeHasNotAnyDependencies.INFO: PASSED [] []
[2014-03-14 00:42:28] PackageLoaderTest::testItSkipsLoadedPackage.INFO: PASSED [] []
[2014-03-14 00:42:48] AssetsLoaderTest::testItImplementsSubscriber.INFO: PASSED [] []
[2014-03-14 00:42:48] AssetsLoaderTest::testAddPackageAppendsPackages.INFO: PASSED [] []
[2014-03-14 00:42:48] AssetsLoaderTest::testAddStylesMergeAddedWithExistingArray.INFO: PASSED [] []
[2014-03-14 00:42:48] AssetsLoaderTest::testAddScriptsMergeAddedWithExistingArray.INFO: PASSED [] []
[2014-03-14 00:42:48] AssetsLoaderTest::testItListensGoodEvents.INFO: PASSED [] []
[2014-03-14 00:42:48] AssetsLoaderTest::testItAddsThemesFiles.INFO: PASSED [] []
[2014-03-14 00:42:48] AssetsLoaderTest::testItAddsTemplateVariablesOnSetupTemplate.INFO: PASSED [] []
[2014-03-14 00:42:48] AssetsTest::testAssetReturnsCorrectPath.INFO: PASSED [] []
[2014-03-14 00:42:48] AssetsTest::testThemeAssetReturnsCorrectPath.ALERT: Failed asserting that two strings are identical. [] []
[2014-03-14 00:42:48] AssetsTest::testThemeAssetReturnsCorrectPath.INFO: # FAILED # [] []
[2014-03-14 00:42:48] AssetsTest::testThemeAssetReturnsCorrectPath.INFO: PASSED [] []
[2014-03-14 00:42:48] ExtensionTest::testFunctional.INFO: PASSED [] []
[2014-03-14 00:42:48] PackageLoaderTest::testItListensGoodEvents.INFO: PASSED [] []
[2014-03-14 00:42:48] PackageLoaderTest::testTwitterBootstrapPackageCanBeFound.INFO: PASSED [] []
[2014-03-14 00:42:48] PackageLoaderTest::testTestPackageCannotBeFound.INFO: PASSED [] []
[2014-03-14 00:42:48] PackageLoaderTest::testLoadIsFunctional.INFO: PASSED [] []
[2014-03-14 00:42:48] PackageLoaderTest::testItLoadsDependenciesOnActivatedTheme.INFO: PASSED [] []
[2014-03-14 00:42:48] PackageLoaderTest::testItThrowsExceptionOnUnknownPackage.INFO: PASSED [] []
[2014-03-14 00:42:48] PackageLoaderTest::testItThrowsExceptionOnWrongVersion.INFO: PASSED [] []
[2014-03-14 00:42:48] PackageLoaderTest::testGetPackageThrowsExceptionOnUnknownPackage.INFO: PASSED [] []
[2014-03-14 00:42:48] PackageLoaderTest::testGetPackageThrowsExceptionOnUnknownVariant.INFO: PASSED [] []
[2014-03-14 00:42:48] PackageLoaderTest::testGetPackageThrownExceptionOnBadVersion.INFO: PASSED [] []
[2014-03-14 00:42:48] PackageLoaderTest::testLoadPackageLoadsPackageAssets.INFO: PASSED [] []
[2014-03-14 00:42:48] PackageLoaderTest::testItSkipsCheckedTheme.INFO: PASSED [] []
[2014-03-14 00:42:48] PackageLoaderTest::testItSkipsLoadingIfThemeHasNotAnyDependencies.INFO: PASSED [] []
[2014-03-14 00:42:48] PackageLoaderTest::testItSkipsLoadedPackage.INFO: PASSED [] []
[2014-03-14 00:43:01] AssetsLoaderTest::testItImplementsSubscriber.INFO: PASSED [] []
[2014-03-14 00:43:01] AssetsLoaderTest::testAddPackageAppendsPackages.INFO: PASSED [] []
[2014-03-14 00:43:01] AssetsLoaderTest::testAddStylesMergeAddedWithExistingArray.INFO: PASSED [] []
[2014-03-14 00:43:01] AssetsLoaderTest::testAddScriptsMergeAddedWithExistingArray.INFO: PASSED [] []
[2014-03-14 00:43:01] AssetsLoaderTest::testItListensGoodEvents.INFO: PASSED [] []
[2014-03-14 00:43:01] AssetsLoaderTest::testItAddsThemesFiles.INFO: PASSED [] []
[2014-03-14 00:43:01] AssetsLoaderTest::testItAddsTemplateVariablesOnSetupTemplate.INFO: PASSED [] []
[2014-03-14 00:43:02] AssetsTest::testAssetReturnsCorrectPath.INFO: PASSED [] []
[2014-03-14 00:43:02] AssetsTest::testThemeAssetReturnsCorrectPath.ALERT: Failed asserting that two strings are identical. [] []
[2014-03-14 00:43:02] AssetsTest::testThemeAssetReturnsCorrectPath.INFO: # FAILED # [] []
[2014-03-14 00:43:02] AssetsTest::testThemeAssetReturnsCorrectPath.INFO: PASSED [] []
[2014-03-14 00:43:02] ExtensionTest::testFunctional.INFO: PASSED [] []
[2014-03-14 00:43:02] PackageLoaderTest::testItListensGoodEvents.INFO: PASSED [] []
[2014-03-14 00:43:02] PackageLoaderTest::testTwitterBootstrapPackageCanBeFound.INFO: PASSED [] []
[2014-03-14 00:43:02] PackageLoaderTest::testTestPackageCannotBeFound.INFO: PASSED [] []
[2014-03-14 00:43:02] PackageLoaderTest::testLoadIsFunctional.INFO: PASSED [] []
[2014-03-14 00:43:02] PackageLoaderTest::testItLoadsDependenciesOnActivatedTheme.INFO: PASSED [] []
[2014-03-14 00:43:02] PackageLoaderTest::testItThrowsExceptionOnUnknownPackage.INFO: PASSED [] []
[2014-03-14 00:43:02] PackageLoaderTest::testItThrowsExceptionOnWrongVersion.INFO: PASSED [] []
[2014-03-14 00:43:02] PackageLoaderTest::testGetPackageThrowsExceptionOnUnknownPackage.INFO: PASSED [] []
[2014-03-14 00:43:02] PackageLoaderTest::testGetPackageThrowsExceptionOnUnknownVariant.INFO: PASSED [] []
[2014-03-14 00:43:02] PackageLoaderTest::testGetPackageThrownExceptionOnBadVersion.INFO: PASSED [] []
[2014-03-14 00:43:02] PackageLoaderTest::testLoadPackageLoadsPackageAssets.INFO: PASSED [] []
[2014-03-14 00:43:02] PackageLoaderTest::testItSkipsCheckedTheme.INFO: PASSED [] []
[2014-03-14 00:43:02] PackageLoaderTest::testItSkipsLoadingIfThemeHasNotAnyDependencies.INFO: PASSED [] []
[2014-03-14 00:43:02] PackageLoaderTest::testItSkipsLoadedPackage.INFO: PASSED [] []
[2014-03-14 00:43:38] AssetsLoaderTest::testItImplementsSubscriber.INFO: PASSED [] []
[2014-03-14 00:43:38] AssetsLoaderTest::testAddPackageAppendsPackages.INFO: PASSED [] []
[2014-03-14 00:43:38] AssetsLoaderTest::testAddStylesMergeAddedWithExistingArray.INFO: PASSED [] []
[2014-03-14 00:43:38] AssetsLoaderTest::testAddScriptsMergeAddedWithExistingArray.INFO: PASSED [] []
[2014-03-14 00:43:38] AssetsLoaderTest::testItListensGoodEvents.INFO: PASSED [] []
[2014-03-14 00:43:38] AssetsLoaderTest::testItAddsThemesFiles.INFO: PASSED [] []
[2014-03-14 00:43:38] AssetsLoaderTest::testItAddsTemplateVariablesOnSetupTemplate.INFO: PASSED [] []
[2014-03-14 00:43:38] AssetsTest::testAssetReturnsCorrectPath.INFO: PASSED [] []
[2014-03-14 00:43:38] AssetsTest::testThemeAssetReturnsCorrectPath.ALERT: Failed asserting that two strings are identical. [] []
[2014-03-14 00:43:38] AssetsTest::testThemeAssetReturnsCorrectPath.INFO: # FAILED # [] []
[2014-03-14 00:43:38] AssetsTest::testThemeAssetReturnsCorrectPath.INFO: PASSED [] []
[2014-03-14 00:43:38] ExtensionTest::testFunctional.INFO: PASSED [] []
[2014-03-14 00:43:38] PackageLoaderTest::testItListensGoodEvents.INFO: PASSED [] []
[2014-03-14 00:43:38] PackageLoaderTest::testTwitterBootstrapPackageCanBeFound.INFO: PASSED [] []
[2014-03-14 00:43:38] PackageLoaderTest::testTestPackageCannotBeFound.INFO: PASSED [] []
[2014-03-14 00:43:38] PackageLoaderTest::testLoadIsFunctional.INFO: PASSED [] []
[2014-03-14 00:43:38] PackageLoaderTest::testItLoadsDependenciesOnActivatedTheme.INFO: PASSED [] []
[2014-03-14 00:43:38] PackageLoaderTest::testItThrowsExceptionOnUnknownPackage.INFO: PASSED [] []
[2014-03-14 00:43:38] PackageLoaderTest::testItThrowsExceptionOnWrongVersion.INFO: PASSED [] []
[2014-03-14 00:43:38] PackageLoaderTest::testGetPackageThrowsExceptionOnUnknownPackage.INFO: PASSED [] []
[2014-03-14 00:43:38] PackageLoaderTest::testGetPackageThrowsExceptionOnUnknownVariant.INFO: PASSED [] []
[2014-03-14 00:43:38] PackageLoaderTest::testGetPackageThrownExceptionOnBadVersion.INFO: PASSED [] []
[2014-03-14 00:43:38] PackageLoaderTest::testLoadPackageLoadsPackageAssets.INFO: PASSED [] []
[2014-03-14 00:43:38] PackageLoaderTest::testItSkipsCheckedTheme.INFO: PASSED [] []
[2014-03-14 00:43:38] PackageLoaderTest::testItSkipsLoadingIfThemeHasNotAnyDependencies.INFO: PASSED [] []
[2014-03-14 00:43:38] PackageLoaderTest::testItSkipsLoadedPackage.INFO: PASSED [] []
[2014-03-14 00:43:48] AssetsLoaderTest::testItImplementsSubscriber.INFO: PASSED [] []
[2014-03-14 00:43:48] AssetsLoaderTest::testAddPackageAppendsPackages.INFO: PASSED [] []
[2014-03-14 00:43:48] AssetsLoaderTest::testAddStylesMergeAddedWithExistingArray.INFO: PASSED [] []
[2014-03-14 00:43:48] AssetsLoaderTest::testAddScriptsMergeAddedWithExistingArray.INFO: PASSED [] []
[2014-03-14 00:43:48] AssetsLoaderTest::testItListensGoodEvents.INFO: PASSED [] []
[2014-03-14 00:43:49] AssetsLoaderTest::testItAddsThemesFiles.INFO: PASSED [] []
[2014-03-14 00:43:49] AssetsLoaderTest::testItAddsTemplateVariablesOnSetupTemplate.INFO: PASSED [] []
[2014-03-14 00:43:49] AssetsTest::testAssetReturnsCorrectPath.INFO: PASSED [] []
[2014-03-14 00:43:49] AssetsTest::testThemeAssetReturnsCorrectPath.INFO: PASSED [] []
[2014-03-14 00:43:49] ExtensionTest::testFunctional.INFO: PASSED [] []
[2014-03-14 00:43:49] PackageLoaderTest::testItListensGoodEvents.INFO: PASSED [] []
[2014-03-14 00:43:49] PackageLoaderTest::testTwitterBootstrapPackageCanBeFound.INFO: PASSED [] []
[2014-03-14 00:43:49] PackageLoaderTest::testTestPackageCannotBeFound.INFO: PASSED [] []
[2014-03-14 00:43:49] PackageLoaderTest::testLoadIsFunctional.INFO: PASSED [] []
[2014-03-14 00:43:49] PackageLoaderTest::testItLoadsDependenciesOnActivatedTheme.INFO: PASSED [] []
[2014-03-14 00:43:49] PackageLoaderTest::testItThrowsExceptionOnUnknownPackage.INFO: PASSED [] []
[2014-03-14 00:43:49] PackageLoaderTest::testItThrowsExceptionOnWrongVersion.INFO: PASSED [] []
[2014-03-14 00:43:49] PackageLoaderTest::testGetPackageThrowsExceptionOnUnknownPackage.INFO: PASSED [] []
[2014-03-14 00:43:49] PackageLoaderTest::testGetPackageThrowsExceptionOnUnknownVariant.INFO: PASSED [] []
[2014-03-14 00:43:49] PackageLoaderTest::testGetPackageThrownExceptionOnBadVersion.INFO: PASSED [] []
[2014-03-14 00:43:49] PackageLoaderTest::testLoadPackageLoadsPackageAssets.INFO: PASSED [] []
[2014-03-14 00:43:49] PackageLoaderTest::testItSkipsCheckedTheme.INFO: PASSED [] []
[2014-03-14 00:43:49] PackageLoaderTest::testItSkipsLoadingIfThemeHasNotAnyDependencies.INFO: PASSED [] []
[2014-03-14 00:43:49] PackageLoaderTest::testItSkipsLoadedPackage.INFO: PASSED [] []
[2014-03-14 00:45:49] AssetsLoaderTest::testItImplementsSubscriber.INFO: PASSED [] []
[2014-03-14 00:45:49] AssetsLoaderTest::testAddPackageAppendsPackages.INFO: PASSED [] []
[2014-03-14 00:45:49] AssetsLoaderTest::testAddStylesMergeAddedWithExistingArray.INFO: PASSED [] []
[2014-03-14 00:45:49] AssetsLoaderTest::testAddScriptsMergeAddedWithExistingArray.INFO: PASSED [] []
[2014-03-14 00:45:49] AssetsLoaderTest::testItListensGoodEvents.INFO: PASSED [] []
[2014-03-14 00:45:49] AssetsLoaderTest::testItAddsThemesFiles.INFO: PASSED [] []
[2014-03-14 00:45:49] AssetsLoaderTest::testItAddsTemplateVariablesOnSetupTemplate.INFO: PASSED [] []
[2014-03-14 00:45:49] AssetsTest::testAssetReturnsCorrectPath.INFO: PASSED [] []
[2014-03-14 00:45:49] AssetsTest::testThemeAssetReturnsCorrectPath.INFO: PASSED [] []
[2014-03-14 00:45:50] ExtensionTest::testFunctional.INFO: PASSED [] []
[2014-03-14 00:45:50] PackageLoaderTest::testItListensGoodEvents.INFO: PASSED [] []
[2014-03-14 00:45:50] PackageLoaderTest::testTwitterBootstrapPackageCanBeFound.INFO: PASSED [] []
[2014-03-14 00:45:50] PackageLoaderTest::testTestPackageCannotBeFound.INFO: PASSED [] []
[2014-03-14 00:45:50] PackageLoaderTest::testLoadIsFunctional.INFO: PASSED [] []
[2014-03-14 00:45:50] PackageLoaderTest::testItLoadsDependenciesOnActivatedTheme.INFO: PASSED [] []
[2014-03-14 00:45:50] PackageLoaderTest::testItThrowsExceptionOnUnknownPackage.INFO: PASSED [] []
[2014-03-14 00:45:50] PackageLoaderTest::testItThrowsExceptionOnWrongVersion.INFO: PASSED [] []
[2014-03-14 00:45:50] PackageLoaderTest::testGetPackageThrowsExceptionOnUnknownPackage.INFO: PASSED [] []
[2014-03-14 00:45:50] PackageLoaderTest::testGetPackageThrowsExceptionOnUnknownVariant.INFO: PASSED [] []
[2014-03-14 00:45:50] PackageLoaderTest::testGetPackageThrownExceptionOnBadVersion.INFO: PASSED [] []
[2014-03-14 00:45:50] PackageLoaderTest::testLoadPackageLoadsPackageAssets.INFO: PASSED [] []
[2014-03-14 00:45:50] PackageLoaderTest::testItSkipsCheckedTheme.INFO: PASSED [] []
[2014-03-14 00:45:50] PackageLoaderTest::testItSkipsLoadingIfThemeHasNotAnyDependencies.INFO: PASSED [] []
[2014-03-14 00:45:50] PackageLoaderTest::testItSkipsLoadedPackage.INFO: PASSED [] []
[2014-03-14 00:45:50] PackageTest::testPackageReturnsItsName.INFO: PASSED [] []
[2014-03-14 00:45:50] PackageTest::testPackageReturnsItsNameAndVersion.INFO: PASSED [] []
[2014-03-14 00:47:21] AssetsLoaderTest::testItImplementsSubscriber.INFO: PASSED [] []
[2014-03-14 00:47:21] AssetsLoaderTest::testAddPackageAppendsPackages.INFO: PASSED [] []
[2014-03-14 00:47:21] AssetsLoaderTest::testAddStylesMergeAddedWithExistingArray.INFO: PASSED [] []
[2014-03-14 00:47:21] AssetsLoaderTest::testAddScriptsMergeAddedWithExistingArray.INFO: PASSED [] []
[2014-03-14 00:47:21] AssetsLoaderTest::testItListensGoodEvents.INFO: PASSED [] []
[2014-03-14 00:47:21] AssetsLoaderTest::testItAddsThemesFiles.INFO: PASSED [] []
[2014-03-14 00:47:21] AssetsLoaderTest::testItAddsTemplateVariablesOnSetupTemplate.INFO: PASSED [] []
[2014-03-14 00:47:21] AssetsTest::testAssetReturnsCorrectPath.INFO: PASSED [] []
[2014-03-14 00:47:21] AssetsTest::testThemeAssetReturnsCorrectPath.INFO: PASSED [] []
[2014-03-14 00:47:21] ExtensionTest::testFunctional.INFO: PASSED [] []
[2014-03-14 00:47:21] PackageLoaderTest::testItListensGoodEvents.INFO: PASSED [] []
[2014-03-14 00:47:21] PackageLoaderTest::testTwitterBootstrapPackageCanBeFound.INFO: PASSED [] []
[2014-03-14 00:47:21] PackageLoaderTest::testTestPackageCannotBeFound.INFO: PASSED [] []
[2014-03-14 00:47:21] PackageLoaderTest::testLoadIsFunctional.INFO: PASSED [] []
[2014-03-14 00:47:21] PackageLoaderTest::testItLoadsDependenciesOnActivatedTheme.ALERT: Expectation failed for method name is equal to <string:addScripts> when invoked 2 time(s).
Method was expected to be called 2 times, actually called 0 times. [] []
[2014-03-14 00:47:21] PackageLoaderTest::testItLoadsDependenciesOnActivatedTheme.INFO: # FAILED # [] []
[2014-03-14 00:47:21] PackageLoaderTest::testItLoadsDependenciesOnActivatedTheme.INFO: PASSED [] []
[2014-03-14 00:47:21] PackageLoaderTest::testItThrowsExceptionOnUnknownPackage.INFO: PASSED [] []
[2014-03-14 00:47:21] PackageLoaderTest::testItThrowsExceptionOnWrongVersion.INFO: PASSED [] []
[2014-03-14 00:47:21] PackageLoaderTest::testGetPackageThrowsExceptionOnUnknownPackage.INFO: PASSED [] []
[2014-03-14 00:47:21] PackageLoaderTest::testGetPackageThrowsExceptionOnUnknownVariant.INFO: PASSED [] []
[2014-03-14 00:47:21] PackageLoaderTest::testGetPackageThrownExceptionOnBadVersion.INFO: PASSED [] []
[2014-03-14 00:47:21] PackageLoaderTest::testLoadPackageLoadsPackageAssets.ALERT: Expectation failed for method name is equal to <string:addScripts> when invoked 1 time(s).
Method was expected to be called 1 times, actually called 0 times. [] []
[2014-03-14 00:47:21] PackageLoaderTest::testLoadPackageLoadsPackageAssets.INFO: # FAILED # [] []
[2014-03-14 00:47:21] PackageLoaderTest::testLoadPackageLoadsPackageAssets.INFO: PASSED [] []
[2014-03-14 00:47:21] PackageLoaderTest::testItSkipsCheckedTheme.INFO: PASSED [] []
[2014-03-14 00:47:22] PackageLoaderTest::testItSkipsLoadingIfThemeHasNotAnyDependencies.INFO: PASSED [] []
[2014-03-14 00:47:22] PackageLoaderTest::testItSkipsLoadedPackage.INFO: PASSED [] []
[2014-03-14 00:47:22] PackageTest::testPackageReturnsItsName.INFO: PASSED [] []
[2014-03-14 00:47:22] PackageTest::testPackageReturnsItsNameAndVersion.INFO: PASSED [] []
[2014-03-14 00:47:30] AssetsLoaderTest::testItImplementsSubscriber.INFO: PASSED [] []
[2014-03-14 00:47:30] AssetsLoaderTest::testAddPackageAppendsPackages.INFO: PASSED [] []
[2014-03-14 00:47:30] AssetsLoaderTest::testAddStylesMergeAddedWithExistingArray.INFO: PASSED [] []
[2014-03-14 00:47:30] AssetsLoaderTest::testAddScriptsMergeAddedWithExistingArray.INFO: PASSED [] []
[2014-03-14 00:47:30] AssetsLoaderTest::testItListensGoodEvents.INFO: PASSED [] []
[2014-03-14 00:47:30] AssetsLoaderTest::testItAddsThemesFiles.INFO: PASSED [] []
[2014-03-14 00:47:30] AssetsLoaderTest::testItAddsTemplateVariablesOnSetupTemplate.INFO: PASSED [] []
[2014-03-14 00:47:30] AssetsTest::testAssetReturnsCorrectPath.INFO: PASSED [] []
[2014-03-14 00:47:30] AssetsTest::testThemeAssetReturnsCorrectPath.INFO: PASSED [] []
[2014-03-14 00:47:30] ExtensionTest::testFunctional.INFO: PASSED [] []
[2014-03-14 00:47:30] PackageLoaderTest::testItListensGoodEvents.INFO: PASSED [] []
[2014-03-14 00:47:30] PackageLoaderTest::testTwitterBootstrapPackageCanBeFound.INFO: PASSED [] []
[2014-03-14 00:47:30] PackageLoaderTest::testTestPackageCannotBeFound.INFO: PASSED [] []
[2014-03-14 00:47:30] PackageLoaderTest::testLoadIsFunctional.INFO: PASSED [] []
[2014-03-14 00:47:31] PackageLoaderTest::testItLoadsDependenciesOnActivatedTheme.INFO: PASSED [] []
[2014-03-14 00:47:31] PackageLoaderTest::testItThrowsExceptionOnUnknownPackage.INFO: PASSED [] []
[2014-03-14 00:47:31] PackageLoaderTest::testItThrowsExceptionOnWrongVersion.INFO: PASSED [] []
[2014-03-14 00:47:31] PackageLoaderTest::testGetPackageThrowsExceptionOnUnknownPackage.INFO: PASSED [] []
[2014-03-14 00:47:31] PackageLoaderTest::testGetPackageThrowsExceptionOnUnknownVariant.INFO: PASSED [] []
[2014-03-14 00:47:31] PackageLoaderTest::testGetPackageThrownExceptionOnBadVersion.INFO: PASSED [] []
[2014-03-14 00:47:31] PackageLoaderTest::testLoadPackageLoadsPackageAssets.INFO: PASSED [] []
[2014-03-14 00:47:31] PackageLoaderTest::testItSkipsCheckedTheme.INFO: PASSED [] []
[2014-03-14 00:47:31] PackageLoaderTest::testItSkipsLoadingIfThemeHasNotAnyDependencies.INFO: PASSED [] []
[2014-03-14 00:47:31] PackageLoaderTest::testItSkipsLoadedPackage.INFO: PASSED [] []
[2014-03-14 00:47:31] PackageTest::testPackageReturnsItsName.INFO: PASSED [] []
[2014-03-14 00:47:31] PackageTest::testPackageReturnsItsNameAndVersion.INFO: PASSED [] []
[2014-03-14 01:20:23] AssetsLoaderTest::testItImplementsSubscriber.INFO: PASSED [] []
[2014-03-14 01:20:23] AssetsLoaderTest::testAddPackageAppendsPackages.INFO: PASSED [] []
[2014-03-14 01:20:23] AssetsLoaderTest::testAddStylesMergeAddedWithExistingArray.INFO: PASSED [] []
[2014-03-14 01:20:23] AssetsLoaderTest::testAddScriptsMergeAddedWithExistingArray.INFO: PASSED [] []
[2014-03-14 01:20:23] AssetsLoaderTest::testItListensGoodEvents.INFO: PASSED [] []
[2014-03-14 01:20:23] AssetsLoaderTest::testItAddsThemesFiles.INFO: # Skipped # [] []
[2014-03-14 01:20:23] AssetsLoaderTest::testItAddsThemesFiles.INFO: PASSED [] []
[2014-03-14 01:20:23] AssetsLoaderTest::testItAddsTemplateVariablesOnSetupTemplate.INFO: PASSED [] []
[2014-03-14 01:20:23] AssetsTest::testAssetReturnsCorrectPath.INFO: PASSED [] []
[2014-03-14 01:21:37] AssetsLoaderTest::testItImplementsSubscriber.INFO: PASSED [] []
[2014-03-14 01:21:37] AssetsLoaderTest::testAddPackageAppendsPackages.INFO: PASSED [] []
[2014-03-14 01:21:37] AssetsLoaderTest::testAddStylesMergeAddedWithExistingArray.INFO: PASSED [] []
[2014-03-14 01:21:37] AssetsLoaderTest::testAddScriptsMergeAddedWithExistingArray.INFO: PASSED [] []
[2014-03-14 01:21:37] AssetsLoaderTest::testItListensGoodEvents.INFO: PASSED [] []
[2014-03-14 01:21:37] AssetsLoaderTest::testItAddsThemesFiles.INFO: # Skipped # [] []
[2014-03-14 01:21:37] AssetsLoaderTest::testItAddsThemesFiles.INFO: PASSED [] []
[2014-03-14 01:21:37] AssetsLoaderTest::testItAddsTemplateVariablesOnSetupTemplate.INFO: PASSED [] []
[2014-03-14 01:21:37] AssetsTest::testAssetReturnsCorrectPath.INFO: PASSED [] []
[2014-03-14 01:21:37] AssetsTest::testThemeAssetReturnsCorrectPath.INFO: # Skipped # [] []
[2014-03-14 01:21:37] AssetsTest::testThemeAssetReturnsCorrectPath.INFO: PASSED [] []
[2014-03-14 01:21:37] ExtensionTest::testFunctional.INFO: PASSED [] []
[2014-03-14 01:21:37] PackageLoaderTest::testItListensGoodEvents.INFO: PASSED [] []
[2014-03-14 01:21:37] PackageLoaderTest::testTwitterBootstrapPackageCanBeFound.INFO: PASSED [] []
[2014-03-14 01:21:37] PackageLoaderTest::testTestPackageCannotBeFound.INFO: PASSED [] []
[2014-03-14 01:21:37] PackageLoaderTest::testLoadIsFunctional.INFO: PASSED [] []
[2014-03-14 01:21:37] PackageLoaderTest::testItLoadsDependenciesOnActivatedTheme.INFO: # Skipped # [] []
[2014-03-14 01:21:37] PackageLoaderTest::testItLoadsDependenciesOnActivatedTheme.INFO: PASSED [] []
[2014-03-14 01:21:37] PackageLoaderTest::testItThrowsExceptionOnUnknownPackage.INFO: # Skipped # [] []
[2014-03-14 01:21:37] PackageLoaderTest::testItThrowsExceptionOnUnknownPackage.INFO: PASSED [] []
[2014-03-14 01:21:37] PackageLoaderTest::testItThrowsExceptionOnWrongVersion.INFO: # Skipped # [] []
[2014-03-14 01:21:37] PackageLoaderTest::testItThrowsExceptionOnWrongVersion.INFO: PASSED [] []
[2014-03-14 01:21:37] PackageLoaderTest::testGetPackageThrowsExceptionOnUnknownPackage.INFO: PASSED [] []
[2014-03-14 01:21:37] PackageLoaderTest::testGetPackageThrowsExceptionOnUnknownVariant.INFO: PASSED [] []
[2014-03-14 01:21:37] PackageLoaderTest::testGetPackageThrownExceptionOnBadVersion.INFO: PASSED [] []
[2014-03-14 01:21:37] PackageLoaderTest::testLoadPackageLoadsPackageAssets.INFO: PASSED [] []
[2014-03-14 01:21:37] PackageLoaderTest::testItSkipsCheckedTheme.INFO: # Skipped # [] []
[2014-03-14 01:21:37] PackageLoaderTest::testItSkipsCheckedTheme.INFO: PASSED [] []
[2014-03-14 01:21:37] PackageLoaderTest::testItSkipsLoadingIfThemeHasNotAnyDependencies.INFO: # Skipped # [] []
[2014-03-14 01:21:37] PackageLoaderTest::testItSkipsLoadingIfThemeHasNotAnyDependencies.INFO: PASSED [] []
[2014-03-14 01:21:37] PackageLoaderTest::testItSkipsLoadedPackage.INFO: PASSED [] []
[2014-03-14 01:21:37] PackageTest::testPackageReturnsItsName.INFO: PASSED [] []
[2014-03-14 01:21:37] PackageTest::testPackageReturnsItsNameAndVersion.INFO: PASSED [] []
