[2014-03-13 01:20:33] AssetsLoaderTest::testAddPackageAppendsPackages.INFO: PASSED [] []
[2014-03-13 01:20:33] AssetsLoaderTest::testAddStylesMergeAddedWithExistingArray.INFO: PASSED [] []
[2014-03-13 01:20:33] AssetsLoaderTest::testAddScriptsMergeAddedWithExistingArray.INFO: PASSED [] []
[2014-03-13 01:20:33] ExtensionTest::testFunctional.INFO: PASSED [] []
[2014-03-13 01:21:04] AssetsLoaderTest::testAddPackageAppendsPackages.INFO: PASSED [] []
[2014-03-13 01:21:04] AssetsLoaderTest::testAddStylesMergeAddedWithExistingArray.INFO: PASSED [] []
[2014-03-13 01:21:04] AssetsLoaderTest::testAddScriptsMergeAddedWithExistingArray.INFO: PASSED [] []
[2014-03-13 01:21:04] ExtensionTest::testFunctional.INFO: PASSED [] []
[2014-03-13 01:24:10] AssetsLoaderTest::testAddPackageAppendsPackages.INFO: PASSED [] []
[2014-03-13 01:24:10] AssetsLoaderTest::testAddStylesMergeAddedWithExistingArray.INFO: PASSED [] []
[2014-03-13 01:24:10] AssetsLoaderTest::testAddScriptsMergeAddedWithExistingArray.INFO: PASSED [] []
[2014-03-13 01:24:10] AssetsLoaderTest::testItListensGoodEvents.ALERT: Use of undefined constant APP_DIR - assumed 'APP_DIR' [] []
[2014-03-13 01:24:10] AssetsLoaderTest::testItListensGoodEvents.INFO: # ERROR # [] []
[2014-03-13 01:24:10] AssetsLoaderTest::testItListensGoodEvents.INFO: PASSED [] []
[2014-03-13 01:24:10] ExtensionTest::testFunctional.INFO: PASSED [] []
[2014-03-13 01:25:47] AssetsLoaderTest::testAddPackageAppendsPackages.INFO: PASSED [] []
[2014-03-13 01:25:47] AssetsLoaderTest::testAddStylesMergeAddedWithExistingArray.INFO: PASSED [] []
[2014-03-13 01:25:47] AssetsLoaderTest::testAddScriptsMergeAddedWithExistingArray.INFO: PASSED [] []
[2014-03-13 01:25:47] AssetsLoaderTest::testItListensGoodEvents.ALERT: Use of undefined constant APP_DIR - assumed 'APP_DIR' [] []
[2014-03-13 01:25:47] AssetsLoaderTest::testItListensGoodEvents.INFO: # ERROR # [] []
[2014-03-13 01:25:47] AssetsLoaderTest::testItListensGoodEvents.INFO: PASSED [] []
[2014-03-13 01:25:47] ExtensionTest::testFunctional.INFO: PASSED [] []
[2014-03-13 01:27:05] AssetsLoaderTest::testAddPackageAppendsPackages.INFO: PASSED [] []
[2014-03-13 01:27:05] AssetsLoaderTest::testAddStylesMergeAddedWithExistingArray.INFO: PASSED [] []
[2014-03-13 01:27:05] AssetsLoaderTest::testAddScriptsMergeAddedWithExistingArray.INFO: PASSED [] []
[2014-03-13 01:27:05] AssetsLoaderTest::testItListensGoodEvents.ALERT: Use of undefined constant APP_DIR - assumed 'APP_DIR' [] []
[2014-03-13 01:27:05] AssetsLoaderTest::testItListensGoodEvents.INFO: # ERROR # [] []
[2014-03-13 01:27:05] AssetsLoaderTest::testItListensGoodEvents.INFO: PASSED [] []
[2014-03-13 01:27:05] ExtensionTest::testFunctional.INFO: PASSED [] []
[2014-03-13 01:28:43] AssetsLoaderTest::testAddPackageAppendsPackages.INFO: PASSED [] []
[2014-03-13 01:28:43] AssetsLoaderTest::testAddStylesMergeAddedWithExistingArray.INFO: PASSED [] []
[2014-03-13 01:28:43] AssetsLoaderTest::testAddScriptsMergeAddedWithExistingArray.INFO: PASSED [] []
[2014-03-13 01:28:44] AssetsLoaderTest::testItListensGoodEvents.INFO: PASSED [] []
[2014-03-13 01:28:44] ExtensionTest::testFunctional.INFO: PASSED [] []
[2014-03-13 01:32:53] AssetsLoaderTest::testAddPackageAppendsPackages.INFO: PASSED [] []
[2014-03-13 01:32:53] AssetsLoaderTest::testAddStylesMergeAddedWithExistingArray.INFO: PASSED [] []
[2014-03-13 01:32:53] AssetsLoaderTest::testAddScriptsMergeAddedWithExistingArray.INFO: PASSED [] []
[2014-03-13 01:32:53] AssetsLoaderTest::testItListensGoodEvents.INFO: PASSED [] []
[2014-03-13 01:32:53] AssetsLoaderTest::testItAddsThemesFiles.INFO: # Skipped # [] []
[2014-03-13 01:32:53] AssetsLoaderTest::testItAddsThemesFiles.INFO: PASSED [] []
[2014-03-13 01:32:53] ExtensionTest::testFunctional.INFO: PASSED [] []
[2014-03-13 01:40:40] AssetsLoaderTest::testAddPackageAppendsPackages.INFO: PASSED [] []
[2014-03-13 01:40:40] AssetsLoaderTest::testAddStylesMergeAddedWithExistingArray.INFO: PASSED [] []
[2014-03-13 01:40:40] AssetsLoaderTest::testAddScriptsMergeAddedWithExistingArray.INFO: PASSED [] []
[2014-03-13 01:40:40] AssetsLoaderTest::testItListensGoodEvents.INFO: PASSED [] []
[2014-03-13 01:40:41] AssetsLoaderTest::testItAddsThemesFiles.ALERT: Failed asserting that two arrays are equal. [] []
[2014-03-13 01:40:41] AssetsLoaderTest::testItAddsThemesFiles.INFO: # FAILED # [] []
[2014-03-13 01:40:41] AssetsLoaderTest::testItAddsThemesFiles.INFO: PASSED [] []
[2014-03-13 01:40:41] ExtensionTest::testFunctional.INFO: PASSED [] []
[2014-03-13 01:41:46] AssetsLoaderTest::testAddPackageAppendsPackages.INFO: PASSED [] []
[2014-03-13 01:41:46] AssetsLoaderTest::testAddStylesMergeAddedWithExistingArray.INFO: PASSED [] []
[2014-03-13 01:41:46] AssetsLoaderTest::testAddScriptsMergeAddedWithExistingArray.INFO: PASSED [] []
[2014-03-13 01:41:46] AssetsLoaderTest::testItListensGoodEvents.INFO: PASSED [] []
[2014-03-13 01:41:46] AssetsLoaderTest::testItAddsThemesFiles.INFO: PASSED [] []
[2014-03-13 01:41:46] ExtensionTest::testFunctional.INFO: PASSED [] []
[2014-03-13 01:43:41] AssetsLoaderTest::testAddPackageAppendsPackages.INFO: PASSED [] []
[2014-03-13 01:43:41] AssetsLoaderTest::testAddStylesMergeAddedWithExistingArray.INFO: PASSED [] []
[2014-03-13 01:43:41] AssetsLoaderTest::testAddScriptsMergeAddedWithExistingArray.INFO: PASSED [] []
[2014-03-13 01:43:41] AssetsLoaderTest::testItListensGoodEvents.INFO: PASSED [] []
[2014-03-13 01:43:41] AssetsLoaderTest::testItAddsThemesFiles.INFO: PASSED [] []
[2014-03-13 01:43:41] AssetsLoaderTest::testItAddsTemplateVariablesOnSetupTemplate.INFO: PASSED [] []
[2014-03-13 01:43:41] ExtensionTest::testFunctional.INFO: PASSED [] []
[2014-03-13 01:51:22] AssetsLoaderTest::testAddPackageAppendsPackages.INFO: PASSED [] []
[2014-03-13 01:51:22] AssetsLoaderTest::testAddStylesMergeAddedWithExistingArray.INFO: PASSED [] []
[2014-03-13 01:51:22] AssetsLoaderTest::testAddScriptsMergeAddedWithExistingArray.INFO: PASSED [] []
[2014-03-13 01:51:22] AssetsLoaderTest::testItListensGoodEvents.INFO: PASSED [] []
[2014-03-13 01:51:22] AssetsLoaderTest::testItAddsThemesFiles.INFO: PASSED [] []
[2014-03-13 01:51:22] AssetsLoaderTest::testItAddsTemplateVariablesOnSetupTemplate.INFO: PASSED [] []
[2014-03-13 01:51:22] ExtensionTest::testFunctional.INFO: PASSED [] []
[2014-03-13 01:51:22] PackageLoaderTest::testMe.ALERT: Argument 1 passed to AnnotateCms\Packages\Loaders\PackageLoader::__construct() must be an instance of AnnotateCms\Packages\Loaders\AssetsLoader, instance of Mock_AssetLoader_d957a097 given, called in /home/michal/www/cms/vendor/annotatecms/packages/tests/unit/PackageLoaderTest.php on line 14 and defined [] []
[2014-03-13 01:51:22] PackageLoaderTest::testMe.INFO: # ERROR # [] []
[2014-03-13 01:51:22] PackageLoaderTest::testMe.INFO: PASSED [] []
[2014-03-13 01:59:50] AssetsLoaderTest::testAddPackageAppendsPackages.INFO: PASSED [] []
[2014-03-13 01:59:50] AssetsLoaderTest::testAddStylesMergeAddedWithExistingArray.INFO: PASSED [] []
[2014-03-13 01:59:50] AssetsLoaderTest::testAddScriptsMergeAddedWithExistingArray.INFO: PASSED [] []
[2014-03-13 01:59:50] AssetsLoaderTest::testItListensGoodEvents.INFO: PASSED [] []
[2014-03-13 01:59:50] AssetsLoaderTest::testItAddsThemesFiles.INFO: PASSED [] []
[2014-03-13 01:59:50] AssetsLoaderTest::testItAddsTemplateVariablesOnSetupTemplate.INFO: PASSED [] []
[2014-03-13 01:59:50] ExtensionTest::testFunctional.INFO: PASSED [] []
[2014-03-13 01:59:50] PackageLoaderTest::testMe.ALERT: Argument 1 passed to AnnotateCms\Packages\Loaders\PackageLoader::__construct() must implement interface AnnotateCms\Packages\Loaders\IAssetsLoader, instance of Mock_AssetLoader_88ff8e95 given, called in /home/michal/www/cms/vendor/annotatecms/packages/tests/unit/PackageLoaderTest.php on line 19 and defined [] []
[2014-03-13 01:59:50] PackageLoaderTest::testMe.INFO: # ERROR # [] []
[2014-03-13 01:59:50] PackageLoaderTest::testMe.INFO: PASSED [] []
[2014-03-13 02:00:21] AssetsLoaderTest::testAddPackageAppendsPackages.INFO: PASSED [] []
[2014-03-13 02:00:21] AssetsLoaderTest::testAddStylesMergeAddedWithExistingArray.INFO: PASSED [] []
[2014-03-13 02:00:22] AssetsLoaderTest::testAddScriptsMergeAddedWithExistingArray.INFO: PASSED [] []
[2014-03-13 02:00:22] AssetsLoaderTest::testItListensGoodEvents.INFO: PASSED [] []
[2014-03-13 02:00:22] AssetsLoaderTest::testItAddsThemesFiles.INFO: PASSED [] []
[2014-03-13 02:00:22] AssetsLoaderTest::testItAddsTemplateVariablesOnSetupTemplate.INFO: PASSED [] []
[2014-03-13 02:00:22] ExtensionTest::testFunctional.INFO: PASSED [] []
[2014-03-13 02:00:22] PackageLoaderTest::testMe.ALERT: Argument 1 passed to AnnotateCms\Packages\Loaders\PackageLoader::__construct() must implement interface AnnotateCms\Packages\Loaders\IAssetsLoader, string given, called in /home/michal/www/cms/vendor/annotatecms/packages/tests/unit/PackageLoaderTest.php on line 19 and defined [] []
[2014-03-13 02:00:22] PackageLoaderTest::testMe.INFO: # ERROR # [] []
[2014-03-13 02:00:22] PackageLoaderTest::testMe.INFO: PASSED [] []
[2014-03-13 02:00:41] AssetsLoaderTest::testAddPackageAppendsPackages.INFO: PASSED [] []
[2014-03-13 02:00:41] AssetsLoaderTest::testAddStylesMergeAddedWithExistingArray.INFO: PASSED [] []
[2014-03-13 02:00:41] AssetsLoaderTest::testAddScriptsMergeAddedWithExistingArray.INFO: PASSED [] []
[2014-03-13 02:00:41] AssetsLoaderTest::testItListensGoodEvents.INFO: PASSED [] []
[2014-03-13 02:00:41] AssetsLoaderTest::testItAddsThemesFiles.INFO: PASSED [] []
[2014-03-13 02:00:41] AssetsLoaderTest::testItAddsTemplateVariablesOnSetupTemplate.INFO: PASSED [] []
[2014-03-13 02:00:41] ExtensionTest::testFunctional.INFO: PASSED [] []
[2014-03-13 02:00:57] AssetsLoaderTest::testAddPackageAppendsPackages.INFO: PASSED [] []
[2014-03-13 02:00:57] AssetsLoaderTest::testAddStylesMergeAddedWithExistingArray.INFO: PASSED [] []
[2014-03-13 02:00:57] AssetsLoaderTest::testAddScriptsMergeAddedWithExistingArray.INFO: PASSED [] []
[2014-03-13 02:00:57] AssetsLoaderTest::testItListensGoodEvents.INFO: PASSED [] []
[2014-03-13 02:00:57] AssetsLoaderTest::testItAddsThemesFiles.INFO: PASSED [] []
[2014-03-13 02:00:57] AssetsLoaderTest::testItAddsTemplateVariablesOnSetupTemplate.INFO: PASSED [] []
[2014-03-13 02:00:57] ExtensionTest::testFunctional.INFO: PASSED [] []
[2014-03-13 02:01:05] AssetsLoaderTest::testAddPackageAppendsPackages.INFO: PASSED [] []
[2014-03-13 02:01:05] AssetsLoaderTest::testAddStylesMergeAddedWithExistingArray.INFO: PASSED [] []
[2014-03-13 02:01:05] AssetsLoaderTest::testAddScriptsMergeAddedWithExistingArray.INFO: PASSED [] []
[2014-03-13 02:01:05] AssetsLoaderTest::testItListensGoodEvents.INFO: PASSED [] []
[2014-03-13 02:01:05] AssetsLoaderTest::testItAddsThemesFiles.INFO: PASSED [] []
[2014-03-13 02:01:05] AssetsLoaderTest::testItAddsTemplateVariablesOnSetupTemplate.INFO: PASSED [] []
[2014-03-13 02:01:05] ExtensionTest::testFunctional.INFO: PASSED [] []
[2014-03-13 02:01:05] PackageLoaderTest::testMe.ALERT: Argument 1 passed to AnnotateCms\Packages\Loaders\PackageLoader::__construct() must implement interface AnnotateCms\Packages\Loaders\IAssetsLoader, instance of Mock_IAssetLoader_b16cd199 given, called in /home/michal/www/cms/vendor/annotatecms/packages/tests/unit/PackageLoaderTest.php on line 19 and defined [] []
[2014-03-13 02:01:05] PackageLoaderTest::testMe.INFO: # ERROR # [] []
[2014-03-13 02:01:05] PackageLoaderTest::testMe.INFO: PASSED [] []
[2014-03-13 02:05:02] AssetsLoaderTest::testAddPackageAppendsPackages.INFO: PASSED [] []
[2014-03-13 02:05:02] AssetsLoaderTest::testAddStylesMergeAddedWithExistingArray.INFO: PASSED [] []
[2014-03-13 02:05:02] AssetsLoaderTest::testAddScriptsMergeAddedWithExistingArray.INFO: PASSED [] []
[2014-03-13 02:05:02] AssetsLoaderTest::testItListensGoodEvents.INFO: PASSED [] []
[2014-03-13 02:05:02] AssetsLoaderTest::testItAddsThemesFiles.INFO: PASSED [] []
[2014-03-13 02:05:02] AssetsLoaderTest::testItAddsTemplateVariablesOnSetupTemplate.INFO: PASSED [] []
[2014-03-13 02:05:02] ExtensionTest::testFunctional.INFO: PASSED [] []
[2014-03-13 02:05:02] PackageLoaderTest::testMe.INFO: PASSED [] []
[2014-03-13 02:06:30] AssetsLoaderTest::testAddPackageAppendsPackages.INFO: PASSED [] []
[2014-03-13 02:06:30] AssetsLoaderTest::testAddStylesMergeAddedWithExistingArray.INFO: PASSED [] []
[2014-03-13 02:06:30] AssetsLoaderTest::testAddScriptsMergeAddedWithExistingArray.INFO: PASSED [] []
[2014-03-13 02:06:30] AssetsLoaderTest::testItListensGoodEvents.INFO: PASSED [] []
[2014-03-13 02:06:30] AssetsLoaderTest::testItAddsThemesFiles.INFO: PASSED [] []
[2014-03-13 02:06:30] AssetsLoaderTest::testItAddsTemplateVariablesOnSetupTemplate.INFO: PASSED [] []
[2014-03-13 02:06:30] ExtensionTest::testFunctional.INFO: PASSED [] []
[2014-03-13 02:08:06] AssetsLoaderTest::testItImplementsSubscriber.INFO: PASSED [] []
[2014-03-13 02:08:06] AssetsLoaderTest::testAddPackageAppendsPackages.INFO: PASSED [] []
[2014-03-13 02:08:06] AssetsLoaderTest::testAddStylesMergeAddedWithExistingArray.INFO: PASSED [] []
[2014-03-13 02:08:06] AssetsLoaderTest::testAddScriptsMergeAddedWithExistingArray.INFO: PASSED [] []
[2014-03-13 02:08:06] AssetsLoaderTest::testItListensGoodEvents.INFO: PASSED [] []
[2014-03-13 02:08:06] AssetsLoaderTest::testItAddsThemesFiles.INFO: PASSED [] []
[2014-03-13 02:08:06] AssetsLoaderTest::testItAddsTemplateVariablesOnSetupTemplate.INFO: PASSED [] []
[2014-03-13 02:08:06] ExtensionTest::testFunctional.INFO: PASSED [] []
[2014-03-13 02:09:23] AssetsLoaderTest::testItImplementsSubscriber.INFO: PASSED [] []
[2014-03-13 02:09:23] AssetsLoaderTest::testAddPackageAppendsPackages.INFO: PASSED [] []
[2014-03-13 02:09:23] AssetsLoaderTest::testAddStylesMergeAddedWithExistingArray.INFO: PASSED [] []
[2014-03-13 02:09:23] AssetsLoaderTest::testAddScriptsMergeAddedWithExistingArray.INFO: PASSED [] []
[2014-03-13 02:09:23] AssetsLoaderTest::testItListensGoodEvents.INFO: PASSED [] []
[2014-03-13 02:09:23] AssetsLoaderTest::testItAddsThemesFiles.INFO: PASSED [] []
[2014-03-13 02:09:23] AssetsLoaderTest::testItAddsTemplateVariablesOnSetupTemplate.INFO: PASSED [] []
[2014-03-13 02:09:24] ExtensionTest::testFunctional.INFO: PASSED [] []
[2014-03-13 02:09:24] PackageLoaderTest::testItListensGoodEvents.INFO: PASSED [] []
[2014-03-13 23:10:54] AssetsLoaderTest::testItImplementsSubscriber.INFO: PASSED [] []
[2014-03-13 23:10:54] AssetsLoaderTest::testAddPackageAppendsPackages.INFO: PASSED [] []
[2014-03-13 23:10:54] AssetsLoaderTest::testAddStylesMergeAddedWithExistingArray.INFO: PASSED [] []
[2014-03-13 23:10:54] AssetsLoaderTest::testAddScriptsMergeAddedWithExistingArray.INFO: PASSED [] []
[2014-03-13 23:10:54] AssetsLoaderTest::testItListensGoodEvents.INFO: PASSED [] []
[2014-03-13 23:10:54] AssetsLoaderTest::testItAddsThemesFiles.INFO: PASSED [] []
[2014-03-13 23:10:54] AssetsLoaderTest::testItAddsTemplateVariablesOnSetupTemplate.INFO: PASSED [] []
[2014-03-13 23:10:54] ExtensionTest::testFunctional.INFO: PASSED [] []
[2014-03-13 23:10:54] PackageLoaderTest::testItListensGoodEvents.INFO: PASSED [] []
[2014-03-13 23:10:54] PackageLoaderTest::testItLoadsDependenciesOnActivatedTheme.INFO: PASSED [] []
[2014-03-13 23:11:35] AssetsLoaderTest::testItImplementsSubscriber.INFO: PASSED [] []
[2014-03-13 23:11:35] AssetsLoaderTest::testAddPackageAppendsPackages.INFO: PASSED [] []
[2014-03-13 23:11:35] AssetsLoaderTest::testAddStylesMergeAddedWithExistingArray.INFO: PASSED [] []
[2014-03-13 23:11:35] AssetsLoaderTest::testAddScriptsMergeAddedWithExistingArray.INFO: PASSED [] []
[2014-03-13 23:11:35] AssetsLoaderTest::testItListensGoodEvents.INFO: PASSED [] []
[2014-03-13 23:11:35] AssetsLoaderTest::testItAddsThemesFiles.INFO: PASSED [] []
[2014-03-13 23:11:35] AssetsLoaderTest::testItAddsTemplateVariablesOnSetupTemplate.INFO: PASSED [] []
[2014-03-13 23:11:35] ExtensionTest::testFunctional.INFO: PASSED [] []
[2014-03-13 23:11:35] PackageLoaderTest::testItListensGoodEvents.ALERT: Argument 1 passed to AnnotateCms\Packages\Loaders\PackageLoader::__construct() must implement interface AnnotateCms\Packages\Loaders\IAssetsLoader, instance of Mock_AssetLoader_57772211 given, called in /home/michal/www/cms/vendor/annotatecms/packages/tests/unit/PackageLoaderTest.php on line 19 and defined [] []
[2014-03-13 23:11:35] PackageLoaderTest::testItListensGoodEvents.INFO: # ERROR # [] []
[2014-03-13 23:11:35] PackageLoaderTest::testItListensGoodEvents.INFO: PASSED [] []
[2014-03-13 23:11:35] PackageLoaderTest::testItLoadsDependenciesOnActivatedTheme.ALERT: Argument 1 passed to AnnotateCms\Packages\Loaders\PackageLoader::__construct() must implement interface AnnotateCms\Packages\Loaders\IAssetsLoader, instance of Mock_AssetLoader_57772211 given, called in /home/michal/www/cms/vendor/annotatecms/packages/tests/unit/PackageLoaderTest.php on line 19 and defined [] []
[2014-03-13 23:11:35] PackageLoaderTest::testItLoadsDependenciesOnActivatedTheme.INFO: # ERROR # [] []
[2014-03-13 23:11:35] PackageLoaderTest::testItLoadsDependenciesOnActivatedTheme.INFO: PASSED [] []
[2014-03-13 23:12:31] AssetsLoaderTest::testItImplementsSubscriber.INFO: PASSED [] []
[2014-03-13 23:12:31] AssetsLoaderTest::testAddPackageAppendsPackages.INFO: PASSED [] []
[2014-03-13 23:12:31] AssetsLoaderTest::testAddStylesMergeAddedWithExistingArray.INFO: PASSED [] []
[2014-03-13 23:12:31] AssetsLoaderTest::testAddScriptsMergeAddedWithExistingArray.INFO: PASSED [] []
[2014-03-13 23:12:31] AssetsLoaderTest::testItListensGoodEvents.INFO: PASSED [] []
[2014-03-13 23:12:31] AssetsLoaderTest::testItAddsThemesFiles.INFO: PASSED [] []
[2014-03-13 23:12:31] AssetsLoaderTest::testItAddsTemplateVariablesOnSetupTemplate.INFO: PASSED [] []
[2014-03-13 23:12:31] ExtensionTest::testFunctional.INFO: PASSED [] []
[2014-03-13 23:12:31] PackageLoaderTest::testItListensGoodEvents.ALERT: Argument 1 passed to AnnotateCms\Packages\Loaders\PackageLoader::__construct() must be an instance of AnnotateCms\Packages\Loaders\AssetsLoader, instance of Mock_AssetLoader_4b6cdfa0 given, called in /home/michal/www/cms/vendor/annotatecms/packages/tests/unit/PackageLoaderTest.php on line 19 and defined [] []
[2014-03-13 23:12:31] PackageLoaderTest::testItListensGoodEvents.INFO: # ERROR # [] []
[2014-03-13 23:12:31] PackageLoaderTest::testItListensGoodEvents.INFO: PASSED [] []
[2014-03-13 23:12:31] PackageLoaderTest::testItLoadsDependenciesOnActivatedTheme.ALERT: Argument 1 passed to AnnotateCms\Packages\Loaders\PackageLoader::__construct() must be an instance of AnnotateCms\Packages\Loaders\AssetsLoader, instance of Mock_AssetLoader_4b6cdfa0 given, called in /home/michal/www/cms/vendor/annotatecms/packages/tests/unit/PackageLoaderTest.php on line 19 and defined [] []
[2014-03-13 23:12:31] PackageLoaderTest::testItLoadsDependenciesOnActivatedTheme.INFO: # ERROR # [] []
[2014-03-13 23:12:31] PackageLoaderTest::testItLoadsDependenciesOnActivatedTheme.INFO: PASSED [] []
[2014-03-13 23:12:50] AssetsLoaderTest::testItImplementsSubscriber.INFO: PASSED [] []
[2014-03-13 23:12:50] AssetsLoaderTest::testAddPackageAppendsPackages.INFO: PASSED [] []
[2014-03-13 23:12:50] AssetsLoaderTest::testAddStylesMergeAddedWithExistingArray.INFO: PASSED [] []
[2014-03-13 23:12:50] AssetsLoaderTest::testAddScriptsMergeAddedWithExistingArray.INFO: PASSED [] []
[2014-03-13 23:12:50] AssetsLoaderTest::testItListensGoodEvents.INFO: PASSED [] []
[2014-03-13 23:12:50] AssetsLoaderTest::testItAddsThemesFiles.INFO: PASSED [] []
[2014-03-13 23:12:50] AssetsLoaderTest::testItAddsTemplateVariablesOnSetupTemplate.INFO: PASSED [] []
[2014-03-13 23:12:50] ExtensionTest::testFunctional.INFO: PASSED [] []
[2014-03-13 23:13:43] AssetsLoaderTest::testItImplementsSubscriber.INFO: PASSED [] []
[2014-03-13 23:13:43] AssetsLoaderTest::testAddPackageAppendsPackages.INFO: PASSED [] []
[2014-03-13 23:13:43] AssetsLoaderTest::testAddStylesMergeAddedWithExistingArray.INFO: PASSED [] []
[2014-03-13 23:13:43] AssetsLoaderTest::testAddScriptsMergeAddedWithExistingArray.INFO: PASSED [] []
[2014-03-13 23:13:43] AssetsLoaderTest::testItListensGoodEvents.INFO: PASSED [] []
[2014-03-13 23:13:43] AssetsLoaderTest::testItAddsThemesFiles.INFO: PASSED [] []
[2014-03-13 23:13:43] AssetsLoaderTest::testItAddsTemplateVariablesOnSetupTemplate.INFO: PASSED [] []
[2014-03-13 23:13:43] ExtensionTest::testFunctional.INFO: PASSED [] []
[2014-03-13 23:14:21] AssetsLoaderTest::testItImplementsSubscriber.INFO: PASSED [] []
[2014-03-13 23:14:21] AssetsLoaderTest::testAddPackageAppendsPackages.INFO: PASSED [] []
[2014-03-13 23:14:21] AssetsLoaderTest::testAddStylesMergeAddedWithExistingArray.INFO: PASSED [] []
[2014-03-13 23:14:21] AssetsLoaderTest::testAddScriptsMergeAddedWithExistingArray.INFO: PASSED [] []
[2014-03-13 23:14:21] AssetsLoaderTest::testItListensGoodEvents.INFO: PASSED [] []
[2014-03-13 23:14:21] AssetsLoaderTest::testItAddsThemesFiles.INFO: PASSED [] []
[2014-03-13 23:14:21] AssetsLoaderTest::testItAddsTemplateVariablesOnSetupTemplate.INFO: PASSED [] []
[2014-03-13 23:14:21] ExtensionTest::testFunctional.INFO: PASSED [] []
[2014-03-13 23:14:30] AssetsLoaderTest::testItImplementsSubscriber.INFO: PASSED [] []
[2014-03-13 23:14:30] AssetsLoaderTest::testAddPackageAppendsPackages.INFO: PASSED [] []
[2014-03-13 23:14:30] AssetsLoaderTest::testAddStylesMergeAddedWithExistingArray.INFO: PASSED [] []
[2014-03-13 23:14:30] AssetsLoaderTest::testAddScriptsMergeAddedWithExistingArray.INFO: PASSED [] []
[2014-03-13 23:14:30] AssetsLoaderTest::testItListensGoodEvents.INFO: PASSED [] []
[2014-03-13 23:14:30] AssetsLoaderTest::testItAddsThemesFiles.INFO: PASSED [] []
[2014-03-13 23:14:30] AssetsLoaderTest::testItAddsTemplateVariablesOnSetupTemplate.INFO: PASSED [] []
[2014-03-13 23:14:30] ExtensionTest::testFunctional.INFO: PASSED [] []
[2014-03-13 23:14:30] PackageLoaderTest::testItListensGoodEvents.INFO: PASSED [] []
[2014-03-13 23:14:30] PackageLoaderTest::testItLoadsDependenciesOnActivatedTheme.INFO: PASSED [] []
[2014-03-13 23:18:42] AssetsLoaderTest::testItImplementsSubscriber.INFO: PASSED [] []
[2014-03-13 23:18:42] AssetsLoaderTest::testAddPackageAppendsPackages.INFO: PASSED [] []
[2014-03-13 23:18:42] AssetsLoaderTest::testAddStylesMergeAddedWithExistingArray.INFO: PASSED [] []
[2014-03-13 23:18:42] AssetsLoaderTest::testAddScriptsMergeAddedWithExistingArray.INFO: PASSED [] []
[2014-03-13 23:18:42] AssetsLoaderTest::testItListensGoodEvents.INFO: PASSED [] []
[2014-03-13 23:18:42] AssetsLoaderTest::testItAddsThemesFiles.INFO: PASSED [] []
[2014-03-13 23:18:42] AssetsLoaderTest::testItAddsTemplateVariablesOnSetupTemplate.INFO: PASSED [] []
[2014-03-13 23:18:42] ExtensionTest::testFunctional.INFO: PASSED [] []
[2014-03-13 23:18:42] PackageLoaderTest::testItListensGoodEvents.INFO: PASSED [] []
[2014-03-13 23:18:42] PackageLoaderTest::testItLoadsDependenciesOnActivatedTheme.ALERT: Theme cannot be loaded. Package '0' does not exist. [] []
[2014-03-13 23:18:42] PackageLoaderTest::testItLoadsDependenciesOnActivatedTheme.INFO: # ERROR # [] []
[2014-03-13 23:18:42] PackageLoaderTest::testItLoadsDependenciesOnActivatedTheme.INFO: PASSED [] []
[2014-03-13 23:19:20] AssetsLoaderTest::testItImplementsSubscriber.INFO: PASSED [] []
[2014-03-13 23:19:20] AssetsLoaderTest::testAddPackageAppendsPackages.INFO: PASSED [] []
[2014-03-13 23:19:20] AssetsLoaderTest::testAddStylesMergeAddedWithExistingArray.INFO: PASSED [] []
[2014-03-13 23:19:20] AssetsLoaderTest::testAddScriptsMergeAddedWithExistingArray.INFO: PASSED [] []
[2014-03-13 23:19:20] AssetsLoaderTest::testItListensGoodEvents.INFO: PASSED [] []
[2014-03-13 23:19:20] AssetsLoaderTest::testItAddsThemesFiles.INFO: PASSED [] []
[2014-03-13 23:19:20] AssetsLoaderTest::testItAddsTemplateVariablesOnSetupTemplate.INFO: PASSED [] []
[2014-03-13 23:19:20] ExtensionTest::testFunctional.INFO: PASSED [] []
[2014-03-13 23:19:20] PackageLoaderTest::testItListensGoodEvents.INFO: PASSED [] []
[2014-03-13 23:19:20] PackageLoaderTest::testItLoadsDependenciesOnActivatedTheme.ALERT: Theme cannot be loaded. Package '0' does not exist. [] []
[2014-03-13 23:19:20] PackageLoaderTest::testItLoadsDependenciesOnActivatedTheme.INFO: # ERROR # [] []
[2014-03-13 23:19:20] PackageLoaderTest::testItLoadsDependenciesOnActivatedTheme.INFO: PASSED [] []
[2014-03-13 23:19:23] AssetsLoaderTest::testItImplementsSubscriber.INFO: PASSED [] []
[2014-03-13 23:19:23] AssetsLoaderTest::testAddPackageAppendsPackages.INFO: PASSED [] []
[2014-03-13 23:19:23] AssetsLoaderTest::testAddStylesMergeAddedWithExistingArray.INFO: PASSED [] []
[2014-03-13 23:19:23] AssetsLoaderTest::testAddScriptsMergeAddedWithExistingArray.INFO: PASSED [] []
[2014-03-13 23:19:23] AssetsLoaderTest::testItListensGoodEvents.INFO: PASSED [] []
[2014-03-13 23:19:23] AssetsLoaderTest::testItAddsThemesFiles.INFO: PASSED [] []
[2014-03-13 23:19:23] AssetsLoaderTest::testItAddsTemplateVariablesOnSetupTemplate.INFO: PASSED [] []
[2014-03-13 23:19:23] ExtensionTest::testFunctional.INFO: PASSED [] []
[2014-03-13 23:19:23] PackageLoaderTest::testItListensGoodEvents.INFO: PASSED [] []
[2014-03-13 23:19:23] PackageLoaderTest::testItLoadsDependenciesOnActivatedTheme.ALERT: Theme cannot be loaded. Package '0' does not exist. [] []
[2014-03-13 23:19:23] PackageLoaderTest::testItLoadsDependenciesOnActivatedTheme.INFO: # ERROR # [] []
[2014-03-13 23:19:23] PackageLoaderTest::testItLoadsDependenciesOnActivatedTheme.INFO: PASSED [] []
[2014-03-13 23:19:57] AssetsLoaderTest::testItImplementsSubscriber.INFO: PASSED [] []
[2014-03-13 23:19:57] AssetsLoaderTest::testAddPackageAppendsPackages.INFO: PASSED [] []
[2014-03-13 23:19:57] AssetsLoaderTest::testAddStylesMergeAddedWithExistingArray.INFO: PASSED [] []
[2014-03-13 23:19:57] AssetsLoaderTest::testAddScriptsMergeAddedWithExistingArray.INFO: PASSED [] []
[2014-03-13 23:19:57] AssetsLoaderTest::testItListensGoodEvents.INFO: PASSED [] []
[2014-03-13 23:19:57] AssetsLoaderTest::testItAddsThemesFiles.INFO: PASSED [] []
[2014-03-13 23:19:57] AssetsLoaderTest::testItAddsTemplateVariablesOnSetupTemplate.INFO: PASSED [] []
[2014-03-13 23:19:57] ExtensionTest::testFunctional.INFO: PASSED [] []
[2014-03-13 23:19:57] PackageLoaderTest::testItListensGoodEvents.INFO: PASSED [] []
[2014-03-13 23:19:57] PackageLoaderTest::testItLoadsDependenciesOnActivatedTheme.ALERT: Theme cannot be loaded. Package 'TwitterBootstrap' does not exist. [] []
[2014-03-13 23:19:57] PackageLoaderTest::testItLoadsDependenciesOnActivatedTheme.INFO: # ERROR # [] []
[2014-03-13 23:19:57] PackageLoaderTest::testItLoadsDependenciesOnActivatedTheme.INFO: PASSED [] []
[2014-03-13 23:20:30] AssetsLoaderTest::testItImplementsSubscriber.INFO: PASSED [] []
[2014-03-13 23:20:30] AssetsLoaderTest::testAddPackageAppendsPackages.INFO: PASSED [] []
[2014-03-13 23:20:30] AssetsLoaderTest::testAddStylesMergeAddedWithExistingArray.INFO: PASSED [] []
[2014-03-13 23:20:30] AssetsLoaderTest::testAddScriptsMergeAddedWithExistingArray.INFO: PASSED [] []
[2014-03-13 23:20:30] AssetsLoaderTest::testItListensGoodEvents.INFO: PASSED [] []
[2014-03-13 23:20:30] AssetsLoaderTest::testItAddsThemesFiles.INFO: PASSED [] []
[2014-03-13 23:20:30] AssetsLoaderTest::testItAddsTemplateVariablesOnSetupTemplate.INFO: PASSED [] []
[2014-03-13 23:20:30] ExtensionTest::testFunctional.INFO: PASSED [] []
[2014-03-13 23:20:30] PackageLoaderTest::testItListensGoodEvents.INFO: PASSED [] []
[2014-03-13 23:20:30] PackageLoaderTest::testItLoadsDependenciesOnActivatedTheme.ALERT: Theme cannot be loaded. Package 'TwitterBootstrap' does not exist. [] []
[2014-03-13 23:20:30] PackageLoaderTest::testItLoadsDependenciesOnActivatedTheme.INFO: # ERROR # [] []
[2014-03-13 23:20:30] PackageLoaderTest::testItLoadsDependenciesOnActivatedTheme.INFO: PASSED [] []
[2014-03-13 23:20:47] AssetsLoaderTest::testItImplementsSubscriber.INFO: PASSED [] []
[2014-03-13 23:20:47] AssetsLoaderTest::testAddPackageAppendsPackages.INFO: PASSED [] []
[2014-03-13 23:20:47] AssetsLoaderTest::testAddStylesMergeAddedWithExistingArray.INFO: PASSED [] []
[2014-03-13 23:20:47] AssetsLoaderTest::testAddScriptsMergeAddedWithExistingArray.INFO: PASSED [] []
[2014-03-13 23:20:47] AssetsLoaderTest::testItListensGoodEvents.INFO: PASSED [] []
[2014-03-13 23:20:47] AssetsLoaderTest::testItAddsThemesFiles.INFO: PASSED [] []
[2014-03-13 23:20:47] AssetsLoaderTest::testItAddsTemplateVariablesOnSetupTemplate.INFO: PASSED [] []
[2014-03-13 23:20:47] ExtensionTest::testFunctional.INFO: PASSED [] []
[2014-03-13 23:20:47] PackageLoaderTest::testItListensGoodEvents.INFO: PASSED [] []
[2014-03-13 23:20:47] PackageLoaderTest::testItLoadsDependenciesOnActivatedTheme.ALERT: Theme cannot be loaded. Package 'TwitterBootstrap' does not exist. [] []
[2014-03-13 23:20:47] PackageLoaderTest::testItLoadsDependenciesOnActivatedTheme.INFO: # ERROR # [] []
[2014-03-13 23:20:47] PackageLoaderTest::testItLoadsDependenciesOnActivatedTheme.INFO: PASSED [] []
[2014-03-13 23:20:48] AssetsLoaderTest::testItImplementsSubscriber.INFO: PASSED [] []
[2014-03-13 23:20:48] AssetsLoaderTest::testAddPackageAppendsPackages.INFO: PASSED [] []
[2014-03-13 23:20:48] AssetsLoaderTest::testAddStylesMergeAddedWithExistingArray.INFO: PASSED [] []
[2014-03-13 23:20:48] AssetsLoaderTest::testAddScriptsMergeAddedWithExistingArray.INFO: PASSED [] []
[2014-03-13 23:20:48] AssetsLoaderTest::testItListensGoodEvents.INFO: PASSED [] []
[2014-03-13 23:20:48] AssetsLoaderTest::testItAddsThemesFiles.INFO: PASSED [] []
[2014-03-13 23:20:48] AssetsLoaderTest::testItAddsTemplateVariablesOnSetupTemplate.INFO: PASSED [] []
[2014-03-13 23:20:48] ExtensionTest::testFunctional.INFO: PASSED [] []
[2014-03-13 23:20:48] PackageLoaderTest::testItListensGoodEvents.INFO: PASSED [] []
[2014-03-13 23:20:48] PackageLoaderTest::testItLoadsDependenciesOnActivatedTheme.ALERT: Theme cannot be loaded. Package 'TwitterBootstrap' does not exist. [] []
[2014-03-13 23:20:48] PackageLoaderTest::testItLoadsDependenciesOnActivatedTheme.INFO: # ERROR # [] []
[2014-03-13 23:20:48] PackageLoaderTest::testItLoadsDependenciesOnActivatedTheme.INFO: PASSED [] []
[2014-03-13 23:21:26] AssetsLoaderTest::testItImplementsSubscriber.INFO: PASSED [] []
[2014-03-13 23:21:26] AssetsLoaderTest::testAddPackageAppendsPackages.INFO: PASSED [] []
[2014-03-13 23:21:26] AssetsLoaderTest::testAddStylesMergeAddedWithExistingArray.INFO: PASSED [] []
[2014-03-13 23:21:26] AssetsLoaderTest::testAddScriptsMergeAddedWithExistingArray.INFO: PASSED [] []
[2014-03-13 23:21:26] AssetsLoaderTest::testItListensGoodEvents.INFO: PASSED [] []
[2014-03-13 23:21:26] AssetsLoaderTest::testItAddsThemesFiles.INFO: PASSED [] []
[2014-03-13 23:21:26] AssetsLoaderTest::testItAddsTemplateVariablesOnSetupTemplate.INFO: PASSED [] []
[2014-03-13 23:21:26] ExtensionTest::testFunctional.INFO: PASSED [] []
[2014-03-13 23:21:26] PackageLoaderTest::testItListensGoodEvents.INFO: PASSED [] []
[2014-03-13 23:21:26] PackageLoaderTest::testItLoadsDependenciesOnActivatedTheme.ALERT: Theme cannot be loaded. Package 'TwitterBootstrap' does not exist. [] []
[2014-03-13 23:21:26] PackageLoaderTest::testItLoadsDependenciesOnActivatedTheme.INFO: # ERROR # [] []
[2014-03-13 23:21:26] PackageLoaderTest::testItLoadsDependenciesOnActivatedTheme.INFO: PASSED [] []
[2014-03-13 23:21:39] AssetsLoaderTest::testItImplementsSubscriber.INFO: PASSED [] []
[2014-03-13 23:21:39] AssetsLoaderTest::testAddPackageAppendsPackages.INFO: PASSED [] []
[2014-03-13 23:21:39] AssetsLoaderTest::testAddStylesMergeAddedWithExistingArray.INFO: PASSED [] []
[2014-03-13 23:21:39] AssetsLoaderTest::testAddScriptsMergeAddedWithExistingArray.INFO: PASSED [] []
[2014-03-13 23:21:39] AssetsLoaderTest::testItListensGoodEvents.INFO: PASSED [] []
[2014-03-13 23:21:39] AssetsLoaderTest::testItAddsThemesFiles.INFO: PASSED [] []
[2014-03-13 23:21:39] AssetsLoaderTest::testItAddsTemplateVariablesOnSetupTemplate.INFO: PASSED [] []
[2014-03-13 23:21:39] ExtensionTest::testFunctional.INFO: PASSED [] []
[2014-03-13 23:21:39] PackageLoaderTest::testItListensGoodEvents.INFO: PASSED [] []
[2014-03-13 23:21:39] PackageLoaderTest::testItLoadsDependenciesOnActivatedTheme.ALERT: Theme cannot be loaded. Package 'TwitterBootstrap' does not exist. [] []
[2014-03-13 23:21:39] PackageLoaderTest::testItLoadsDependenciesOnActivatedTheme.INFO: # ERROR # [] []
[2014-03-13 23:21:39] PackageLoaderTest::testItLoadsDependenciesOnActivatedTheme.INFO: PASSED [] []
[2014-03-13 23:22:28] AssetsLoaderTest::testItImplementsSubscriber.INFO: PASSED [] []
[2014-03-13 23:22:28] AssetsLoaderTest::testAddPackageAppendsPackages.INFO: PASSED [] []
[2014-03-13 23:22:28] AssetsLoaderTest::testAddStylesMergeAddedWithExistingArray.INFO: PASSED [] []
[2014-03-13 23:22:28] AssetsLoaderTest::testAddScriptsMergeAddedWithExistingArray.INFO: PASSED [] []
[2014-03-13 23:22:28] AssetsLoaderTest::testItListensGoodEvents.INFO: PASSED [] []
[2014-03-13 23:22:28] AssetsLoaderTest::testItAddsThemesFiles.INFO: PASSED [] []
[2014-03-13 23:22:28] AssetsLoaderTest::testItAddsTemplateVariablesOnSetupTemplate.INFO: PASSED [] []
[2014-03-13 23:22:28] ExtensionTest::testFunctional.INFO: PASSED [] []
[2014-03-13 23:22:28] PackageLoaderTest::testItListensGoodEvents.INFO: PASSED [] []
[2014-03-13 23:22:28] PackageLoaderTest::testItLoadsDependenciesOnActivatedTheme.ALERT: Theme cannot be loaded. Package 'TwitterBootstrap' does not exist. [] []
[2014-03-13 23:22:28] PackageLoaderTest::testItLoadsDependenciesOnActivatedTheme.INFO: # ERROR # [] []
[2014-03-13 23:22:28] PackageLoaderTest::testItLoadsDependenciesOnActivatedTheme.INFO: PASSED [] []
[2014-03-13 23:22:57] AssetsLoaderTest::testItImplementsSubscriber.INFO: PASSED [] []
[2014-03-13 23:22:57] AssetsLoaderTest::testAddPackageAppendsPackages.INFO: PASSED [] []
[2014-03-13 23:22:57] AssetsLoaderTest::testAddStylesMergeAddedWithExistingArray.INFO: PASSED [] []
[2014-03-13 23:22:57] AssetsLoaderTest::testAddScriptsMergeAddedWithExistingArray.INFO: PASSED [] []
[2014-03-13 23:22:57] AssetsLoaderTest::testItListensGoodEvents.INFO: PASSED [] []
[2014-03-13 23:22:57] AssetsLoaderTest::testItAddsThemesFiles.INFO: PASSED [] []
[2014-03-13 23:22:57] AssetsLoaderTest::testItAddsTemplateVariablesOnSetupTemplate.INFO: PASSED [] []
[2014-03-13 23:22:57] ExtensionTest::testFunctional.INFO: PASSED [] []
[2014-03-13 23:23:26] AssetsLoaderTest::testItImplementsSubscriber.INFO: PASSED [] []
[2014-03-13 23:23:26] AssetsLoaderTest::testAddPackageAppendsPackages.INFO: PASSED [] []
[2014-03-13 23:23:26] AssetsLoaderTest::testAddStylesMergeAddedWithExistingArray.INFO: PASSED [] []
[2014-03-13 23:23:26] AssetsLoaderTest::testAddScriptsMergeAddedWithExistingArray.INFO: PASSED [] []
[2014-03-13 23:23:26] AssetsLoaderTest::testItListensGoodEvents.INFO: PASSED [] []
[2014-03-13 23:23:26] AssetsLoaderTest::testItAddsThemesFiles.INFO: PASSED [] []
[2014-03-13 23:23:26] AssetsLoaderTest::testItAddsTemplateVariablesOnSetupTemplate.INFO: PASSED [] []
[2014-03-13 23:23:26] ExtensionTest::testFunctional.INFO: PASSED [] []
[2014-03-13 23:23:26] PackageLoaderTest::testItListensGoodEvents.INFO: PASSED [] []
[2014-03-13 23:23:26] PackageLoaderTest::testItLoadsDependenciesOnActivatedTheme.ALERT: Theme cannot be loaded. Package 'TwitterBootstrap' does not exist. [] []
[2014-03-13 23:23:26] PackageLoaderTest::testItLoadsDependenciesOnActivatedTheme.INFO: # ERROR # [] []
[2014-03-13 23:23:26] PackageLoaderTest::testItLoadsDependenciesOnActivatedTheme.INFO: PASSED [] []
[2014-03-13 23:24:30] AssetsLoaderTest::testItImplementsSubscriber.INFO: PASSED [] []
[2014-03-13 23:24:30] AssetsLoaderTest::testAddPackageAppendsPackages.INFO: PASSED [] []
[2014-03-13 23:24:30] AssetsLoaderTest::testAddStylesMergeAddedWithExistingArray.INFO: PASSED [] []
[2014-03-13 23:24:30] AssetsLoaderTest::testAddScriptsMergeAddedWithExistingArray.INFO: PASSED [] []
[2014-03-13 23:24:30] AssetsLoaderTest::testItListensGoodEvents.INFO: PASSED [] []
[2014-03-13 23:24:30] AssetsLoaderTest::testItAddsThemesFiles.INFO: PASSED [] []
[2014-03-13 23:24:30] AssetsLoaderTest::testItAddsTemplateVariablesOnSetupTemplate.INFO: PASSED [] []
[2014-03-13 23:24:30] ExtensionTest::testFunctional.INFO: PASSED [] []
[2014-03-13 23:24:30] PackageLoaderTest::testItListensGoodEvents.INFO: PASSED [] []
[2014-03-13 23:24:30] PackageLoaderTest::testItLoadsDependenciesOnActivatedTheme.ALERT: Theme cannot be loaded. Package 'TwitterBootstrap' does not exist. [] []
[2014-03-13 23:24:30] PackageLoaderTest::testItLoadsDependenciesOnActivatedTheme.INFO: # ERROR # [] []
[2014-03-13 23:24:30] PackageLoaderTest::testItLoadsDependenciesOnActivatedTheme.INFO: PASSED [] []
[2014-03-13 23:25:26] AssetsLoaderTest::testItImplementsSubscriber.INFO: PASSED [] []
[2014-03-13 23:25:26] AssetsLoaderTest::testAddPackageAppendsPackages.INFO: PASSED [] []
[2014-03-13 23:25:26] AssetsLoaderTest::testAddStylesMergeAddedWithExistingArray.INFO: PASSED [] []
[2014-03-13 23:25:26] AssetsLoaderTest::testAddScriptsMergeAddedWithExistingArray.INFO: PASSED [] []
[2014-03-13 23:25:26] AssetsLoaderTest::testItListensGoodEvents.INFO: PASSED [] []
[2014-03-13 23:25:26] AssetsLoaderTest::testItAddsThemesFiles.INFO: PASSED [] []
[2014-03-13 23:25:26] AssetsLoaderTest::testItAddsTemplateVariablesOnSetupTemplate.INFO: PASSED [] []
[2014-03-13 23:25:26] ExtensionTest::testFunctional.INFO: PASSED [] []
[2014-03-13 23:25:26] PackageLoaderTest::testItListensGoodEvents.INFO: PASSED [] []
[2014-03-13 23:25:26] PackageLoaderTest::testItLoadsDependenciesOnActivatedTheme.ALERT: Theme cannot be loaded. Package 'TwitterBootstrap' does not exist. [] []
[2014-03-13 23:25:26] PackageLoaderTest::testItLoadsDependenciesOnActivatedTheme.INFO: # ERROR # [] []
[2014-03-13 23:25:26] PackageLoaderTest::testItLoadsDependenciesOnActivatedTheme.INFO: PASSED [] []
[2014-03-13 23:25:28] AssetsLoaderTest::testItImplementsSubscriber.INFO: PASSED [] []
[2014-03-13 23:25:28] AssetsLoaderTest::testAddPackageAppendsPackages.INFO: PASSED [] []
[2014-03-13 23:25:28] AssetsLoaderTest::testAddStylesMergeAddedWithExistingArray.INFO: PASSED [] []
[2014-03-13 23:25:28] AssetsLoaderTest::testAddScriptsMergeAddedWithExistingArray.INFO: PASSED [] []
[2014-03-13 23:25:28] AssetsLoaderTest::testItListensGoodEvents.INFO: PASSED [] []
[2014-03-13 23:25:28] AssetsLoaderTest::testItAddsThemesFiles.INFO: PASSED [] []
[2014-03-13 23:25:28] AssetsLoaderTest::testItAddsTemplateVariablesOnSetupTemplate.INFO: PASSED [] []
[2014-03-13 23:25:28] ExtensionTest::testFunctional.INFO: PASSED [] []
[2014-03-13 23:25:28] PackageLoaderTest::testItListensGoodEvents.INFO: PASSED [] []
[2014-03-13 23:25:28] PackageLoaderTest::testItLoadsDependenciesOnActivatedTheme.ALERT: Theme cannot be loaded. Package 'TwitterBootstrap' does not exist. [] []
[2014-03-13 23:25:28] PackageLoaderTest::testItLoadsDependenciesOnActivatedTheme.INFO: # ERROR # [] []
[2014-03-13 23:25:28] PackageLoaderTest::testItLoadsDependenciesOnActivatedTheme.INFO: PASSED [] []
[2014-03-13 23:25:42] AssetsLoaderTest::testItImplementsSubscriber.INFO: PASSED [] []
[2014-03-13 23:25:42] AssetsLoaderTest::testAddPackageAppendsPackages.INFO: PASSED [] []
[2014-03-13 23:25:42] AssetsLoaderTest::testAddStylesMergeAddedWithExistingArray.INFO: PASSED [] []
[2014-03-13 23:25:42] AssetsLoaderTest::testAddScriptsMergeAddedWithExistingArray.INFO: PASSED [] []
[2014-03-13 23:25:42] AssetsLoaderTest::testItListensGoodEvents.INFO: PASSED [] []
[2014-03-13 23:25:42] AssetsLoaderTest::testItAddsThemesFiles.INFO: PASSED [] []
[2014-03-13 23:25:42] AssetsLoaderTest::testItAddsTemplateVariablesOnSetupTemplate.INFO: PASSED [] []
[2014-03-13 23:25:42] ExtensionTest::testFunctional.INFO: PASSED [] []
[2014-03-13 23:25:42] PackageLoaderTest::testItListensGoodEvents.INFO: PASSED [] []
[2014-03-13 23:25:42] PackageLoaderTest::testItLoadsDependenciesOnActivatedTheme.ALERT: Theme cannot be loaded. Package 'TwitterBootstrap' does not exist. [] []
[2014-03-13 23:25:42] PackageLoaderTest::testItLoadsDependenciesOnActivatedTheme.INFO: # ERROR # [] []
[2014-03-13 23:25:42] PackageLoaderTest::testItLoadsDependenciesOnActivatedTheme.INFO: PASSED [] []
[2014-03-13 23:26:01] AssetsLoaderTest::testItImplementsSubscriber.INFO: PASSED [] []
[2014-03-13 23:26:01] AssetsLoaderTest::testAddPackageAppendsPackages.INFO: PASSED [] []
[2014-03-13 23:26:01] AssetsLoaderTest::testAddStylesMergeAddedWithExistingArray.INFO: PASSED [] []
[2014-03-13 23:26:01] AssetsLoaderTest::testAddScriptsMergeAddedWithExistingArray.INFO: PASSED [] []
[2014-03-13 23:26:01] AssetsLoaderTest::testItListensGoodEvents.INFO: PASSED [] []
[2014-03-13 23:26:01] AssetsLoaderTest::testItAddsThemesFiles.INFO: PASSED [] []
[2014-03-13 23:26:01] AssetsLoaderTest::testItAddsTemplateVariablesOnSetupTemplate.INFO: PASSED [] []
[2014-03-13 23:26:01] ExtensionTest::testFunctional.INFO: PASSED [] []
[2014-03-13 23:26:01] PackageLoaderTest::testItListensGoodEvents.INFO: PASSED [] []
[2014-03-13 23:26:01] PackageLoaderTest::testItLoadsDependenciesOnActivatedTheme.INFO: # Skipped # [] []
[2014-03-13 23:26:01] PackageLoaderTest::testItLoadsDependenciesOnActivatedTheme.INFO: PASSED [] []
[2014-03-13 23:26:59] AssetsLoaderTest::testItImplementsSubscriber.INFO: PASSED [] []
[2014-03-13 23:26:59] AssetsLoaderTest::testAddPackageAppendsPackages.INFO: PASSED [] []
[2014-03-13 23:26:59] AssetsLoaderTest::testAddStylesMergeAddedWithExistingArray.INFO: PASSED [] []
[2014-03-13 23:26:59] AssetsLoaderTest::testAddScriptsMergeAddedWithExistingArray.INFO: PASSED [] []
[2014-03-13 23:26:59] AssetsLoaderTest::testItListensGoodEvents.INFO: PASSED [] []
[2014-03-13 23:26:59] AssetsLoaderTest::testItAddsThemesFiles.INFO: PASSED [] []
[2014-03-13 23:26:59] AssetsLoaderTest::testItAddsTemplateVariablesOnSetupTemplate.INFO: PASSED [] []
[2014-03-13 23:26:59] ExtensionTest::testFunctional.INFO: PASSED [] []
[2014-03-13 23:26:59] PackageLoaderTest::testItListensGoodEvents.INFO: PASSED [] []
[2014-03-13 23:26:59] PackageLoaderTest::testTwitteBootstrapPackageCanBeFound.INFO: PASSED [] []
[2014-03-13 23:26:59] PackageLoaderTest::testItLoadsDependenciesOnActivatedTheme.INFO: # Skipped # [] []
[2014-03-13 23:26:59] PackageLoaderTest::testItLoadsDependenciesOnActivatedTheme.INFO: PASSED [] []
[2014-03-13 23:28:04] AssetsLoaderTest::testItImplementsSubscriber.INFO: PASSED [] []
[2014-03-13 23:28:04] AssetsLoaderTest::testAddPackageAppendsPackages.INFO: PASSED [] []
[2014-03-13 23:28:04] AssetsLoaderTest::testAddStylesMergeAddedWithExistingArray.INFO: PASSED [] []
[2014-03-13 23:28:04] AssetsLoaderTest::testAddScriptsMergeAddedWithExistingArray.INFO: PASSED [] []
[2014-03-13 23:28:04] AssetsLoaderTest::testItListensGoodEvents.INFO: PASSED [] []
[2014-03-13 23:28:04] AssetsLoaderTest::testItAddsThemesFiles.INFO: PASSED [] []
[2014-03-13 23:28:04] AssetsLoaderTest::testItAddsTemplateVariablesOnSetupTemplate.INFO: PASSED [] []
[2014-03-13 23:28:04] ExtensionTest::testFunctional.INFO: PASSED [] []
[2014-03-13 23:28:04] PackageLoaderTest::testItListensGoodEvents.INFO: PASSED [] []
[2014-03-13 23:28:04] PackageLoaderTest::testTwitterBootstrapPackageCanBeFound.INFO: PASSED [] []
[2014-03-13 23:28:04] PackageLoaderTest::testItLoadsDependenciesOnActivatedTheme.INFO: # Skipped # [] []
[2014-03-13 23:28:04] PackageLoaderTest::testItLoadsDependenciesOnActivatedTheme.INFO: PASSED [] []
[2014-03-13 23:29:10] AssetsLoaderTest::testItImplementsSubscriber.INFO: PASSED [] []
[2014-03-13 23:29:10] AssetsLoaderTest::testAddPackageAppendsPackages.INFO: PASSED [] []
[2014-03-13 23:29:10] AssetsLoaderTest::testAddStylesMergeAddedWithExistingArray.INFO: PASSED [] []
[2014-03-13 23:29:10] AssetsLoaderTest::testAddScriptsMergeAddedWithExistingArray.INFO: PASSED [] []
[2014-03-13 23:29:10] AssetsLoaderTest::testItListensGoodEvents.INFO: PASSED [] []
[2014-03-13 23:29:10] AssetsLoaderTest::testItAddsThemesFiles.INFO: PASSED [] []
[2014-03-13 23:29:10] AssetsLoaderTest::testItAddsTemplateVariablesOnSetupTemplate.INFO: PASSED [] []
[2014-03-13 23:29:10] ExtensionTest::testFunctional.INFO: PASSED [] []
[2014-03-13 23:29:10] PackageLoaderTest::testItListensGoodEvents.INFO: PASSED [] []
[2014-03-13 23:29:10] PackageLoaderTest::testTwitterBootstrapPackageCanBeFound.INFO: PASSED [] []
[2014-03-13 23:29:10] PackageLoaderTest::testJQueryPackageCannotBeFound.ALERT: Package 'jQuery' does not exist [] []
[2014-03-13 23:29:10] PackageLoaderTest::testJQueryPackageCannotBeFound.INFO: # ERROR # [] []
[2014-03-13 23:29:10] PackageLoaderTest::testJQueryPackageCannotBeFound.INFO: PASSED [] []
[2014-03-13 23:29:10] PackageLoaderTest::testItLoadsDependenciesOnActivatedTheme.INFO: # Skipped # [] []
[2014-03-13 23:29:10] PackageLoaderTest::testItLoadsDependenciesOnActivatedTheme.INFO: PASSED [] []
[2014-03-13 23:29:21] AssetsLoaderTest::testItImplementsSubscriber.INFO: PASSED [] []
[2014-03-13 23:29:21] AssetsLoaderTest::testAddPackageAppendsPackages.INFO: PASSED [] []
[2014-03-13 23:29:21] AssetsLoaderTest::testAddStylesMergeAddedWithExistingArray.INFO: PASSED [] []
[2014-03-13 23:29:21] AssetsLoaderTest::testAddScriptsMergeAddedWithExistingArray.INFO: PASSED [] []
[2014-03-13 23:29:21] AssetsLoaderTest::testItListensGoodEvents.INFO: PASSED [] []
[2014-03-13 23:29:21] AssetsLoaderTest::testItAddsThemesFiles.INFO: PASSED [] []
[2014-03-13 23:29:21] AssetsLoaderTest::testItAddsTemplateVariablesOnSetupTemplate.INFO: PASSED [] []
[2014-03-13 23:29:21] ExtensionTest::testFunctional.INFO: PASSED [] []
[2014-03-13 23:29:21] PackageLoaderTest::testItListensGoodEvents.INFO: PASSED [] []
[2014-03-13 23:29:21] PackageLoaderTest::testTwitterBootstrapPackageCanBeFound.INFO: PASSED [] []
[2014-03-13 23:29:21] PackageLoaderTest::testJqueryPackageCannotBeFound.ALERT: Package 'jQuery' does not exist [] []
[2014-03-13 23:29:21] PackageLoaderTest::testJqueryPackageCannotBeFound.INFO: # ERROR # [] []
[2014-03-13 23:29:21] PackageLoaderTest::testJqueryPackageCannotBeFound.INFO: PASSED [] []
[2014-03-13 23:29:21] PackageLoaderTest::testItLoadsDependenciesOnActivatedTheme.INFO: # Skipped # [] []
[2014-03-13 23:29:21] PackageLoaderTest::testItLoadsDependenciesOnActivatedTheme.INFO: PASSED [] []
[2014-03-13 23:29:29] AssetsLoaderTest::testItImplementsSubscriber.INFO: PASSED [] []
[2014-03-13 23:29:29] AssetsLoaderTest::testAddPackageAppendsPackages.INFO: PASSED [] []
[2014-03-13 23:29:29] AssetsLoaderTest::testAddStylesMergeAddedWithExistingArray.INFO: PASSED [] []
[2014-03-13 23:29:29] AssetsLoaderTest::testAddScriptsMergeAddedWithExistingArray.INFO: PASSED [] []
[2014-03-13 23:29:29] AssetsLoaderTest::testItListensGoodEvents.INFO: PASSED [] []
[2014-03-13 23:29:29] AssetsLoaderTest::testItAddsThemesFiles.INFO: PASSED [] []
[2014-03-13 23:29:29] AssetsLoaderTest::testItAddsTemplateVariablesOnSetupTemplate.INFO: PASSED [] []
[2014-03-13 23:29:29] ExtensionTest::testFunctional.INFO: PASSED [] []
[2014-03-13 23:29:29] PackageLoaderTest::testItListensGoodEvents.INFO: PASSED [] []
[2014-03-13 23:29:29] PackageLoaderTest::testTwitterBootstrapPackageCanBeFound.INFO: PASSED [] []
[2014-03-13 23:29:29] PackageLoaderTest::testJqueryPackageCannotBeFound.ALERT: Package 'jQuery' does not exist [] []
[2014-03-13 23:29:29] PackageLoaderTest::testJqueryPackageCannotBeFound.INFO: # ERROR # [] []
[2014-03-13 23:29:29] PackageLoaderTest::testJqueryPackageCannotBeFound.INFO: PASSED [] []
[2014-03-13 23:29:29] PackageLoaderTest::testItLoadsDependenciesOnActivatedTheme.INFO: # Skipped # [] []
[2014-03-13 23:29:29] PackageLoaderTest::testItLoadsDependenciesOnActivatedTheme.INFO: PASSED [] []
[2014-03-13 23:30:18] AssetsLoaderTest::testItImplementsSubscriber.INFO: PASSED [] []
[2014-03-13 23:30:18] AssetsLoaderTest::testAddPackageAppendsPackages.INFO: PASSED [] []
[2014-03-13 23:30:18] AssetsLoaderTest::testAddStylesMergeAddedWithExistingArray.INFO: PASSED [] []
[2014-03-13 23:30:18] AssetsLoaderTest::testAddScriptsMergeAddedWithExistingArray.INFO: PASSED [] []
[2014-03-13 23:30:18] AssetsLoaderTest::testItListensGoodEvents.INFO: PASSED [] []
[2014-03-13 23:30:18] AssetsLoaderTest::testItAddsThemesFiles.INFO: PASSED [] []
[2014-03-13 23:30:18] AssetsLoaderTest::testItAddsTemplateVariablesOnSetupTemplate.INFO: PASSED [] []
[2014-03-13 23:30:18] ExtensionTest::testFunctional.INFO: PASSED [] []
[2014-03-13 23:30:18] PackageLoaderTest::testItListensGoodEvents.INFO: PASSED [] []
[2014-03-13 23:30:18] PackageLoaderTest::testTwitterBootstrapPackageCanBeFound.INFO: PASSED [] []
[2014-03-13 23:30:18] PackageLoaderTest::testJqueryPackageCannotBeFound.INFO: PASSED [] []
[2014-03-13 23:30:18] PackageLoaderTest::testItLoadsDependenciesOnActivatedTheme.INFO: # Skipped # [] []
[2014-03-13 23:30:18] PackageLoaderTest::testItLoadsDependenciesOnActivatedTheme.INFO: PASSED [] []
[2014-03-13 23:30:31] AssetsLoaderTest::testItImplementsSubscriber.INFO: PASSED [] []
[2014-03-13 23:30:31] AssetsLoaderTest::testAddPackageAppendsPackages.INFO: PASSED [] []
[2014-03-13 23:30:31] AssetsLoaderTest::testAddStylesMergeAddedWithExistingArray.INFO: PASSED [] []
[2014-03-13 23:30:31] AssetsLoaderTest::testAddScriptsMergeAddedWithExistingArray.INFO: PASSED [] []
[2014-03-13 23:30:31] AssetsLoaderTest::testItListensGoodEvents.INFO: PASSED [] []
[2014-03-13 23:30:31] AssetsLoaderTest::testItAddsThemesFiles.INFO: PASSED [] []
[2014-03-13 23:30:31] AssetsLoaderTest::testItAddsTemplateVariablesOnSetupTemplate.INFO: PASSED [] []
[2014-03-13 23:30:32] ExtensionTest::testFunctional.INFO: PASSED [] []
[2014-03-13 23:30:32] PackageLoaderTest::testItListensGoodEvents.INFO: PASSED [] []
[2014-03-13 23:30:32] PackageLoaderTest::testTwitterBootstrapPackageCanBeFound.INFO: PASSED [] []
[2014-03-13 23:30:32] PackageLoaderTest::testJqueryPackageCannotBeFound.INFO: PASSED [] []
[2014-03-13 23:30:32] PackageLoaderTest::testItLoadsDependenciesOnActivatedTheme.INFO: # Skipped # [] []
[2014-03-13 23:30:32] PackageLoaderTest::testItLoadsDependenciesOnActivatedTheme.INFO: PASSED [] []
[2014-03-13 23:38:31] AssetsLoaderTest::testItImplementsSubscriber.INFO: PASSED [] []
[2014-03-13 23:38:31] AssetsLoaderTest::testAddPackageAppendsPackages.INFO: PASSED [] []
[2014-03-13 23:38:31] AssetsLoaderTest::testAddStylesMergeAddedWithExistingArray.INFO: PASSED [] []
[2014-03-13 23:38:31] AssetsLoaderTest::testAddScriptsMergeAddedWithExistingArray.INFO: PASSED [] []
[2014-03-13 23:38:31] AssetsLoaderTest::testItListensGoodEvents.INFO: PASSED [] []
[2014-03-13 23:38:31] AssetsLoaderTest::testItAddsThemesFiles.INFO: PASSED [] []
[2014-03-13 23:38:31] AssetsLoaderTest::testItAddsTemplateVariablesOnSetupTemplate.INFO: PASSED [] []
[2014-03-13 23:38:31] ExtensionTest::testFunctional.INFO: PASSED [] []
[2014-03-13 23:38:31] PackageLoaderTest::testItListensGoodEvents.INFO: PASSED [] []
[2014-03-13 23:38:31] PackageLoaderTest::testTwitterBootstrapPackageCanBeFound.INFO: PASSED [] []
[2014-03-13 23:38:31] PackageLoaderTest::testJqueryPackageCannotBeFound.INFO: PASSED [] []
[2014-03-13 23:38:31] PackageLoaderTest::testLoadIsFunctional.ALERT: Failed asserting that two arrays are equal. [] []
[2014-03-13 23:38:31] PackageLoaderTest::testLoadIsFunctional.INFO: # FAILED # [] []
[2014-03-13 23:38:31] PackageLoaderTest::testLoadIsFunctional.INFO: PASSED [] []
[2014-03-13 23:38:31] PackageLoaderTest::testItLoadsDependenciesOnActivatedTheme.INFO: # Skipped # [] []
[2014-03-13 23:38:31] PackageLoaderTest::testItLoadsDependenciesOnActivatedTheme.INFO: PASSED [] []
[2014-03-13 23:39:22] AssetsLoaderTest::testItImplementsSubscriber.INFO: PASSED [] []
[2014-03-13 23:39:22] AssetsLoaderTest::testAddPackageAppendsPackages.INFO: PASSED [] []
[2014-03-13 23:39:22] AssetsLoaderTest::testAddStylesMergeAddedWithExistingArray.INFO: PASSED [] []
[2014-03-13 23:39:22] AssetsLoaderTest::testAddScriptsMergeAddedWithExistingArray.INFO: PASSED [] []
[2014-03-13 23:39:22] AssetsLoaderTest::testItListensGoodEvents.INFO: PASSED [] []
[2014-03-13 23:39:22] AssetsLoaderTest::testItAddsThemesFiles.INFO: PASSED [] []
[2014-03-13 23:39:22] AssetsLoaderTest::testItAddsTemplateVariablesOnSetupTemplate.INFO: PASSED [] []
[2014-03-13 23:39:22] ExtensionTest::testFunctional.INFO: PASSED [] []
[2014-03-13 23:39:22] PackageLoaderTest::testItListensGoodEvents.INFO: PASSED [] []
[2014-03-13 23:39:22] PackageLoaderTest::testTwitterBootstrapPackageCanBeFound.INFO: PASSED [] []
[2014-03-13 23:39:22] PackageLoaderTest::testJqueryPackageCannotBeFound.INFO: PASSED [] []
[2014-03-13 23:39:22] PackageLoaderTest::testLoadIsFunctional.ALERT: Failed asserting that two arrays are equal. [] []
[2014-03-13 23:39:22] PackageLoaderTest::testLoadIsFunctional.INFO: # FAILED # [] []
[2014-03-13 23:39:22] PackageLoaderTest::testLoadIsFunctional.INFO: PASSED [] []
[2014-03-13 23:39:22] PackageLoaderTest::testItLoadsDependenciesOnActivatedTheme.INFO: # Skipped # [] []
[2014-03-13 23:39:22] PackageLoaderTest::testItLoadsDependenciesOnActivatedTheme.INFO: PASSED [] []
[2014-03-13 23:39:57] AssetsLoaderTest::testItImplementsSubscriber.INFO: PASSED [] []
[2014-03-13 23:39:57] AssetsLoaderTest::testAddPackageAppendsPackages.INFO: PASSED [] []
[2014-03-13 23:39:57] AssetsLoaderTest::testAddStylesMergeAddedWithExistingArray.INFO: PASSED [] []
[2014-03-13 23:39:57] AssetsLoaderTest::testAddScriptsMergeAddedWithExistingArray.INFO: PASSED [] []
[2014-03-13 23:39:57] AssetsLoaderTest::testItListensGoodEvents.INFO: PASSED [] []
[2014-03-13 23:39:57] AssetsLoaderTest::testItAddsThemesFiles.INFO: PASSED [] []
[2014-03-13 23:39:57] AssetsLoaderTest::testItAddsTemplateVariablesOnSetupTemplate.INFO: PASSED [] []
[2014-03-13 23:39:57] ExtensionTest::testFunctional.INFO: PASSED [] []
[2014-03-13 23:39:57] PackageLoaderTest::testItListensGoodEvents.INFO: PASSED [] []
[2014-03-13 23:39:57] PackageLoaderTest::testTwitterBootstrapPackageCanBeFound.INFO: PASSED [] []
[2014-03-13 23:39:57] PackageLoaderTest::testJqueryPackageCannotBeFound.INFO: PASSED [] []
[2014-03-13 23:39:57] PackageLoaderTest::testLoadIsFunctional.ALERT: Failed asserting that two arrays are equal. [] []
[2014-03-13 23:39:57] PackageLoaderTest::testLoadIsFunctional.INFO: # FAILED # [] []
[2014-03-13 23:39:57] PackageLoaderTest::testLoadIsFunctional.INFO: PASSED [] []
[2014-03-13 23:39:57] PackageLoaderTest::testItLoadsDependenciesOnActivatedTheme.INFO: # Skipped # [] []
[2014-03-13 23:39:57] PackageLoaderTest::testItLoadsDependenciesOnActivatedTheme.INFO: PASSED [] []
[2014-03-13 23:40:27] AssetsLoaderTest::testItImplementsSubscriber.INFO: PASSED [] []
[2014-03-13 23:40:27] AssetsLoaderTest::testAddPackageAppendsPackages.INFO: PASSED [] []
[2014-03-13 23:40:27] AssetsLoaderTest::testAddStylesMergeAddedWithExistingArray.INFO: PASSED [] []
[2014-03-13 23:40:27] AssetsLoaderTest::testAddScriptsMergeAddedWithExistingArray.INFO: PASSED [] []
[2014-03-13 23:40:27] AssetsLoaderTest::testItListensGoodEvents.INFO: PASSED [] []
[2014-03-13 23:40:27] AssetsLoaderTest::testItAddsThemesFiles.INFO: PASSED [] []
[2014-03-13 23:40:27] AssetsLoaderTest::testItAddsTemplateVariablesOnSetupTemplate.INFO: PASSED [] []
[2014-03-13 23:40:27] ExtensionTest::testFunctional.INFO: PASSED [] []
[2014-03-13 23:40:27] PackageLoaderTest::testItListensGoodEvents.INFO: PASSED [] []
[2014-03-13 23:40:27] PackageLoaderTest::testTwitterBootstrapPackageCanBeFound.INFO: PASSED [] []
[2014-03-13 23:40:27] PackageLoaderTest::testJqueryPackageCannotBeFound.INFO: PASSED [] []
[2014-03-13 23:40:27] PackageLoaderTest::testLoadIsFunctional.ALERT: Failed asserting that two arrays are equal. [] []
[2014-03-13 23:40:27] PackageLoaderTest::testLoadIsFunctional.INFO: # FAILED # [] []
[2014-03-13 23:40:27] PackageLoaderTest::testLoadIsFunctional.INFO: PASSED [] []
[2014-03-13 23:40:27] PackageLoaderTest::testItLoadsDependenciesOnActivatedTheme.INFO: # Skipped # [] []
[2014-03-13 23:40:27] PackageLoaderTest::testItLoadsDependenciesOnActivatedTheme.INFO: PASSED [] []
[2014-03-13 23:41:46] AssetsLoaderTest::testItImplementsSubscriber.INFO: PASSED [] []
[2014-03-13 23:41:46] AssetsLoaderTest::testAddPackageAppendsPackages.INFO: PASSED [] []
[2014-03-13 23:41:46] AssetsLoaderTest::testAddStylesMergeAddedWithExistingArray.INFO: PASSED [] []
[2014-03-13 23:41:46] AssetsLoaderTest::testAddScriptsMergeAddedWithExistingArray.INFO: PASSED [] []
[2014-03-13 23:41:46] AssetsLoaderTest::testItListensGoodEvents.INFO: PASSED [] []
[2014-03-13 23:41:46] AssetsLoaderTest::testItAddsThemesFiles.INFO: PASSED [] []
[2014-03-13 23:41:46] AssetsLoaderTest::testItAddsTemplateVariablesOnSetupTemplate.INFO: PASSED [] []
[2014-03-13 23:41:46] ExtensionTest::testFunctional.INFO: PASSED [] []
[2014-03-13 23:41:46] PackageLoaderTest::testItListensGoodEvents.INFO: PASSED [] []
[2014-03-13 23:41:46] PackageLoaderTest::testTwitterBootstrapPackageCanBeFound.INFO: PASSED [] []
[2014-03-13 23:41:46] PackageLoaderTest::testJqueryPackageCannotBeFound.INFO: PASSED [] []
[2014-03-13 23:41:46] PackageLoaderTest::testLoadIsFunctional.ALERT: Failed asserting that two arrays are equal. [] []
[2014-03-13 23:41:46] PackageLoaderTest::testLoadIsFunctional.INFO: # FAILED # [] []
[2014-03-13 23:41:46] PackageLoaderTest::testLoadIsFunctional.INFO: PASSED [] []
[2014-03-13 23:41:46] PackageLoaderTest::testItLoadsDependenciesOnActivatedTheme.INFO: # Skipped # [] []
[2014-03-13 23:41:46] PackageLoaderTest::testItLoadsDependenciesOnActivatedTheme.INFO: PASSED [] []
[2014-03-13 23:42:16] AssetsLoaderTest::testItImplementsSubscriber.INFO: PASSED [] []
[2014-03-13 23:42:16] AssetsLoaderTest::testAddPackageAppendsPackages.INFO: PASSED [] []
[2014-03-13 23:42:16] AssetsLoaderTest::testAddStylesMergeAddedWithExistingArray.INFO: PASSED [] []
[2014-03-13 23:42:16] AssetsLoaderTest::testAddScriptsMergeAddedWithExistingArray.INFO: PASSED [] []
[2014-03-13 23:42:16] AssetsLoaderTest::testItListensGoodEvents.INFO: PASSED [] []
[2014-03-13 23:42:16] AssetsLoaderTest::testItAddsThemesFiles.INFO: PASSED [] []
[2014-03-13 23:42:16] AssetsLoaderTest::testItAddsTemplateVariablesOnSetupTemplate.INFO: PASSED [] []
[2014-03-13 23:42:16] ExtensionTest::testFunctional.INFO: PASSED [] []
[2014-03-13 23:42:16] PackageLoaderTest::testItListensGoodEvents.INFO: PASSED [] []
[2014-03-13 23:42:16] PackageLoaderTest::testTwitterBootstrapPackageCanBeFound.INFO: PASSED [] []
[2014-03-13 23:42:16] PackageLoaderTest::testJqueryPackageCannotBeFound.INFO: PASSED [] []
[2014-03-13 23:42:16] PackageLoaderTest::testLoadIsFunctional.INFO: PASSED [] []
[2014-03-13 23:42:16] PackageLoaderTest::testItLoadsDependenciesOnActivatedTheme.INFO: # Skipped # [] []
[2014-03-13 23:42:16] PackageLoaderTest::testItLoadsDependenciesOnActivatedTheme.INFO: PASSED [] []
[2014-03-13 23:42:27] AssetsLoaderTest::testItImplementsSubscriber.INFO: PASSED [] []
[2014-03-13 23:42:27] AssetsLoaderTest::testAddPackageAppendsPackages.INFO: PASSED [] []
[2014-03-13 23:42:27] AssetsLoaderTest::testAddStylesMergeAddedWithExistingArray.INFO: PASSED [] []
[2014-03-13 23:42:27] AssetsLoaderTest::testAddScriptsMergeAddedWithExistingArray.INFO: PASSED [] []
[2014-03-13 23:42:27] AssetsLoaderTest::testItListensGoodEvents.INFO: PASSED [] []
[2014-03-13 23:42:27] AssetsLoaderTest::testItAddsThemesFiles.INFO: PASSED [] []
[2014-03-13 23:42:27] AssetsLoaderTest::testItAddsTemplateVariablesOnSetupTemplate.INFO: PASSED [] []
[2014-03-13 23:42:27] ExtensionTest::testFunctional.INFO: PASSED [] []
[2014-03-13 23:42:27] PackageLoaderTest::testItListensGoodEvents.INFO: PASSED [] []
[2014-03-13 23:42:27] PackageLoaderTest::testTwitterBootstrapPackageCanBeFound.INFO: PASSED [] []
[2014-03-13 23:42:28] PackageLoaderTest::testJqueryPackageCannotBeFound.INFO: PASSED [] []
[2014-03-13 23:42:28] PackageLoaderTest::testLoadIsFunctional.ALERT: Failed asserting that two arrays are equal. [] []
[2014-03-13 23:42:28] PackageLoaderTest::testLoadIsFunctional.INFO: # FAILED # [] []
[2014-03-13 23:42:28] PackageLoaderTest::testLoadIsFunctional.INFO: PASSED [] []
[2014-03-13 23:42:28] PackageLoaderTest::testItLoadsDependenciesOnActivatedTheme.INFO: # Skipped # [] []
[2014-03-13 23:42:28] PackageLoaderTest::testItLoadsDependenciesOnActivatedTheme.INFO: PASSED [] []
[2014-03-13 23:43:24] AssetsLoaderTest::testItImplementsSubscriber.INFO: PASSED [] []
[2014-03-13 23:43:24] AssetsLoaderTest::testAddPackageAppendsPackages.INFO: PASSED [] []
[2014-03-13 23:43:24] AssetsLoaderTest::testAddStylesMergeAddedWithExistingArray.INFO: PASSED [] []
[2014-03-13 23:43:24] AssetsLoaderTest::testAddScriptsMergeAddedWithExistingArray.INFO: PASSED [] []
[2014-03-13 23:43:24] AssetsLoaderTest::testItListensGoodEvents.INFO: PASSED [] []
[2014-03-13 23:43:24] AssetsLoaderTest::testItAddsThemesFiles.INFO: PASSED [] []
[2014-03-13 23:43:24] AssetsLoaderTest::testItAddsTemplateVariablesOnSetupTemplate.INFO: PASSED [] []
[2014-03-13 23:43:24] ExtensionTest::testFunctional.INFO: PASSED [] []
[2014-03-13 23:43:24] PackageLoaderTest::testItListensGoodEvents.INFO: PASSED [] []
[2014-03-13 23:43:24] PackageLoaderTest::testTwitterBootstrapPackageCanBeFound.INFO: PASSED [] []
[2014-03-13 23:43:24] PackageLoaderTest::testJqueryPackageCannotBeFound.INFO: PASSED [] []
[2014-03-13 23:43:24] PackageLoaderTest::testLoadIsFunctional.INFO: PASSED [] []
[2014-03-13 23:43:24] PackageLoaderTest::testItLoadsDependenciesOnActivatedTheme.INFO: # Skipped # [] []
[2014-03-13 23:43:24] PackageLoaderTest::testItLoadsDependenciesOnActivatedTheme.INFO: PASSED [] []
[2014-03-13 23:43:28] AssetsLoaderTest::testItImplementsSubscriber.INFO: PASSED [] []
[2014-03-13 23:43:28] AssetsLoaderTest::testAddPackageAppendsPackages.INFO: PASSED [] []
[2014-03-13 23:43:28] AssetsLoaderTest::testAddStylesMergeAddedWithExistingArray.INFO: PASSED [] []
[2014-03-13 23:43:28] AssetsLoaderTest::testAddScriptsMergeAddedWithExistingArray.INFO: PASSED [] []
[2014-03-13 23:43:29] AssetsLoaderTest::testItListensGoodEvents.INFO: PASSED [] []
[2014-03-13 23:43:29] AssetsLoaderTest::testItAddsThemesFiles.INFO: PASSED [] []
[2014-03-13 23:43:29] AssetsLoaderTest::testItAddsTemplateVariablesOnSetupTemplate.INFO: PASSED [] []
[2014-03-13 23:43:29] ExtensionTest::testFunctional.INFO: PASSED [] []
[2014-03-13 23:43:29] PackageLoaderTest::testItListensGoodEvents.INFO: PASSED [] []
[2014-03-13 23:43:29] PackageLoaderTest::testTwitterBootstrapPackageCanBeFound.INFO: PASSED [] []
[2014-03-13 23:43:29] PackageLoaderTest::testJqueryPackageCannotBeFound.INFO: PASSED [] []
[2014-03-13 23:43:29] PackageLoaderTest::testLoadIsFunctional.INFO: PASSED [] []
[2014-03-13 23:43:29] PackageLoaderTest::testItLoadsDependenciesOnActivatedTheme.INFO: # Skipped # [] []
[2014-03-13 23:43:29] PackageLoaderTest::testItLoadsDependenciesOnActivatedTheme.INFO: PASSED [] []
[2014-03-13 23:44:09] AssetsLoaderTest::testItImplementsSubscriber.INFO: PASSED [] []
[2014-03-13 23:44:09] AssetsLoaderTest::testAddPackageAppendsPackages.INFO: PASSED [] []
[2014-03-13 23:44:09] AssetsLoaderTest::testAddStylesMergeAddedWithExistingArray.INFO: PASSED [] []
[2014-03-13 23:44:09] AssetsLoaderTest::testAddScriptsMergeAddedWithExistingArray.INFO: PASSED [] []
[2014-03-13 23:44:09] AssetsLoaderTest::testItListensGoodEvents.INFO: PASSED [] []
[2014-03-13 23:44:09] AssetsLoaderTest::testItAddsThemesFiles.INFO: PASSED [] []
[2014-03-13 23:44:09] AssetsLoaderTest::testItAddsTemplateVariablesOnSetupTemplate.INFO: PASSED [] []
[2014-03-13 23:44:09] ExtensionTest::testFunctional.INFO: PASSED [] []
[2014-03-13 23:44:09] PackageLoaderTest::testItListensGoodEvents.INFO: PASSED [] []
[2014-03-13 23:44:09] PackageLoaderTest::testTwitterBootstrapPackageCanBeFound.INFO: PASSED [] []
[2014-03-13 23:44:09] PackageLoaderTest::testJqueryPackageCannotBeFound.INFO: PASSED [] []
[2014-03-13 23:44:09] PackageLoaderTest::testLoadIsFunctional.INFO: PASSED [] []
[2014-03-13 23:44:09] PackageLoaderTest::testItLoadsDependenciesOnActivatedTheme.INFO: # Skipped # [] []
[2014-03-13 23:44:09] PackageLoaderTest::testItLoadsDependenciesOnActivatedTheme.INFO: PASSED [] []
[2014-03-13 23:44:29] AssetsLoaderTest::testItImplementsSubscriber.INFO: PASSED [] []
[2014-03-13 23:44:29] AssetsLoaderTest::testAddPackageAppendsPackages.INFO: PASSED [] []
[2014-03-13 23:44:29] AssetsLoaderTest::testAddStylesMergeAddedWithExistingArray.INFO: PASSED [] []
[2014-03-13 23:44:29] AssetsLoaderTest::testAddScriptsMergeAddedWithExistingArray.INFO: PASSED [] []
[2014-03-13 23:44:29] AssetsLoaderTest::testItListensGoodEvents.INFO: PASSED [] []
[2014-03-13 23:44:29] AssetsLoaderTest::testItAddsThemesFiles.INFO: PASSED [] []
[2014-03-13 23:44:29] AssetsLoaderTest::testItAddsTemplateVariablesOnSetupTemplate.INFO: PASSED [] []
[2014-03-13 23:44:29] ExtensionTest::testFunctional.INFO: PASSED [] []
[2014-03-13 23:44:29] PackageLoaderTest::testItListensGoodEvents.INFO: PASSED [] []
[2014-03-13 23:44:29] PackageLoaderTest::testTwitterBootstrapPackageCanBeFound.INFO: PASSED [] []
[2014-03-13 23:44:29] PackageLoaderTest::testJqueryPackageCannotBeFound.INFO: PASSED [] []
[2014-03-13 23:44:29] PackageLoaderTest::testLoadIsFunctional.INFO: PASSED [] []
[2014-03-13 23:44:29] PackageLoaderTest::testItLoadsDependenciesOnActivatedTheme.INFO: # Skipped # [] []
[2014-03-13 23:44:29] PackageLoaderTest::testItLoadsDependenciesOnActivatedTheme.INFO: PASSED [] []
[2014-03-13 23:50:09] AssetsLoaderTest::testItImplementsSubscriber.INFO: PASSED [] []
[2014-03-13 23:50:09] AssetsLoaderTest::testAddPackageAppendsPackages.INFO: PASSED [] []
[2014-03-13 23:50:09] AssetsLoaderTest::testAddStylesMergeAddedWithExistingArray.INFO: PASSED [] []
[2014-03-13 23:50:09] AssetsLoaderTest::testAddScriptsMergeAddedWithExistingArray.INFO: PASSED [] []
[2014-03-13 23:50:09] AssetsLoaderTest::testItListensGoodEvents.INFO: PASSED [] []
[2014-03-13 23:50:09] AssetsLoaderTest::testItAddsThemesFiles.INFO: PASSED [] []
[2014-03-13 23:50:09] AssetsLoaderTest::testItAddsTemplateVariablesOnSetupTemplate.INFO: PASSED [] []
[2014-03-13 23:50:09] ExtensionTest::testFunctional.INFO: PASSED [] []
[2014-03-13 23:50:09] PackageLoaderTest::testItListensGoodEvents.INFO: PASSED [] []
[2014-03-13 23:50:09] PackageLoaderTest::testTwitterBootstrapPackageCanBeFound.INFO: PASSED [] []
[2014-03-13 23:50:09] PackageLoaderTest::testJqueryPackageCannotBeFound.INFO: PASSED [] []
[2014-03-13 23:50:09] PackageLoaderTest::testLoadIsFunctional.INFO: PASSED [] []
[2014-03-13 23:50:09] PackageLoaderTest::testItLoadsDependenciesOnActivatedTheme.ALERT: Theme cannot be loaded. Package 'TwitterBootstrap' does not exist. [] []
[2014-03-13 23:50:09] PackageLoaderTest::testItLoadsDependenciesOnActivatedTheme.INFO: # ERROR # [] []
[2014-03-13 23:50:09] PackageLoaderTest::testItLoadsDependenciesOnActivatedTheme.INFO: PASSED [] []
[2014-03-13 23:50:30] AssetsLoaderTest::testItImplementsSubscriber.INFO: PASSED [] []
[2014-03-13 23:50:30] AssetsLoaderTest::testAddPackageAppendsPackages.INFO: PASSED [] []
[2014-03-13 23:50:30] AssetsLoaderTest::testAddStylesMergeAddedWithExistingArray.INFO: PASSED [] []
[2014-03-13 23:50:30] AssetsLoaderTest::testAddScriptsMergeAddedWithExistingArray.INFO: PASSED [] []
[2014-03-13 23:50:30] AssetsLoaderTest::testItListensGoodEvents.INFO: PASSED [] []
[2014-03-13 23:50:30] AssetsLoaderTest::testItAddsThemesFiles.INFO: PASSED [] []
[2014-03-13 23:50:30] AssetsLoaderTest::testItAddsTemplateVariablesOnSetupTemplate.INFO: PASSED [] []
[2014-03-13 23:50:30] ExtensionTest::testFunctional.INFO: PASSED [] []
[2014-03-13 23:50:30] PackageLoaderTest::testItListensGoodEvents.INFO: PASSED [] []
[2014-03-13 23:50:30] PackageLoaderTest::testTwitterBootstrapPackageCanBeFound.INFO: PASSED [] []
[2014-03-13 23:50:30] PackageLoaderTest::testJqueryPackageCannotBeFound.INFO: PASSED [] []
[2014-03-13 23:50:30] PackageLoaderTest::testLoadIsFunctional.INFO: PASSED [] []
[2014-03-13 23:50:30] PackageLoaderTest::testItLoadsDependenciesOnActivatedTheme.ALERT: Theme cannot be loaded. Package 'TwitterBootstrap' does not exist. [] []
[2014-03-13 23:50:30] PackageLoaderTest::testItLoadsDependenciesOnActivatedTheme.INFO: # ERROR # [] []
[2014-03-13 23:50:30] PackageLoaderTest::testItLoadsDependenciesOnActivatedTheme.INFO: PASSED [] []
[2014-03-13 23:51:37] AssetsLoaderTest::testItImplementsSubscriber.INFO: PASSED [] []
[2014-03-13 23:51:37] AssetsLoaderTest::testAddPackageAppendsPackages.INFO: PASSED [] []
[2014-03-13 23:51:37] AssetsLoaderTest::testAddStylesMergeAddedWithExistingArray.INFO: PASSED [] []
[2014-03-13 23:51:37] AssetsLoaderTest::testAddScriptsMergeAddedWithExistingArray.INFO: PASSED [] []
[2014-03-13 23:51:37] AssetsLoaderTest::testItListensGoodEvents.INFO: PASSED [] []
[2014-03-13 23:51:37] AssetsLoaderTest::testItAddsThemesFiles.INFO: PASSED [] []
[2014-03-13 23:51:37] AssetsLoaderTest::testItAddsTemplateVariablesOnSetupTemplate.INFO: PASSED [] []
[2014-03-13 23:51:37] ExtensionTest::testFunctional.INFO: PASSED [] []
[2014-03-13 23:51:37] PackageLoaderTest::testItListensGoodEvents.INFO: PASSED [] []
[2014-03-13 23:51:37] PackageLoaderTest::testTwitterBootstrapPackageCanBeFound.INFO: PASSED [] []
[2014-03-13 23:51:37] PackageLoaderTest::testJqueryPackageCannotBeFound.INFO: PASSED [] []
[2014-03-13 23:51:37] PackageLoaderTest::testLoadIsFunctional.INFO: PASSED [] []
[2014-03-13 23:51:37] PackageLoaderTest::testItLoadsDependenciesOnActivatedTheme.ALERT: Theme cannot be loaded. Package 'TwitterBootstrap' does not exist. [] []
[2014-03-13 23:51:37] PackageLoaderTest::testItLoadsDependenciesOnActivatedTheme.INFO: # ERROR # [] []
[2014-03-13 23:51:37] PackageLoaderTest::testItLoadsDependenciesOnActivatedTheme.INFO: PASSED [] []
[2014-03-13 23:51:54] AssetsLoaderTest::testItImplementsSubscriber.INFO: PASSED [] []
[2014-03-13 23:51:54] AssetsLoaderTest::testAddPackageAppendsPackages.INFO: PASSED [] []
[2014-03-13 23:51:54] AssetsLoaderTest::testAddStylesMergeAddedWithExistingArray.INFO: PASSED [] []
[2014-03-13 23:51:54] AssetsLoaderTest::testAddScriptsMergeAddedWithExistingArray.INFO: PASSED [] []
[2014-03-13 23:51:54] AssetsLoaderTest::testItListensGoodEvents.INFO: PASSED [] []
[2014-03-13 23:51:54] AssetsLoaderTest::testItAddsThemesFiles.INFO: PASSED [] []
[2014-03-13 23:51:54] AssetsLoaderTest::testItAddsTemplateVariablesOnSetupTemplate.INFO: PASSED [] []
[2014-03-13 23:51:54] ExtensionTest::testFunctional.INFO: PASSED [] []
[2014-03-13 23:51:54] PackageLoaderTest::testItListensGoodEvents.INFO: PASSED [] []
[2014-03-13 23:51:54] PackageLoaderTest::testTwitterBootstrapPackageCanBeFound.INFO: PASSED [] []
[2014-03-13 23:51:54] PackageLoaderTest::testJqueryPackageCannotBeFound.INFO: PASSED [] []
[2014-03-13 23:51:54] PackageLoaderTest::testLoadIsFunctional.INFO: PASSED [] []
[2014-03-13 23:51:54] PackageLoaderTest::testItLoadsDependenciesOnActivatedTheme.ALERT: Theme cannot be loaded. Package 'TwitterBootstrap' does not exist. [] []
[2014-03-13 23:51:54] PackageLoaderTest::testItLoadsDependenciesOnActivatedTheme.INFO: # ERROR # [] []
[2014-03-13 23:51:54] PackageLoaderTest::testItLoadsDependenciesOnActivatedTheme.INFO: PASSED [] []
[2014-03-13 23:53:44] AssetsLoaderTest::testItImplementsSubscriber.INFO: PASSED [] []
[2014-03-13 23:53:44] AssetsLoaderTest::testAddPackageAppendsPackages.INFO: PASSED [] []
[2014-03-13 23:53:44] AssetsLoaderTest::testAddStylesMergeAddedWithExistingArray.INFO: PASSED [] []
[2014-03-13 23:53:44] AssetsLoaderTest::testAddScriptsMergeAddedWithExistingArray.INFO: PASSED [] []
[2014-03-13 23:53:44] AssetsLoaderTest::testItListensGoodEvents.INFO: PASSED [] []
[2014-03-13 23:53:44] AssetsLoaderTest::testItAddsThemesFiles.INFO: PASSED [] []
[2014-03-13 23:53:44] AssetsLoaderTest::testItAddsTemplateVariablesOnSetupTemplate.INFO: PASSED [] []
[2014-03-13 23:53:44] ExtensionTest::testFunctional.INFO: PASSED [] []
[2014-03-13 23:53:44] PackageLoaderTest::testItListensGoodEvents.INFO: PASSED [] []
[2014-03-13 23:53:44] PackageLoaderTest::testTwitterBootstrapPackageCanBeFound.INFO: PASSED [] []
[2014-03-13 23:53:44] PackageLoaderTest::testJqueryPackageCannotBeFound.INFO: PASSED [] []
[2014-03-13 23:53:44] PackageLoaderTest::testLoadIsFunctional.INFO: PASSED [] []
[2014-03-13 23:53:44] PackageLoaderTest::testItLoadsDependenciesOnActivatedTheme.ALERT: Theme cannot be loaded. Package 'TwitterBootstrap' does not exist. [] []
[2014-03-13 23:53:44] PackageLoaderTest::testItLoadsDependenciesOnActivatedTheme.INFO: # ERROR # [] []
[2014-03-13 23:53:44] PackageLoaderTest::testItLoadsDependenciesOnActivatedTheme.INFO: PASSED [] []
[2014-03-13 23:54:06] AssetsLoaderTest::testItImplementsSubscriber.INFO: PASSED [] []
[2014-03-13 23:54:06] AssetsLoaderTest::testAddPackageAppendsPackages.INFO: PASSED [] []
[2014-03-13 23:54:06] AssetsLoaderTest::testAddStylesMergeAddedWithExistingArray.INFO: PASSED [] []
[2014-03-13 23:54:06] AssetsLoaderTest::testAddScriptsMergeAddedWithExistingArray.INFO: PASSED [] []
[2014-03-13 23:54:06] AssetsLoaderTest::testItListensGoodEvents.INFO: PASSED [] []
[2014-03-13 23:54:06] AssetsLoaderTest::testItAddsThemesFiles.INFO: PASSED [] []
[2014-03-13 23:54:06] AssetsLoaderTest::testItAddsTemplateVariablesOnSetupTemplate.INFO: PASSED [] []
[2014-03-13 23:54:06] ExtensionTest::testFunctional.INFO: PASSED [] []
[2014-03-13 23:54:06] PackageLoaderTest::testItListensGoodEvents.INFO: PASSED [] []
[2014-03-13 23:54:06] PackageLoaderTest::testTwitterBootstrapPackageCanBeFound.INFO: PASSED [] []
[2014-03-13 23:54:06] PackageLoaderTest::testJqueryPackageCannotBeFound.INFO: PASSED [] []
[2014-03-13 23:54:06] PackageLoaderTest::testLoadIsFunctional.INFO: PASSED [] []
[2014-03-13 23:54:06] PackageLoaderTest::testItLoadsDependenciesOnActivatedTheme.ALERT: Theme cannot be loaded. Package 'TwitterBootstrap' does not exist. [] []
[2014-03-13 23:54:06] PackageLoaderTest::testItLoadsDependenciesOnActivatedTheme.INFO: # ERROR # [] []
[2014-03-13 23:54:06] PackageLoaderTest::testItLoadsDependenciesOnActivatedTheme.INFO: PASSED [] []
[2014-03-13 23:54:36] AssetsLoaderTest::testItImplementsSubscriber.INFO: PASSED [] []
[2014-03-13 23:54:36] AssetsLoaderTest::testAddPackageAppendsPackages.INFO: PASSED [] []
[2014-03-13 23:54:36] AssetsLoaderTest::testAddStylesMergeAddedWithExistingArray.INFO: PASSED [] []
[2014-03-13 23:54:36] AssetsLoaderTest::testAddScriptsMergeAddedWithExistingArray.INFO: PASSED [] []
[2014-03-13 23:54:36] AssetsLoaderTest::testItListensGoodEvents.INFO: PASSED [] []
[2014-03-13 23:54:36] AssetsLoaderTest::testItAddsThemesFiles.INFO: PASSED [] []
[2014-03-13 23:54:36] AssetsLoaderTest::testItAddsTemplateVariablesOnSetupTemplate.INFO: PASSED [] []
[2014-03-13 23:54:36] ExtensionTest::testFunctional.INFO: PASSED [] []
[2014-03-13 23:54:36] PackageLoaderTest::testItListensGoodEvents.INFO: PASSED [] []
[2014-03-13 23:54:36] PackageLoaderTest::testTwitterBootstrapPackageCanBeFound.INFO: PASSED [] []
[2014-03-13 23:54:36] PackageLoaderTest::testJqueryPackageCannotBeFound.INFO: PASSED [] []
[2014-03-13 23:54:36] PackageLoaderTest::testLoadIsFunctional.ALERT: Failed asserting that two arrays are equal. [] []
[2014-03-13 23:54:36] PackageLoaderTest::testLoadIsFunctional.INFO: # FAILED # [] []
[2014-03-13 23:54:36] PackageLoaderTest::testLoadIsFunctional.INFO: PASSED [] []
[2014-03-13 23:54:36] PackageLoaderTest::testItLoadsDependenciesOnActivatedTheme.INFO: PASSED [] []
[2014-03-13 23:54:59] AssetsLoaderTest::testItImplementsSubscriber.INFO: PASSED [] []
[2014-03-13 23:54:59] AssetsLoaderTest::testAddPackageAppendsPackages.INFO: PASSED [] []
[2014-03-13 23:54:59] AssetsLoaderTest::testAddStylesMergeAddedWithExistingArray.INFO: PASSED [] []
[2014-03-13 23:54:59] AssetsLoaderTest::testAddScriptsMergeAddedWithExistingArray.INFO: PASSED [] []
[2014-03-13 23:54:59] AssetsLoaderTest::testItListensGoodEvents.INFO: PASSED [] []
[2014-03-13 23:54:59] AssetsLoaderTest::testItAddsThemesFiles.INFO: PASSED [] []
[2014-03-13 23:54:59] AssetsLoaderTest::testItAddsTemplateVariablesOnSetupTemplate.INFO: PASSED [] []
[2014-03-13 23:54:59] ExtensionTest::testFunctional.INFO: PASSED [] []
[2014-03-13 23:54:59] PackageLoaderTest::testItListensGoodEvents.INFO: PASSED [] []
[2014-03-13 23:54:59] PackageLoaderTest::testTwitterBootstrapPackageCanBeFound.INFO: PASSED [] []
[2014-03-13 23:54:59] PackageLoaderTest::testJqueryPackageCannotBeFound.ALERT: Failed asserting that exception of type "AnnotateCms\Packages\Exceptions\PackageNotFoundException" is thrown. [] []
[2014-03-13 23:54:59] PackageLoaderTest::testJqueryPackageCannotBeFound.INFO: # FAILED # [] []
[2014-03-13 23:54:59] PackageLoaderTest::testJqueryPackageCannotBeFound.INFO: PASSED [] []
[2014-03-13 23:54:59] PackageLoaderTest::testLoadIsFunctional.ALERT: Failed asserting that two arrays are equal. [] []
[2014-03-13 23:54:59] PackageLoaderTest::testLoadIsFunctional.INFO: # FAILED # [] []
[2014-03-13 23:54:59] PackageLoaderTest::testLoadIsFunctional.INFO: PASSED [] []
[2014-03-13 23:54:59] PackageLoaderTest::testItLoadsDependenciesOnActivatedTheme.INFO: PASSED [] []
[2014-03-13 23:55:24] AssetsLoaderTest::testItImplementsSubscriber.INFO: PASSED [] []
[2014-03-13 23:55:24] AssetsLoaderTest::testAddPackageAppendsPackages.INFO: PASSED [] []
[2014-03-13 23:55:24] AssetsLoaderTest::testAddStylesMergeAddedWithExistingArray.INFO: PASSED [] []
[2014-03-13 23:55:24] AssetsLoaderTest::testAddScriptsMergeAddedWithExistingArray.INFO: PASSED [] []
[2014-03-13 23:55:24] AssetsLoaderTest::testItListensGoodEvents.INFO: PASSED [] []
[2014-03-13 23:55:24] AssetsLoaderTest::testItAddsThemesFiles.INFO: PASSED [] []
[2014-03-13 23:55:24] AssetsLoaderTest::testItAddsTemplateVariablesOnSetupTemplate.INFO: PASSED [] []
[2014-03-13 23:55:24] ExtensionTest::testFunctional.INFO: PASSED [] []
[2014-03-13 23:55:24] PackageLoaderTest::testItListensGoodEvents.INFO: PASSED [] []
[2014-03-13 23:55:24] PackageLoaderTest::testTwitterBootstrapPackageCanBeFound.INFO: PASSED [] []
[2014-03-13 23:55:24] PackageLoaderTest::testTestPackageCannotBeFound.INFO: PASSED [] []
[2014-03-13 23:55:24] PackageLoaderTest::testLoadIsFunctional.ALERT: Failed asserting that two arrays are equal. [] []
[2014-03-13 23:55:24] PackageLoaderTest::testLoadIsFunctional.INFO: # FAILED # [] []
[2014-03-13 23:55:24] PackageLoaderTest::testLoadIsFunctional.INFO: PASSED [] []
[2014-03-13 23:55:24] PackageLoaderTest::testItLoadsDependenciesOnActivatedTheme.INFO: PASSED [] []
[2014-03-13 23:56:28] AssetsLoaderTest::testItImplementsSubscriber.INFO: PASSED [] []
[2014-03-13 23:56:28] AssetsLoaderTest::testAddPackageAppendsPackages.INFO: PASSED [] []
[2014-03-13 23:56:28] AssetsLoaderTest::testAddStylesMergeAddedWithExistingArray.INFO: PASSED [] []
[2014-03-13 23:56:28] AssetsLoaderTest::testAddScriptsMergeAddedWithExistingArray.INFO: PASSED [] []
[2014-03-13 23:56:28] AssetsLoaderTest::testItListensGoodEvents.INFO: PASSED [] []
[2014-03-13 23:56:28] AssetsLoaderTest::testItAddsThemesFiles.INFO: PASSED [] []
[2014-03-13 23:56:28] AssetsLoaderTest::testItAddsTemplateVariablesOnSetupTemplate.INFO: PASSED [] []
[2014-03-13 23:56:28] ExtensionTest::testFunctional.INFO: PASSED [] []
[2014-03-13 23:56:28] PackageLoaderTest::testItListensGoodEvents.INFO: PASSED [] []
[2014-03-13 23:56:28] PackageLoaderTest::testTwitterBootstrapPackageCanBeFound.INFO: PASSED [] []
[2014-03-13 23:56:28] PackageLoaderTest::testTestPackageCannotBeFound.INFO: PASSED [] []
[2014-03-13 23:56:28] PackageLoaderTest::testLoadIsFunctional.INFO: PASSED [] []
[2014-03-13 23:56:28] PackageLoaderTest::testItLoadsDependenciesOnActivatedTheme.INFO: PASSED [] []
[2014-03-13 23:57:30] AssetsLoaderTest::testItImplementsSubscriber.INFO: PASSED [] []
[2014-03-13 23:57:30] AssetsLoaderTest::testAddPackageAppendsPackages.INFO: PASSED [] []
[2014-03-13 23:57:30] AssetsLoaderTest::testAddStylesMergeAddedWithExistingArray.INFO: PASSED [] []
[2014-03-13 23:57:30] AssetsLoaderTest::testAddScriptsMergeAddedWithExistingArray.INFO: PASSED [] []
[2014-03-13 23:57:30] AssetsLoaderTest::testItListensGoodEvents.INFO: PASSED [] []
[2014-03-13 23:57:30] AssetsLoaderTest::testItAddsThemesFiles.INFO: PASSED [] []
[2014-03-13 23:57:30] AssetsLoaderTest::testItAddsTemplateVariablesOnSetupTemplate.INFO: PASSED [] []
[2014-03-13 23:57:30] ExtensionTest::testFunctional.INFO: PASSED [] []
[2014-03-13 23:57:30] PackageLoaderTest::testItListensGoodEvents.INFO: PASSED [] []
[2014-03-13 23:57:30] PackageLoaderTest::testTwitterBootstrapPackageCanBeFound.INFO: PASSED [] []
[2014-03-13 23:57:30] PackageLoaderTest::testTestPackageCannotBeFound.INFO: PASSED [] []
[2014-03-13 23:57:30] PackageLoaderTest::testLoadIsFunctional.INFO: PASSED [] []
[2014-03-13 23:57:30] PackageLoaderTest::testItLoadsDependenciesOnActivatedTheme.INFO: i am going to test theme is marked as checked  [] []
[2014-03-13 23:57:30] PackageLoaderTest::testItLoadsDependenciesOnActivatedTheme.INFO: PASSED [] []
[2014-03-13 23:58:02] AssetsLoaderTest::testItImplementsSubscriber.INFO: PASSED [] []
[2014-03-13 23:58:02] AssetsLoaderTest::testAddPackageAppendsPackages.INFO: PASSED [] []
[2014-03-13 23:58:02] AssetsLoaderTest::testAddStylesMergeAddedWithExistingArray.INFO: PASSED [] []
[2014-03-13 23:58:02] AssetsLoaderTest::testAddScriptsMergeAddedWithExistingArray.INFO: PASSED [] []
[2014-03-13 23:58:02] AssetsLoaderTest::testItListensGoodEvents.INFO: PASSED [] []
[2014-03-13 23:58:02] AssetsLoaderTest::testItAddsThemesFiles.INFO: PASSED [] []
[2014-03-13 23:58:02] AssetsLoaderTest::testItAddsTemplateVariablesOnSetupTemplate.INFO: PASSED [] []
[2014-03-13 23:58:02] ExtensionTest::testFunctional.INFO: PASSED [] []
[2014-03-13 23:58:02] PackageLoaderTest::testItListensGoodEvents.INFO: PASSED [] []
[2014-03-13 23:58:02] PackageLoaderTest::testTwitterBootstrapPackageCanBeFound.INFO: PASSED [] []
[2014-03-13 23:58:02] PackageLoaderTest::testTestPackageCannotBeFound.INFO: PASSED [] []
[2014-03-13 23:58:02] PackageLoaderTest::testLoadIsFunctional.INFO: PASSED [] []
[2014-03-13 23:58:02] PackageLoaderTest::testItLoadsDependenciesOnActivatedTheme.INFO: PASSED [] []
[2014-03-13 23:58:16] AssetsLoaderTest::testItImplementsSubscriber.INFO: PASSED [] []
[2014-03-13 23:58:16] AssetsLoaderTest::testAddPackageAppendsPackages.INFO: PASSED [] []
[2014-03-13 23:58:16] AssetsLoaderTest::testAddStylesMergeAddedWithExistingArray.INFO: PASSED [] []
[2014-03-13 23:58:16] AssetsLoaderTest::testAddScriptsMergeAddedWithExistingArray.INFO: PASSED [] []
[2014-03-13 23:58:16] AssetsLoaderTest::testItListensGoodEvents.INFO: PASSED [] []
[2014-03-13 23:58:16] AssetsLoaderTest::testItAddsThemesFiles.INFO: PASSED [] []
[2014-03-13 23:58:16] AssetsLoaderTest::testItAddsTemplateVariablesOnSetupTemplate.INFO: PASSED [] []
[2014-03-13 23:58:16] ExtensionTest::testFunctional.INFO: PASSED [] []
[2014-03-13 23:58:16] PackageLoaderTest::testItListensGoodEvents.INFO: PASSED [] []
[2014-03-13 23:58:16] PackageLoaderTest::testTwitterBootstrapPackageCanBeFound.INFO: PASSED [] []
[2014-03-13 23:58:16] PackageLoaderTest::testTestPackageCannotBeFound.INFO: PASSED [] []
[2014-03-13 23:58:16] PackageLoaderTest::testLoadIsFunctional.INFO: PASSED [] []
[2014-03-13 23:58:16] PackageLoaderTest::testItLoadsDependenciesOnActivatedTheme.INFO: PASSED [] []
